2022-04-25 19:00:03,134 - root - INFO - Logging enabled.
2022-04-25 19:00:03,165 - root - INFO - The script was executed from "tis.py", located in the     path-prefix "E:\tis" on the machine "MSEKIMW778P".
2022-04-25 19:00:03,352 - root - INFO - Exporting region A.
2022-04-25 19:00:03,352 - root - INFO - Removing exported data...
2022-04-25 19:00:03,352 - remove - INFO - Successfully removed pathname "E:\tis\regions\a\property\INDEX001.xml".
2022-04-25 19:00:03,352 - remove - INFO - Successfully removed pathname "E:\tis\regions\a\property\PROPERTY-LIST001.xml".
2022-04-25 19:00:03,352 - remove - INFO - Successfully removed pathname "E:\tis\regions\a\2g\GSM-CELL-LIST001.xml".
2022-04-25 19:00:03,352 - remove - INFO - Successfully removed pathname "E:\tis\regions\a\2g\INDEX001.xml".
2022-04-25 19:00:03,368 - remove - INFO - Successfully removed pathname "E:\tis\regions\a\2g\MU-NODE-LIST001.xml".
2022-04-25 19:00:03,368 - remove - INFO - Successfully removed pathname "E:\tis\regions\a\3g\INDEX001.xml".
2022-04-25 19:00:03,368 - remove - INFO - Successfully removed pathname "E:\tis\regions\a\3g\MU-NODE-LIST001.xml".
2022-04-25 19:00:03,368 - remove - INFO - Successfully removed pathname "E:\tis\regions\a\3g\NETWORK-LIST001.xml".
2022-04-25 19:00:03,368 - remove - INFO - Successfully removed pathname "E:\tis\regions\a\3g\UMTS-CELL-LIST001.xml".
2022-04-25 19:00:03,368 - remove - INFO - Successfully removed pathname "E:\tis\regions\a\4g\INDEX001.xml".
2022-04-25 19:00:03,368 - remove - INFO - Successfully removed pathname "E:\tis\regions\a\4g\LTE-CELL-LIST001.xml".
2022-04-25 19:00:03,383 - remove - INFO - Successfully removed pathname "E:\tis\regions\a\4g\MU-NODE-LIST001.xml".
2022-04-25 19:00:03,383 - remove - INFO - Successfully removed pathname "E:\tis\regions\a\repeater\INDEX001.xml".
2022-04-25 19:00:03,383 - remove - INFO - Successfully removed pathname "E:\tis\regions\a\repeater\REPEATER-LIST001.xml".
2022-04-25 19:00:03,383 - root - INFO - Exporting data...
2022-04-25 19:00:03,383 - dbcmd - INFO - Removing old dbcmd log files...
2022-04-25 19:00:03,383 - remove - INFO - Successfully removed pathname "E:\tis\regions\a_2022-04-24_19-00-04.log".
2022-04-25 19:00:03,383 - dbcmd - INFO - Executing dbcmd...
2022-04-25 19:04:08,780 - dbcmd - INFO - Checking log file "E:\tis\regions\a_2022-04-25_19-00-04.log"...
2022-04-25 19:04:08,811 - copy_file - INFO - Successfully copied pathname "E:\tis\regions\a_2022-04-25_19-00-04.log" to destination"E:\tis\logs\tis_20220425190003\a_2022-04-25_19-00-04.log".
2022-04-25 19:04:09,217 - root - INFO - Done.
2022-04-25 19:04:09,217 - root - INFO - Exporting region BFW.
2022-04-25 19:04:09,217 - root - INFO - Removing exported data...
2022-04-25 19:04:09,217 - remove - INFO - Successfully removed pathname "E:\tis\regions\bfw\property\INDEX001.xml".
2022-04-25 19:04:09,232 - remove - INFO - Successfully removed pathname "E:\tis\regions\bfw\property\PROPERTY-LIST001.xml".
2022-04-25 19:04:09,232 - remove - INFO - Successfully removed pathname "E:\tis\regions\bfw\2g\GSM-CELL-LIST001.xml".
2022-04-25 19:04:09,232 - remove - INFO - Successfully removed pathname "E:\tis\regions\bfw\2g\INDEX001.xml".
2022-04-25 19:04:09,232 - remove - INFO - Successfully removed pathname "E:\tis\regions\bfw\2g\MU-NODE-LIST001.xml".
2022-04-25 19:04:09,248 - remove - INFO - Successfully removed pathname "E:\tis\regions\bfw\3g\INDEX001.xml".
2022-04-25 19:04:09,248 - remove - INFO - Successfully removed pathname "E:\tis\regions\bfw\3g\MU-NODE-LIST001.xml".
2022-04-25 19:04:09,248 - remove - INFO - Successfully removed pathname "E:\tis\regions\bfw\3g\NETWORK-LIST001.xml".
2022-04-25 19:04:09,248 - remove - INFO - Successfully removed pathname "E:\tis\regions\bfw\3g\UMTS-CELL-LIST001.xml".
2022-04-25 19:04:09,248 - remove - INFO - Successfully removed pathname "E:\tis\regions\bfw\4g\INDEX001.xml".
2022-04-25 19:04:09,263 - remove - INFO - Successfully removed pathname "E:\tis\regions\bfw\4g\LTE-CELL-LIST001.xml".
2022-04-25 19:04:09,263 - remove - INFO - Successfully removed pathname "E:\tis\regions\bfw\4g\MU-NODE-LIST001.xml".
2022-04-25 19:04:09,263 - remove - INFO - Successfully removed pathname "E:\tis\regions\bfw\repeater\INDEX001.xml".
2022-04-25 19:04:09,263 - remove - INFO - Successfully removed pathname "E:\tis\regions\bfw\repeater\REPEATER-LIST001.xml".
2022-04-25 19:04:09,263 - root - INFO - Exporting data...
2022-04-25 19:04:09,263 - dbcmd - INFO - Removing old dbcmd log files...
2022-04-25 19:04:09,279 - remove - INFO - Successfully removed pathname "E:\tis\regions\bfw_2022-04-24_19-04-22.log".
2022-04-25 19:04:09,279 - dbcmd - INFO - Executing dbcmd...
2022-04-25 19:09:06,391 - dbcmd - INFO - Checking log file "E:\tis\regions\bfw_2022-04-25_19-04-09.log"...
2022-04-25 19:09:06,391 - copy_file - INFO - Successfully copied pathname "E:\tis\regions\bfw_2022-04-25_19-04-09.log" to destination"E:\tis\logs\tis_20220425190003\bfw_2022-04-25_19-04-09.log".
2022-04-25 19:09:06,703 - root - INFO - Done.
2022-04-25 19:09:06,703 - root - INFO - Exporting region C.
2022-04-25 19:09:06,703 - root - INFO - Removing exported data...
2022-04-25 19:09:06,703 - remove - INFO - Successfully removed pathname "E:\tis\regions\c\property\INDEX001.xml".
2022-04-25 19:09:06,703 - remove - INFO - Successfully removed pathname "E:\tis\regions\c\property\PROPERTY-LIST001.xml".
2022-04-25 19:09:06,703 - remove - INFO - Successfully removed pathname "E:\tis\regions\c\2g\GSM-CELL-LIST001.xml".
2022-04-25 19:09:06,703 - remove - INFO - Successfully removed pathname "E:\tis\regions\c\2g\INDEX001.xml".
2022-04-25 19:09:06,703 - remove - INFO - Successfully removed pathname "E:\tis\regions\c\2g\MU-NODE-LIST001.xml".
2022-04-25 19:09:06,703 - remove - INFO - Successfully removed pathname "E:\tis\regions\c\3g\INDEX001.xml".
2022-04-25 19:09:06,703 - remove - INFO - Successfully removed pathname "E:\tis\regions\c\3g\MU-NODE-LIST001.xml".
2022-04-25 19:09:06,703 - remove - INFO - Successfully removed pathname "E:\tis\regions\c\3g\NETWORK-LIST001.xml".
2022-04-25 19:09:06,703 - remove - INFO - Successfully removed pathname "E:\tis\regions\c\3g\UMTS-CELL-LIST001.xml".
2022-04-25 19:09:06,703 - remove - INFO - Successfully removed pathname "E:\tis\regions\c\4g\INDEX001.xml".
2022-04-25 19:09:06,703 - remove - INFO - Successfully removed pathname "E:\tis\regions\c\4g\LTE-CELL-LIST001.xml".
2022-04-25 19:09:06,703 - remove - INFO - Successfully removed pathname "E:\tis\regions\c\4g\MU-NODE-LIST001.xml".
2022-04-25 19:09:06,703 - remove - INFO - Successfully removed pathname "E:\tis\regions\c\repeater\INDEX001.xml".
2022-04-25 19:09:06,703 - remove - INFO - Successfully removed pathname "E:\tis\regions\c\repeater\REPEATER-LIST001.xml".
2022-04-25 19:09:06,703 - root - INFO - Exporting data...
2022-04-25 19:09:06,719 - dbcmd - INFO - Removing old dbcmd log files...
2022-04-25 19:09:06,719 - remove - INFO - Successfully removed pathname "E:\tis\regions\c_2022-04-24_19-09-38.log".
2022-04-25 19:09:06,719 - dbcmd - INFO - Executing dbcmd...
2022-04-25 19:12:15,330 - dbcmd - INFO - Checking log file "E:\tis\regions\c_2022-04-25_19-09-07.log"...
2022-04-25 19:12:15,330 - copy_file - INFO - Successfully copied pathname "E:\tis\regions\c_2022-04-25_19-09-07.log" to destination"E:\tis\logs\tis_20220425190003\c_2022-04-25_19-09-07.log".
2022-04-25 19:12:15,424 - root - INFO - Done.
2022-04-25 19:12:15,424 - root - INFO - Exporting region G.
2022-04-25 19:12:15,424 - root - INFO - Removing exported data...
2022-04-25 19:12:15,424 - remove - INFO - Successfully removed pathname "E:\tis\regions\g\property\INDEX001.xml".
2022-04-25 19:12:15,424 - remove - INFO - Successfully removed pathname "E:\tis\regions\g\property\PROPERTY-LIST001.xml".
2022-04-25 19:12:15,424 - remove - INFO - Successfully removed pathname "E:\tis\regions\g\2g\GSM-CELL-LIST001.xml".
2022-04-25 19:12:15,424 - remove - INFO - Successfully removed pathname "E:\tis\regions\g\2g\INDEX001.xml".
2022-04-25 19:12:15,424 - remove - INFO - Successfully removed pathname "E:\tis\regions\g\2g\MU-NODE-LIST001.xml".
2022-04-25 19:12:15,424 - remove - INFO - Successfully removed pathname "E:\tis\regions\g\3g\INDEX001.xml".
2022-04-25 19:12:15,424 - remove - INFO - Successfully removed pathname "E:\tis\regions\g\3g\MU-NODE-LIST001.xml".
2022-04-25 19:12:15,424 - remove - INFO - Successfully removed pathname "E:\tis\regions\g\3g\NETWORK-LIST001.xml".
2022-04-25 19:12:15,424 - remove - INFO - Successfully removed pathname "E:\tis\regions\g\3g\UMTS-CELL-LIST001.xml".
2022-04-25 19:12:15,424 - remove - INFO - Successfully removed pathname "E:\tis\regions\g\4g\INDEX001.xml".
2022-04-25 19:12:15,440 - remove - INFO - Successfully removed pathname "E:\tis\regions\g\4g\LTE-CELL-LIST001.xml".
2022-04-25 19:12:15,440 - remove - INFO - Successfully removed pathname "E:\tis\regions\g\4g\MU-NODE-LIST001.xml".
2022-04-25 19:12:15,440 - remove - INFO - Successfully removed pathname "E:\tis\regions\g\repeater\INDEX001.xml".
2022-04-25 19:12:15,440 - remove - INFO - Successfully removed pathname "E:\tis\regions\g\repeater\REPEATER-LIST001.xml".
2022-04-25 19:12:15,440 - root - INFO - Exporting data...
2022-04-25 19:12:15,440 - dbcmd - INFO - Removing old dbcmd log files...
2022-04-25 19:12:15,440 - remove - INFO - Successfully removed pathname "E:\tis\regions\g_2022-04-24_19-13-10.log".
2022-04-25 19:12:15,440 - dbcmd - INFO - Executing dbcmd...
2022-04-25 19:15:24,051 - dbcmd - INFO - Checking log file "E:\tis\regions\g_2022-04-25_19-12-15.log"...
2022-04-25 19:15:24,066 - copy_file - INFO - Successfully copied pathname "E:\tis\regions\g_2022-04-25_19-12-15.log" to destination"E:\tis\logs\tis_20220425190003\g_2022-04-25_19-12-15.log".
2022-04-25 19:15:24,222 - root - INFO - Done.
2022-04-25 19:15:24,222 - root - INFO - Exporting region H.
2022-04-25 19:15:24,222 - root - INFO - Removing exported data...
2022-04-25 19:15:24,222 - remove - INFO - Successfully removed pathname "E:\tis\regions\h\property\INDEX001.xml".
2022-04-25 19:15:24,222 - remove - INFO - Successfully removed pathname "E:\tis\regions\h\property\PROPERTY-LIST001.xml".
2022-04-25 19:15:24,222 - remove - INFO - Successfully removed pathname "E:\tis\regions\h\2g\GSM-CELL-LIST001.xml".
2022-04-25 19:15:24,222 - remove - INFO - Successfully removed pathname "E:\tis\regions\h\2g\INDEX001.xml".
2022-04-25 19:15:24,222 - remove - INFO - Successfully removed pathname "E:\tis\regions\h\2g\MU-NODE-LIST001.xml".
2022-04-25 19:15:24,238 - remove - INFO - Successfully removed pathname "E:\tis\regions\h\3g\INDEX001.xml".
2022-04-25 19:15:24,238 - remove - INFO - Successfully removed pathname "E:\tis\regions\h\3g\MU-NODE-LIST001.xml".
2022-04-25 19:15:24,238 - remove - INFO - Successfully removed pathname "E:\tis\regions\h\3g\NETWORK-LIST001.xml".
2022-04-25 19:15:24,238 - remove - INFO - Successfully removed pathname "E:\tis\regions\h\3g\UMTS-CELL-LIST001.xml".
2022-04-25 19:15:24,238 - remove - INFO - Successfully removed pathname "E:\tis\regions\h\4g\INDEX001.xml".
2022-04-25 19:15:24,238 - remove - INFO - Successfully removed pathname "E:\tis\regions\h\4g\LTE-CELL-LIST001.xml".
2022-04-25 19:15:24,238 - remove - INFO - Successfully removed pathname "E:\tis\regions\h\4g\MU-NODE-LIST001.xml".
2022-04-25 19:15:24,238 - remove - INFO - Successfully removed pathname "E:\tis\regions\h\repeater\INDEX001.xml".
2022-04-25 19:15:24,238 - remove - INFO - Successfully removed pathname "E:\tis\regions\h\repeater\REPEATER-LIST001.xml".
2022-04-25 19:15:24,238 - root - INFO - Exporting data...
2022-04-25 19:15:24,254 - dbcmd - INFO - Removing old dbcmd log files...
2022-04-25 19:15:24,254 - remove - INFO - Successfully removed pathname "E:\tis\regions\h_2022-04-24_19-15-56.log".
2022-04-25 19:15:24,254 - dbcmd - INFO - Executing dbcmd...
2022-04-25 19:18:16,640 - dbcmd - INFO - Checking log file "E:\tis\regions\h_2022-04-25_19-15-24.log"...
2022-04-25 19:18:16,656 - copy_file - INFO - Successfully copied pathname "E:\tis\regions\h_2022-04-25_19-15-24.log" to destination"E:\tis\logs\tis_20220425190003\h_2022-04-25_19-15-24.log".
2022-04-25 19:18:16,796 - root - INFO - Done.
2022-04-25 19:18:16,796 - root - INFO - Exporting region L.
2022-04-25 19:18:16,796 - root - INFO - Removing exported data...
2022-04-25 19:18:16,796 - remove - INFO - Successfully removed pathname "E:\tis\regions\l\property\INDEX001.xml".
2022-04-25 19:18:16,796 - remove - INFO - Successfully removed pathname "E:\tis\regions\l\property\PROPERTY-LIST001.xml".
2022-04-25 19:18:16,796 - remove - INFO - Successfully removed pathname "E:\tis\regions\l\2g\GSM-CELL-LIST001.xml".
2022-04-25 19:18:16,796 - remove - INFO - Successfully removed pathname "E:\tis\regions\l\2g\INDEX001.xml".
2022-04-25 19:18:16,796 - remove - INFO - Successfully removed pathname "E:\tis\regions\l\2g\MU-NODE-LIST001.xml".
2022-04-25 19:18:16,812 - remove - INFO - Successfully removed pathname "E:\tis\regions\l\3g\INDEX001.xml".
2022-04-25 19:18:16,812 - remove - INFO - Successfully removed pathname "E:\tis\regions\l\3g\MU-NODE-LIST001.xml".
2022-04-25 19:18:16,812 - remove - INFO - Successfully removed pathname "E:\tis\regions\l\3g\NETWORK-LIST001.xml".
2022-04-25 19:18:16,812 - remove - INFO - Successfully removed pathname "E:\tis\regions\l\3g\UMTS-CELL-LIST001.xml".
2022-04-25 19:18:16,812 - remove - INFO - Successfully removed pathname "E:\tis\regions\l\4g\INDEX001.xml".
2022-04-25 19:18:16,812 - remove - INFO - Successfully removed pathname "E:\tis\regions\l\4g\LTE-CELL-LIST001.xml".
2022-04-25 19:18:16,812 - remove - INFO - Successfully removed pathname "E:\tis\regions\l\4g\MU-NODE-LIST001.xml".
2022-04-25 19:18:16,812 - remove - INFO - Successfully removed pathname "E:\tis\regions\l\repeater\INDEX001.xml".
2022-04-25 19:18:16,812 - remove - INFO - Successfully removed pathname "E:\tis\regions\l\repeater\REPEATER-LIST001.xml".
2022-04-25 19:18:16,812 - root - INFO - Exporting data...
2022-04-25 19:18:16,827 - dbcmd - INFO - Removing old dbcmd log files...
2022-04-25 19:18:16,827 - remove - INFO - Successfully removed pathname "E:\tis\regions\l_2022-04-24_19-18-32.log".
2022-04-25 19:18:16,827 - dbcmd - INFO - Executing dbcmd...
2022-04-25 19:21:32,539 - dbcmd - INFO - Checking log file "E:\tis\regions\l_2022-04-25_19-18-17.log"...
2022-04-25 19:21:32,555 - copy_file - INFO - Successfully copied pathname "E:\tis\regions\l_2022-04-25_19-18-17.log" to destination"E:\tis\logs\tis_20220425190003\l_2022-04-25_19-18-17.log".
2022-04-25 19:21:32,726 - root - INFO - Done.
2022-04-25 19:21:32,726 - root - INFO - Exporting region NR.
2022-04-25 19:21:32,726 - root - INFO - Removing exported data...
2022-04-25 19:21:32,726 - remove - INFO - Successfully removed pathname "E:\tis\regions\nr\property\INDEX001.xml".
2022-04-25 19:21:32,726 - remove - INFO - Successfully removed pathname "E:\tis\regions\nr\property\PROPERTY-LIST001.xml".
2022-04-25 19:21:32,726 - remove - INFO - Successfully removed pathname "E:\tis\regions\nr\2g\GSM-CELL-LIST001.xml".
2022-04-25 19:21:32,726 - remove - INFO - Successfully removed pathname "E:\tis\regions\nr\2g\INDEX001.xml".
2022-04-25 19:21:32,726 - remove - INFO - Successfully removed pathname "E:\tis\regions\nr\2g\MU-NODE-LIST001.xml".
2022-04-25 19:21:32,726 - remove - INFO - Successfully removed pathname "E:\tis\regions\nr\3g\INDEX001.xml".
2022-04-25 19:21:32,726 - remove - INFO - Successfully removed pathname "E:\tis\regions\nr\3g\MU-NODE-LIST001.xml".
2022-04-25 19:21:32,726 - remove - INFO - Successfully removed pathname "E:\tis\regions\nr\3g\NETWORK-LIST001.xml".
2022-04-25 19:21:32,742 - remove - INFO - Successfully removed pathname "E:\tis\regions\nr\3g\UMTS-CELL-LIST001.xml".
2022-04-25 19:21:32,742 - remove - INFO - Successfully removed pathname "E:\tis\regions\nr\4g\INDEX001.xml".
2022-04-25 19:21:32,742 - remove - INFO - Successfully removed pathname "E:\tis\regions\nr\4g\LTE-CELL-LIST001.xml".
2022-04-25 19:21:32,742 - remove - INFO - Successfully removed pathname "E:\tis\regions\nr\4g\MU-NODE-LIST001.xml".
2022-04-25 19:21:32,742 - remove - INFO - Successfully removed pathname "E:\tis\regions\nr\repeater\INDEX001.xml".
2022-04-25 19:21:32,742 - remove - INFO - Successfully removed pathname "E:\tis\regions\nr\repeater\REPEATER-LIST001.xml".
2022-04-25 19:21:32,742 - root - INFO - Exporting data...
2022-04-25 19:21:32,742 - dbcmd - INFO - Removing old dbcmd log files...
2022-04-25 19:21:32,758 - remove - INFO - Successfully removed pathname "E:\tis\regions\nr_2022-04-24_19-22-02.log".
2022-04-25 19:21:32,758 - dbcmd - INFO - Executing dbcmd...
2022-04-25 19:24:17,034 - dbcmd - INFO - Checking log file "E:\tis\regions\nr_2022-04-25_19-21-32.log"...
2022-04-25 19:24:17,049 - copy_file - INFO - Successfully copied pathname "E:\tis\regions\nr_2022-04-25_19-21-32.log" to destination"E:\tis\logs\tis_20220425190003\nr_2022-04-25_19-21-32.log".
2022-04-25 19:24:17,190 - root - INFO - Done.
2022-04-25 19:24:17,190 - root - INFO - Exporting region O.
2022-04-25 19:24:17,190 - root - INFO - Removing exported data...
2022-04-25 19:24:17,190 - remove - INFO - Successfully removed pathname "E:\tis\regions\o\property\INDEX001.xml".
2022-04-25 19:24:17,205 - remove - INFO - Successfully removed pathname "E:\tis\regions\o\property\PROPERTY-LIST001.xml".
2022-04-25 19:24:17,205 - remove - INFO - Successfully removed pathname "E:\tis\regions\o\2g\GSM-CELL-LIST001.xml".
2022-04-25 19:24:17,205 - remove - INFO - Successfully removed pathname "E:\tis\regions\o\2g\INDEX001.xml".
2022-04-25 19:24:17,205 - remove - INFO - Successfully removed pathname "E:\tis\regions\o\2g\MU-NODE-LIST001.xml".
2022-04-25 19:24:17,205 - remove - INFO - Successfully removed pathname "E:\tis\regions\o\3g\INDEX001.xml".
2022-04-25 19:24:17,205 - remove - INFO - Successfully removed pathname "E:\tis\regions\o\3g\MU-NODE-LIST001.xml".
2022-04-25 19:24:17,205 - remove - INFO - Successfully removed pathname "E:\tis\regions\o\3g\NETWORK-LIST001.xml".
2022-04-25 19:24:17,205 - remove - INFO - Successfully removed pathname "E:\tis\regions\o\3g\UMTS-CELL-LIST001.xml".
2022-04-25 19:24:17,205 - remove - INFO - Successfully removed pathname "E:\tis\regions\o\4g\INDEX001.xml".
2022-04-25 19:24:17,221 - remove - INFO - Successfully removed pathname "E:\tis\regions\o\4g\LTE-CELL-LIST001.xml".
2022-04-25 19:24:17,221 - remove - INFO - Successfully removed pathname "E:\tis\regions\o\4g\MU-NODE-LIST001.xml".
2022-04-25 19:24:17,221 - remove - INFO - Successfully removed pathname "E:\tis\regions\o\repeater\INDEX001.xml".
2022-04-25 19:24:17,221 - remove - INFO - Successfully removed pathname "E:\tis\regions\o\repeater\REPEATER-LIST001.xml".
2022-04-25 19:24:17,221 - root - INFO - Exporting data...
2022-04-25 19:24:17,221 - dbcmd - INFO - Removing old dbcmd log files...
2022-04-25 19:24:17,221 - remove - INFO - Successfully removed pathname "E:\tis\regions\o_2022-04-24_19-24-51.log".
2022-04-25 19:24:17,221 - dbcmd - INFO - Executing dbcmd...
2022-04-25 19:27:28,876 - dbcmd - INFO - Checking log file "E:\tis\regions\o_2022-04-25_19-24-17.log"...
2022-04-25 19:27:28,891 - copy_file - INFO - Successfully copied pathname "E:\tis\regions\o_2022-04-25_19-24-17.log" to destination"E:\tis\logs\tis_20220425190003\o_2022-04-25_19-24-17.log".
2022-04-25 19:27:29,078 - root - INFO - Done.
2022-04-25 19:27:29,078 - root - INFO - Importing data to reference...
2022-04-25 19:27:29,094 - dbcmd - INFO - Removing old dbcmd log files...
2022-04-25 19:27:29,094 - remove - INFO - Successfully removed pathname "E:\tis\regions\reference_2022-04-24_19-27-30.log".
2022-04-25 19:27:29,094 - dbcmd - INFO - Executing dbcmd...
2022-04-25 21:51:54,204 - dbcmd - INFO - Checking log file "E:\tis\regions\reference_2022-04-25_19-27-29.log"...
2022-04-25 21:51:54,297 - copy_file - INFO - Successfully copied pathname "E:\tis\regions\reference_2022-04-25_19-27-29.log" to destination"E:\tis\logs\tis_20220425190003\reference_2022-04-25_19-27-29.log".
2022-04-25 21:51:54,297 - root - INFO - Done.
2022-04-25 21:51:54,297 - root - INFO - Removing reference exported data...
2022-04-25 21:51:54,297 - remove - INFO - Successfully removed pathname "E:\tis\reference\a\GSM-CELL-LIST001.xml".
2022-04-25 21:51:54,297 - remove - INFO - Successfully removed pathname "E:\tis\reference\a\INDEX001.xml".
2022-04-25 21:51:54,313 - remove - INFO - Successfully removed pathname "E:\tis\reference\a\UMTS-CELL-LIST001.xml".
2022-04-25 21:51:54,313 - remove - INFO - Successfully removed pathname "E:\tis\reference\b\GSM-CELL-LIST001.xml".
2022-04-25 21:51:54,313 - remove - INFO - Successfully removed pathname "E:\tis\reference\b\INDEX001.xml".
2022-04-25 21:51:54,328 - remove - INFO - Successfully removed pathname "E:\tis\reference\b\UMTS-CELL-LIST001.xml".
2022-04-25 21:51:54,328 - remove - INFO - Successfully removed pathname "E:\tis\reference\c\GSM-CELL-LIST001.xml".
2022-04-25 21:51:54,328 - remove - INFO - Successfully removed pathname "E:\tis\reference\c\INDEX001.xml".
2022-04-25 21:51:54,344 - remove - INFO - Successfully removed pathname "E:\tis\reference\c\UMTS-CELL-LIST001.xml".
2022-04-25 21:51:54,344 - remove - INFO - Successfully removed pathname "E:\tis\reference\f\GSM-CELL-LIST001.xml".
2022-04-25 21:51:54,344 - remove - INFO - Successfully removed pathname "E:\tis\reference\f\INDEX001.xml".
2022-04-25 21:51:54,360 - remove - INFO - Successfully removed pathname "E:\tis\reference\f\UMTS-CELL-LIST001.xml".
2022-04-25 21:51:54,360 - remove - INFO - Successfully removed pathname "E:\tis\reference\g\GSM-CELL-LIST001.xml".
2022-04-25 21:51:54,360 - remove - INFO - Successfully removed pathname "E:\tis\reference\g\INDEX001.xml".
2022-04-25 21:51:54,375 - remove - INFO - Successfully removed pathname "E:\tis\reference\g\UMTS-CELL-LIST001.xml".
2022-04-25 21:51:54,375 - remove - INFO - Successfully removed pathname "E:\tis\reference\h\GSM-CELL-LIST001.xml".
2022-04-25 21:51:54,375 - remove - INFO - Successfully removed pathname "E:\tis\reference\h\INDEX001.xml".
2022-04-25 21:51:54,391 - remove - INFO - Successfully removed pathname "E:\tis\reference\h\UMTS-CELL-LIST001.xml".
2022-04-25 21:51:54,391 - remove - INFO - Successfully removed pathname "E:\tis\reference\l\GSM-CELL-LIST001.xml".
2022-04-25 21:51:54,391 - remove - INFO - Successfully removed pathname "E:\tis\reference\l\INDEX001.xml".
2022-04-25 21:51:54,406 - remove - INFO - Successfully removed pathname "E:\tis\reference\l\UMTS-CELL-LIST001.xml".
2022-04-25 21:51:54,406 - remove - INFO - Successfully removed pathname "E:\tis\reference\m\GSM-CELL-LIST001.xml".
2022-04-25 21:51:54,406 - remove - INFO - Successfully removed pathname "E:\tis\reference\m\INDEX001.xml".
2022-04-25 21:51:54,406 - remove - INFO - Successfully removed pathname "E:\tis\reference\m\UMTS-CELL-LIST001.xml".
2022-04-25 21:51:54,406 - remove - INFO - Successfully removed pathname "E:\tis\reference\n\GSM-CELL-LIST001.xml".
2022-04-25 21:51:54,406 - remove - INFO - Successfully removed pathname "E:\tis\reference\n\INDEX001.xml".
2022-04-25 21:51:54,406 - remove - INFO - Successfully removed pathname "E:\tis\reference\n\UMTS-CELL-LIST001.xml".
2022-04-25 21:51:54,422 - remove - INFO - Successfully removed pathname "E:\tis\reference\o\GSM-CELL-LIST001.xml".
2022-04-25 21:51:54,422 - remove - INFO - Successfully removed pathname "E:\tis\reference\o\INDEX001.xml".
2022-04-25 21:51:54,422 - remove - INFO - Successfully removed pathname "E:\tis\reference\o\UMTS-CELL-LIST001.xml".
2022-04-25 21:51:54,438 - remove - INFO - Successfully removed pathname "E:\tis\reference\r\GSM-CELL-LIST001.xml".
2022-04-25 21:51:54,438 - remove - INFO - Successfully removed pathname "E:\tis\reference\r\INDEX001.xml".
2022-04-25 21:51:54,438 - remove - INFO - Successfully removed pathname "E:\tis\reference\r\UMTS-CELL-LIST001.xml".
2022-04-25 21:51:54,438 - remove - INFO - Successfully removed pathname "E:\tis\reference\w\GSM-CELL-LIST001.xml".
2022-04-25 21:51:54,438 - remove - INFO - Successfully removed pathname "E:\tis\reference\w\INDEX001.xml".
2022-04-25 21:51:54,438 - remove - INFO - Successfully removed pathname "E:\tis\reference\w\UMTS-CELL-LIST001.xml".
2022-04-25 21:51:54,562 - remove - INFO - Successfully removed pathname "E:\tis\reference\all\ANTENNA-LIST001.xml".
2022-04-25 21:51:54,562 - remove - INFO - Successfully removed pathname "E:\tis\reference\all\CAR-LAYER-LIST001.xml".
2022-04-25 21:51:54,562 - remove - INFO - Successfully removed pathname "E:\tis\reference\all\INDEX001.xml".
2022-04-25 21:51:54,640 - remove - INFO - Successfully removed pathname "E:\tis\reference\all\LTE-CELL-LIST001.xml".
2022-04-25 21:51:54,640 - remove - INFO - Successfully removed pathname "E:\tis\reference\all\NETWORK-LIST001.xml".
2022-04-25 21:51:54,796 - remove - INFO - Successfully removed pathname "E:\tis\reference\all\PROPERTY-LIST001.xml".
2022-04-25 21:51:54,796 - remove - INFO - Successfully removed pathname "E:\tis\reference\all\REPEATER-LIST001.xml".
2022-04-25 21:51:54,796 - remove - INFO - Successfully removed pathname "E:\tis\reference\all\SUPPLIER-LIST001.xml".
2022-04-25 21:51:54,796 - remove - INFO - Successfully removed pathname "E:\tis\reference\nodes\2g\INDEX001.xml".
2022-04-25 21:51:54,812 - remove - INFO - Successfully removed pathname "E:\tis\reference\nodes\2g\MU-NODE-LIST001.xml".
2022-04-25 21:51:54,812 - remove - INFO - Successfully removed pathname "E:\tis\reference\nodes\3g\INDEX001.xml".
2022-04-25 21:51:54,812 - remove - INFO - Successfully removed pathname "E:\tis\reference\nodes\3g\MU-NODE-LIST001.xml".
2022-04-25 21:51:54,812 - remove - INFO - Successfully removed pathname "E:\tis\reference\nodes\4g\INDEX001.xml".
2022-04-25 21:51:54,828 - remove - INFO - Successfully removed pathname "E:\tis\reference\nodes\4g\MU-NODE-LIST001.xml".
2022-04-25 21:51:54,828 - root - INFO - Exporting reference data...
2022-04-25 21:51:54,828 - dbcmd - INFO - Removing old dbcmd log files...
2022-04-25 21:51:54,828 - remove - INFO - Successfully removed pathname "E:\tis\reference\export_2022-04-24_22-18-30.log".
2022-04-25 21:51:54,828 - dbcmd - INFO - Executing dbcmd...
2022-04-25 22:09:56,809 - dbcmd - INFO - Checking log file "E:\tis\reference\export_2022-04-25_21-51-55.log"...
2022-04-25 22:09:56,840 - copy_file - INFO - Successfully copied pathname "E:\tis\reference\export_2022-04-25_21-51-55.log" to destination"E:\tis\logs\tis_20220425190003\export_2022-04-25_21-51-55.log".
2022-04-25 22:09:56,840 - root - INFO - Done.
2022-04-25 22:09:56,840 - root - INFO - Removing processed files...
2022-04-25 22:09:56,949 - remove - INFO - Successfully removed pathname "E:\tis\output\ANTENNA-LIST001.xml".
2022-04-25 22:09:56,949 - remove - INFO - Successfully removed pathname "E:\tis\output\CAR-LAYER-LIST001.xml".
2022-04-25 22:09:56,949 - remove - INFO - Successfully removed pathname "E:\tis\output\GSM-CELL-A-LIST001.xml".
2022-04-25 22:09:56,949 - remove - INFO - Successfully removed pathname "E:\tis\output\GSM-CELL-B-LIST001.xml".
2022-04-25 22:09:56,965 - remove - INFO - Successfully removed pathname "E:\tis\output\GSM-CELL-C-LIST001.xml".
2022-04-25 22:09:56,965 - remove - INFO - Successfully removed pathname "E:\tis\output\GSM-CELL-F-LIST001.xml".
2022-04-25 22:09:56,965 - remove - INFO - Successfully removed pathname "E:\tis\output\GSM-CELL-G-LIST001.xml".
2022-04-25 22:09:56,980 - remove - INFO - Successfully removed pathname "E:\tis\output\GSM-CELL-H-LIST001.xml".
2022-04-25 22:09:56,980 - remove - INFO - Successfully removed pathname "E:\tis\output\GSM-CELL-L-LIST001.xml".
2022-04-25 22:09:56,980 - remove - INFO - Successfully removed pathname "E:\tis\output\GSM-CELL-M-LIST001.xml".
2022-04-25 22:09:56,980 - remove - INFO - Successfully removed pathname "E:\tis\output\GSM-CELL-N-LIST001.xml".
2022-04-25 22:09:56,980 - remove - INFO - Successfully removed pathname "E:\tis\output\GSM-CELL-O-LIST001.xml".
2022-04-25 22:09:56,996 - remove - INFO - Successfully removed pathname "E:\tis\output\GSM-CELL-R-LIST001.xml".
2022-04-25 22:09:56,996 - remove - INFO - Successfully removed pathname "E:\tis\output\GSM-CELL-W-LIST001.xml".
2022-04-25 22:09:57,074 - remove - INFO - Successfully removed pathname "E:\tis\output\LTE-CELL-LIST001.xml".
2022-04-25 22:09:57,074 - remove - INFO - Successfully removed pathname "E:\tis\output\MU-NODE-2G-LIST001.xml".
2022-04-25 22:09:57,074 - remove - INFO - Successfully removed pathname "E:\tis\output\MU-NODE-3G-LIST001.xml".
2022-04-25 22:09:57,089 - remove - INFO - Successfully removed pathname "E:\tis\output\MU-NODE-4G-LIST001.xml".
2022-04-25 22:09:57,089 - remove - INFO - Successfully removed pathname "E:\tis\output\NETWORK-LIST001.xml".
2022-04-25 22:09:57,230 - remove - INFO - Successfully removed pathname "E:\tis\output\PROPERTY-LIST001.xml".
2022-04-25 22:09:57,230 - remove - INFO - Successfully removed pathname "E:\tis\output\REPEATER-LIST001.xml".
2022-04-25 22:09:57,230 - remove - INFO - Successfully removed pathname "E:\tis\output\SUPPLIER-LIST001.xml".
2022-04-25 22:09:57,245 - remove - INFO - Successfully removed pathname "E:\tis\output\UMTS-CELL-A-LIST001.xml".
2022-04-25 22:09:57,245 - remove - INFO - Successfully removed pathname "E:\tis\output\UMTS-CELL-B-LIST001.xml".
2022-04-25 22:09:57,261 - remove - INFO - Successfully removed pathname "E:\tis\output\UMTS-CELL-C-LIST001.xml".
2022-04-25 22:09:57,261 - remove - INFO - Successfully removed pathname "E:\tis\output\UMTS-CELL-F-LIST001.xml".
2022-04-25 22:09:57,277 - remove - INFO - Successfully removed pathname "E:\tis\output\UMTS-CELL-G-LIST001.xml".
2022-04-25 22:09:57,277 - remove - INFO - Successfully removed pathname "E:\tis\output\UMTS-CELL-H-LIST001.xml".
2022-04-25 22:09:57,292 - remove - INFO - Successfully removed pathname "E:\tis\output\UMTS-CELL-L-LIST001.xml".
2022-04-25 22:09:57,292 - remove - INFO - Successfully removed pathname "E:\tis\output\UMTS-CELL-M-LIST001.xml".
2022-04-25 22:09:57,292 - remove - INFO - Successfully removed pathname "E:\tis\output\UMTS-CELL-N-LIST001.xml".
2022-04-25 22:09:57,308 - remove - INFO - Successfully removed pathname "E:\tis\output\UMTS-CELL-O-LIST001.xml".
2022-04-25 22:09:57,308 - remove - INFO - Successfully removed pathname "E:\tis\output\UMTS-CELL-R-LIST001.xml".
2022-04-25 22:09:57,308 - remove - INFO - Successfully removed pathname "E:\tis\output\UMTS-CELL-W-LIST001.xml".
2022-04-25 22:09:57,308 - root - INFO - Done.
2022-04-25 22:09:57,308 - root - INFO - Processing files...
2022-04-25 22:09:57,448 - copy_file - INFO - Successfully copied pathname "E:\tis\reference\a\GSM-CELL-LIST001.xml" to destination"E:\tis\output\GSM-CELL-A-LIST001.xml".
2022-04-25 22:09:57,651 - copy_file - INFO - Successfully copied pathname "E:\tis\reference\a\UMTS-CELL-LIST001.xml" to destination"E:\tis\output\UMTS-CELL-A-LIST001.xml".
2022-04-25 22:09:57,698 - copy_file - INFO - Successfully copied pathname "E:\tis\reference\b\GSM-CELL-LIST001.xml" to destination"E:\tis\output\GSM-CELL-B-LIST001.xml".
2022-04-25 22:09:57,807 - copy_file - INFO - Successfully copied pathname "E:\tis\reference\b\UMTS-CELL-LIST001.xml" to destination"E:\tis\output\UMTS-CELL-B-LIST001.xml".
2022-04-25 22:09:57,869 - copy_file - INFO - Successfully copied pathname "E:\tis\reference\c\GSM-CELL-LIST001.xml" to destination"E:\tis\output\GSM-CELL-C-LIST001.xml".
2022-04-25 22:09:57,994 - copy_file - INFO - Successfully copied pathname "E:\tis\reference\c\UMTS-CELL-LIST001.xml" to destination"E:\tis\output\UMTS-CELL-C-LIST001.xml".
2022-04-25 22:09:58,025 - copy_file - INFO - Successfully copied pathname "E:\tis\reference\f\GSM-CELL-LIST001.xml" to destination"E:\tis\output\GSM-CELL-F-LIST001.xml".
2022-04-25 22:09:58,119 - copy_file - INFO - Successfully copied pathname "E:\tis\reference\f\UMTS-CELL-LIST001.xml" to destination"E:\tis\output\UMTS-CELL-F-LIST001.xml".
2022-04-25 22:09:58,181 - copy_file - INFO - Successfully copied pathname "E:\tis\reference\g\GSM-CELL-LIST001.xml" to destination"E:\tis\output\GSM-CELL-G-LIST001.xml".
2022-04-25 22:09:58,275 - copy_file - INFO - Successfully copied pathname "E:\tis\reference\g\UMTS-CELL-LIST001.xml" to destination"E:\tis\output\UMTS-CELL-G-LIST001.xml".
2022-04-25 22:09:58,291 - copy_file - INFO - Successfully copied pathname "E:\tis\reference\h\GSM-CELL-LIST001.xml" to destination"E:\tis\output\GSM-CELL-H-LIST001.xml".
2022-04-25 22:09:58,384 - copy_file - INFO - Successfully copied pathname "E:\tis\reference\h\UMTS-CELL-LIST001.xml" to destination"E:\tis\output\UMTS-CELL-H-LIST001.xml".
2022-04-25 22:09:58,431 - copy_file - INFO - Successfully copied pathname "E:\tis\reference\l\GSM-CELL-LIST001.xml" to destination"E:\tis\output\GSM-CELL-L-LIST001.xml".
2022-04-25 22:09:58,525 - copy_file - INFO - Successfully copied pathname "E:\tis\reference\l\UMTS-CELL-LIST001.xml" to destination"E:\tis\output\UMTS-CELL-L-LIST001.xml".
2022-04-25 22:09:58,525 - copy_file - INFO - Successfully copied pathname "E:\tis\reference\m\GSM-CELL-LIST001.xml" to destination"E:\tis\output\GSM-CELL-M-LIST001.xml".
2022-04-25 22:09:58,540 - copy_file - INFO - Successfully copied pathname "E:\tis\reference\m\UMTS-CELL-LIST001.xml" to destination"E:\tis\output\UMTS-CELL-M-LIST001.xml".
2022-04-25 22:09:58,571 - copy_file - INFO - Successfully copied pathname "E:\tis\reference\n\GSM-CELL-LIST001.xml" to destination"E:\tis\output\GSM-CELL-N-LIST001.xml".
2022-04-25 22:09:58,603 - copy_file - INFO - Successfully copied pathname "E:\tis\reference\n\UMTS-CELL-LIST001.xml" to destination"E:\tis\output\UMTS-CELL-N-LIST001.xml".
2022-04-25 22:09:58,681 - copy_file - INFO - Successfully copied pathname "E:\tis\reference\o\GSM-CELL-LIST001.xml" to destination"E:\tis\output\GSM-CELL-O-LIST001.xml".
2022-04-25 22:09:58,805 - copy_file - INFO - Successfully copied pathname "E:\tis\reference\o\UMTS-CELL-LIST001.xml" to destination"E:\tis\output\UMTS-CELL-O-LIST001.xml".
2022-04-25 22:09:58,837 - copy_file - INFO - Successfully copied pathname "E:\tis\reference\r\GSM-CELL-LIST001.xml" to destination"E:\tis\output\GSM-CELL-R-LIST001.xml".
2022-04-25 22:09:58,868 - copy_file - INFO - Successfully copied pathname "E:\tis\reference\r\UMTS-CELL-LIST001.xml" to destination"E:\tis\output\UMTS-CELL-R-LIST001.xml".
2022-04-25 22:09:58,883 - copy_file - INFO - Successfully copied pathname "E:\tis\reference\w\GSM-CELL-LIST001.xml" to destination"E:\tis\output\GSM-CELL-W-LIST001.xml".
2022-04-25 22:09:58,915 - copy_file - INFO - Successfully copied pathname "E:\tis\reference\w\UMTS-CELL-LIST001.xml" to destination"E:\tis\output\UMTS-CELL-W-LIST001.xml".
2022-04-25 22:09:59,944 - copy_file - INFO - Successfully copied pathname "E:\tis\reference\all\LTE-CELL-LIST001.xml" to destination"E:\tis\output\LTE-CELL-LIST001.xml".
2022-04-25 22:09:59,944 - copy_file - INFO - Successfully copied pathname "E:\tis\reference\all\NETWORK-LIST001.xml" to destination"E:\tis\output\NETWORK-LIST001.xml".
2022-04-25 22:10:01,816 - copy_file - INFO - Successfully copied pathname "E:\tis\reference\all\PROPERTY-LIST001.xml" to destination"E:\tis\output\PROPERTY-LIST001.xml".
2022-04-25 22:10:01,832 - copy_file - INFO - Successfully copied pathname "E:\tis\reference\all\REPEATER-LIST001.xml" to destination"E:\tis\output\REPEATER-LIST001.xml".
2022-04-25 22:10:01,832 - copy_file - INFO - Successfully copied pathname "E:\tis\reference\all\SUPPLIER-LIST001.xml" to destination"E:\tis\output\SUPPLIER-LIST001.xml".
2022-04-25 22:10:03,205 - copy_file - INFO - Successfully copied pathname "E:\tis\reference\all\ANTENNA-LIST001.xml" to destination"E:\tis\output\ANTENNA-LIST001.xml".
2022-04-25 22:10:03,205 - copy_file - INFO - Successfully copied pathname "E:\tis\reference\all\CAR-LAYER-LIST001.xml" to destination"E:\tis\output\CAR-LAYER-LIST001.xml".
2022-04-25 22:10:03,267 - copy_file - INFO - Successfully copied pathname "E:\tis\reference\nodes\2g\MU-NODE-LIST001.xml" to destination"E:\tis\output\MU-NODE-2G-LIST001.xml".
2022-04-25 22:10:03,345 - copy_file - INFO - Successfully copied pathname "E:\tis\reference\nodes\3g\MU-NODE-LIST001.xml" to destination"E:\tis\output\MU-NODE-3G-LIST001.xml".
2022-04-25 22:10:03,408 - copy_file - INFO - Successfully copied pathname "E:\tis\reference\nodes\4g\MU-NODE-LIST001.xml" to destination"E:\tis\output\MU-NODE-4G-LIST001.xml".
2022-04-25 22:10:03,408 - root - INFO - Done.
2022-04-25 22:10:03,657 - paramiko.transport - INFO - Connected (version 2.0, client OpenSSH_5.8)
2022-04-25 22:10:03,767 - paramiko.transport - INFO - Authentication (publickey) successful!
2022-04-25 22:10:04,235 - paramiko.transport.sftp - INFO - [chan 0] Opened sftp connection (server version 3)
2022-04-25 22:10:04,235 - root - INFO - Seding files to satisfaction...
2022-04-25 22:12:44,520 - root - INFO - Done.
2022-04-25 22:12:44,536 - root - INFO - Archiving and compressing REFERENCE data...
2022-04-25 22:14:18,689 - root - INFO - Copying the log at this point...
2022-04-25 22:14:18,689 - copy_file - INFO - Successfully copied pathname "E:\tis\logs\python_20220425190003.log" to destination"E:\tis\logs\tis_20220425190003\python_20220425190003.log".
2022-04-25 22:14:18,689 - root - INFO - Archiving and compressing logs...
2022-04-25 22:14:18,735 - remove - INFO - Successfully removed path-prefix "E:\tis\logs\tis_20220425190003".
2022-04-25 22:14:18,813 - root - INFO - Authoring admin email template...
2022-04-25 22:14:18,829 - paramiko.transport - INFO - Connected (version 2.0, client Sun_SSH_2.0)
2022-04-25 22:14:21,154 - paramiko.transport - INFO - Authentication (publickey) successful!
2022-04-25 22:14:21,200 - paramiko.transport.sftp - INFO - [chan 0] Opened sftp connection (server version 3)
2022-04-25 22:14:21,200 - root - INFO - Seding files to freetown...
2022-04-25 22:14:21,824 - root - INFO - Done.
