2022-04-26 19:00:03,978 - root - INFO - Logging enabled.
2022-04-26 19:00:04,009 - root - INFO - The script was executed from "tis.py", located in the     path-prefix "E:\tis" on the machine "MSEKIMW778P".
2022-04-26 19:00:04,212 - root - INFO - Exporting region A.
2022-04-26 19:00:04,212 - root - INFO - Removing exported data...
2022-04-26 19:00:04,227 - remove - INFO - Successfully removed pathname "E:\tis\regions\a\property\INDEX001.xml".
2022-04-26 19:00:04,227 - remove - INFO - Successfully removed pathname "E:\tis\regions\a\property\PROPERTY-LIST001.xml".
2022-04-26 19:00:04,227 - remove - INFO - Successfully removed pathname "E:\tis\regions\a\2g\GSM-CELL-LIST001.xml".
2022-04-26 19:00:04,227 - remove - INFO - Successfully removed pathname "E:\tis\regions\a\2g\INDEX001.xml".
2022-04-26 19:00:04,243 - remove - INFO - Successfully removed pathname "E:\tis\regions\a\2g\MU-NODE-LIST001.xml".
2022-04-26 19:00:04,243 - remove - INFO - Successfully removed pathname "E:\tis\regions\a\3g\INDEX001.xml".
2022-04-26 19:00:04,243 - remove - INFO - Successfully removed pathname "E:\tis\regions\a\3g\MU-NODE-LIST001.xml".
2022-04-26 19:00:04,243 - remove - INFO - Successfully removed pathname "E:\tis\regions\a\3g\NETWORK-LIST001.xml".
2022-04-26 19:00:04,243 - remove - INFO - Successfully removed pathname "E:\tis\regions\a\3g\UMTS-CELL-LIST001.xml".
2022-04-26 19:00:04,243 - remove - INFO - Successfully removed pathname "E:\tis\regions\a\4g\INDEX001.xml".
2022-04-26 19:00:04,243 - remove - INFO - Successfully removed pathname "E:\tis\regions\a\4g\LTE-CELL-LIST001.xml".
2022-04-26 19:00:04,258 - remove - INFO - Successfully removed pathname "E:\tis\regions\a\4g\MU-NODE-LIST001.xml".
2022-04-26 19:00:04,258 - remove - INFO - Successfully removed pathname "E:\tis\regions\a\repeater\INDEX001.xml".
2022-04-26 19:00:04,258 - remove - INFO - Successfully removed pathname "E:\tis\regions\a\repeater\REPEATER-LIST001.xml".
2022-04-26 19:00:04,258 - root - INFO - Exporting data...
2022-04-26 19:00:04,258 - dbcmd - INFO - Removing old dbcmd log files...
2022-04-26 19:00:04,258 - remove - INFO - Successfully removed pathname "E:\tis\regions\a_2022-04-25_19-00-04.log".
2022-04-26 19:00:04,258 - dbcmd - INFO - Executing dbcmd...
2022-04-26 19:03:48,363 - dbcmd - INFO - Checking log file "E:\tis\regions\a_2022-04-26_19-00-04.log"...
2022-04-26 19:03:48,378 - copy_file - INFO - Successfully copied pathname "E:\tis\regions\a_2022-04-26_19-00-04.log" to destination"E:\tis\logs\tis_20220426190003\a_2022-04-26_19-00-04.log".
2022-04-26 19:03:48,550 - root - INFO - Done.
2022-04-26 19:03:48,550 - root - INFO - Exporting region BFW.
2022-04-26 19:03:48,550 - root - INFO - Removing exported data...
2022-04-26 19:03:48,550 - remove - INFO - Successfully removed pathname "E:\tis\regions\bfw\property\INDEX001.xml".
2022-04-26 19:03:48,565 - remove - INFO - Successfully removed pathname "E:\tis\regions\bfw\property\PROPERTY-LIST001.xml".
2022-04-26 19:03:48,565 - remove - INFO - Successfully removed pathname "E:\tis\regions\bfw\2g\GSM-CELL-LIST001.xml".
2022-04-26 19:03:48,565 - remove - INFO - Successfully removed pathname "E:\tis\regions\bfw\2g\INDEX001.xml".
2022-04-26 19:03:48,565 - remove - INFO - Successfully removed pathname "E:\tis\regions\bfw\2g\MU-NODE-LIST001.xml".
2022-04-26 19:03:48,565 - remove - INFO - Successfully removed pathname "E:\tis\regions\bfw\3g\INDEX001.xml".
2022-04-26 19:03:48,565 - remove - INFO - Successfully removed pathname "E:\tis\regions\bfw\3g\MU-NODE-LIST001.xml".
2022-04-26 19:03:48,565 - remove - INFO - Successfully removed pathname "E:\tis\regions\bfw\3g\NETWORK-LIST001.xml".
2022-04-26 19:03:48,581 - remove - INFO - Successfully removed pathname "E:\tis\regions\bfw\3g\UMTS-CELL-LIST001.xml".
2022-04-26 19:03:48,581 - remove - INFO - Successfully removed pathname "E:\tis\regions\bfw\4g\INDEX001.xml".
2022-04-26 19:03:48,581 - remove - INFO - Successfully removed pathname "E:\tis\regions\bfw\4g\LTE-CELL-LIST001.xml".
2022-04-26 19:03:48,581 - remove - INFO - Successfully removed pathname "E:\tis\regions\bfw\4g\MU-NODE-LIST001.xml".
2022-04-26 19:03:48,581 - remove - INFO - Successfully removed pathname "E:\tis\regions\bfw\repeater\INDEX001.xml".
2022-04-26 19:03:48,581 - remove - INFO - Successfully removed pathname "E:\tis\regions\bfw\repeater\REPEATER-LIST001.xml".
2022-04-26 19:03:48,581 - root - INFO - Exporting data...
2022-04-26 19:03:48,581 - dbcmd - INFO - Removing old dbcmd log files...
2022-04-26 19:03:48,581 - remove - INFO - Successfully removed pathname "E:\tis\regions\bfw_2022-04-25_19-04-09.log".
2022-04-26 19:03:48,581 - dbcmd - INFO - Executing dbcmd...
2022-04-26 19:09:00,905 - dbcmd - INFO - Checking log file "E:\tis\regions\bfw_2022-04-26_19-03-49.log"...
2022-04-26 19:09:00,921 - copy_file - INFO - Successfully copied pathname "E:\tis\regions\bfw_2022-04-26_19-03-49.log" to destination"E:\tis\logs\tis_20220426190003\bfw_2022-04-26_19-03-49.log".
2022-04-26 19:09:01,467 - root - INFO - Done.
2022-04-26 19:09:01,467 - root - INFO - Exporting region C.
2022-04-26 19:09:01,467 - root - INFO - Removing exported data...
2022-04-26 19:09:01,467 - remove - INFO - Successfully removed pathname "E:\tis\regions\c\property\INDEX001.xml".
2022-04-26 19:09:01,467 - remove - INFO - Successfully removed pathname "E:\tis\regions\c\property\PROPERTY-LIST001.xml".
2022-04-26 19:09:01,467 - remove - INFO - Successfully removed pathname "E:\tis\regions\c\2g\GSM-CELL-LIST001.xml".
2022-04-26 19:09:01,467 - remove - INFO - Successfully removed pathname "E:\tis\regions\c\2g\INDEX001.xml".
2022-04-26 19:09:01,467 - remove - INFO - Successfully removed pathname "E:\tis\regions\c\2g\MU-NODE-LIST001.xml".
2022-04-26 19:09:01,467 - remove - INFO - Successfully removed pathname "E:\tis\regions\c\3g\INDEX001.xml".
2022-04-26 19:09:01,467 - remove - INFO - Successfully removed pathname "E:\tis\regions\c\3g\MU-NODE-LIST001.xml".
2022-04-26 19:09:01,483 - remove - INFO - Successfully removed pathname "E:\tis\regions\c\3g\NETWORK-LIST001.xml".
2022-04-26 19:09:01,483 - remove - INFO - Successfully removed pathname "E:\tis\regions\c\3g\UMTS-CELL-LIST001.xml".
2022-04-26 19:09:01,483 - remove - INFO - Successfully removed pathname "E:\tis\regions\c\4g\INDEX001.xml".
2022-04-26 19:09:01,483 - remove - INFO - Successfully removed pathname "E:\tis\regions\c\4g\LTE-CELL-LIST001.xml".
2022-04-26 19:09:01,483 - remove - INFO - Successfully removed pathname "E:\tis\regions\c\4g\MU-NODE-LIST001.xml".
2022-04-26 19:09:01,483 - remove - INFO - Successfully removed pathname "E:\tis\regions\c\repeater\INDEX001.xml".
2022-04-26 19:09:01,483 - remove - INFO - Successfully removed pathname "E:\tis\regions\c\repeater\REPEATER-LIST001.xml".
2022-04-26 19:09:01,483 - root - INFO - Exporting data...
2022-04-26 19:09:01,483 - dbcmd - INFO - Removing old dbcmd log files...
2022-04-26 19:09:01,483 - remove - INFO - Successfully removed pathname "E:\tis\regions\c_2022-04-25_19-09-07.log".
2022-04-26 19:09:01,483 - dbcmd - INFO - Executing dbcmd...
2022-04-26 19:12:21,248 - dbcmd - INFO - Checking log file "E:\tis\regions\c_2022-04-26_19-09-01.log"...
2022-04-26 19:12:21,264 - copy_file - INFO - Successfully copied pathname "E:\tis\regions\c_2022-04-26_19-09-01.log" to destination"E:\tis\logs\tis_20220426190003\c_2022-04-26_19-09-01.log".
2022-04-26 19:12:21,467 - root - INFO - Done.
2022-04-26 19:12:21,467 - root - INFO - Exporting region G.
2022-04-26 19:12:21,467 - root - INFO - Removing exported data...
2022-04-26 19:12:21,467 - remove - INFO - Successfully removed pathname "E:\tis\regions\g\property\INDEX001.xml".
2022-04-26 19:12:21,467 - remove - INFO - Successfully removed pathname "E:\tis\regions\g\property\PROPERTY-LIST001.xml".
2022-04-26 19:12:21,482 - remove - INFO - Successfully removed pathname "E:\tis\regions\g\2g\GSM-CELL-LIST001.xml".
2022-04-26 19:12:21,482 - remove - INFO - Successfully removed pathname "E:\tis\regions\g\2g\INDEX001.xml".
2022-04-26 19:12:21,482 - remove - INFO - Successfully removed pathname "E:\tis\regions\g\2g\MU-NODE-LIST001.xml".
2022-04-26 19:12:21,482 - remove - INFO - Successfully removed pathname "E:\tis\regions\g\3g\INDEX001.xml".
2022-04-26 19:12:21,482 - remove - INFO - Successfully removed pathname "E:\tis\regions\g\3g\MU-NODE-LIST001.xml".
2022-04-26 19:12:21,482 - remove - INFO - Successfully removed pathname "E:\tis\regions\g\3g\NETWORK-LIST001.xml".
2022-04-26 19:12:21,482 - remove - INFO - Successfully removed pathname "E:\tis\regions\g\3g\UMTS-CELL-LIST001.xml".
2022-04-26 19:12:21,482 - remove - INFO - Successfully removed pathname "E:\tis\regions\g\4g\INDEX001.xml".
2022-04-26 19:12:21,482 - remove - INFO - Successfully removed pathname "E:\tis\regions\g\4g\LTE-CELL-LIST001.xml".
2022-04-26 19:12:21,482 - remove - INFO - Successfully removed pathname "E:\tis\regions\g\4g\MU-NODE-LIST001.xml".
2022-04-26 19:12:21,482 - remove - INFO - Successfully removed pathname "E:\tis\regions\g\repeater\INDEX001.xml".
2022-04-26 19:12:21,498 - remove - INFO - Successfully removed pathname "E:\tis\regions\g\repeater\REPEATER-LIST001.xml".
2022-04-26 19:12:21,498 - root - INFO - Exporting data...
2022-04-26 19:12:21,498 - dbcmd - INFO - Removing old dbcmd log files...
2022-04-26 19:12:21,498 - remove - INFO - Successfully removed pathname "E:\tis\regions\g_2022-04-25_19-12-15.log".
2022-04-26 19:12:21,498 - dbcmd - INFO - Executing dbcmd...
2022-04-26 19:15:17,941 - dbcmd - INFO - Checking log file "E:\tis\regions\g_2022-04-26_19-12-21.log"...
2022-04-26 19:15:17,941 - copy_file - INFO - Successfully copied pathname "E:\tis\regions\g_2022-04-26_19-12-21.log" to destination"E:\tis\logs\tis_20220426190003\g_2022-04-26_19-12-21.log".
2022-04-26 19:15:18,019 - root - INFO - Done.
2022-04-26 19:15:18,019 - root - INFO - Exporting region H.
2022-04-26 19:15:18,019 - root - INFO - Removing exported data...
2022-04-26 19:15:18,019 - remove - INFO - Successfully removed pathname "E:\tis\regions\h\property\INDEX001.xml".
2022-04-26 19:15:18,019 - remove - INFO - Successfully removed pathname "E:\tis\regions\h\property\PROPERTY-LIST001.xml".
2022-04-26 19:15:18,019 - remove - INFO - Successfully removed pathname "E:\tis\regions\h\2g\GSM-CELL-LIST001.xml".
2022-04-26 19:15:18,019 - remove - INFO - Successfully removed pathname "E:\tis\regions\h\2g\INDEX001.xml".
2022-04-26 19:15:18,019 - remove - INFO - Successfully removed pathname "E:\tis\regions\h\2g\MU-NODE-LIST001.xml".
2022-04-26 19:15:18,019 - remove - INFO - Successfully removed pathname "E:\tis\regions\h\3g\INDEX001.xml".
2022-04-26 19:15:18,019 - remove - INFO - Successfully removed pathname "E:\tis\regions\h\3g\MU-NODE-LIST001.xml".
2022-04-26 19:15:18,019 - remove - INFO - Successfully removed pathname "E:\tis\regions\h\3g\NETWORK-LIST001.xml".
2022-04-26 19:15:18,019 - remove - INFO - Successfully removed pathname "E:\tis\regions\h\3g\UMTS-CELL-LIST001.xml".
2022-04-26 19:15:18,019 - remove - INFO - Successfully removed pathname "E:\tis\regions\h\4g\INDEX001.xml".
2022-04-26 19:15:18,019 - remove - INFO - Successfully removed pathname "E:\tis\regions\h\4g\LTE-CELL-LIST001.xml".
2022-04-26 19:15:18,019 - remove - INFO - Successfully removed pathname "E:\tis\regions\h\4g\MU-NODE-LIST001.xml".
2022-04-26 19:15:18,019 - remove - INFO - Successfully removed pathname "E:\tis\regions\h\repeater\INDEX001.xml".
2022-04-26 19:15:18,019 - remove - INFO - Successfully removed pathname "E:\tis\regions\h\repeater\REPEATER-LIST001.xml".
2022-04-26 19:15:18,034 - root - INFO - Exporting data...
2022-04-26 19:15:18,034 - dbcmd - INFO - Removing old dbcmd log files...
2022-04-26 19:15:18,034 - remove - INFO - Successfully removed pathname "E:\tis\regions\h_2022-04-25_19-15-24.log".
2022-04-26 19:15:18,034 - dbcmd - INFO - Executing dbcmd...
2022-04-26 19:18:14,477 - dbcmd - INFO - Checking log file "E:\tis\regions\h_2022-04-26_19-15-18.log"...
2022-04-26 19:18:14,493 - copy_file - INFO - Successfully copied pathname "E:\tis\regions\h_2022-04-26_19-15-18.log" to destination"E:\tis\logs\tis_20220426190003\h_2022-04-26_19-15-18.log".
2022-04-26 19:18:14,633 - root - INFO - Done.
2022-04-26 19:18:14,633 - root - INFO - Exporting region L.
2022-04-26 19:18:14,633 - root - INFO - Removing exported data...
2022-04-26 19:18:14,633 - remove - INFO - Successfully removed pathname "E:\tis\regions\l\property\INDEX001.xml".
2022-04-26 19:18:14,649 - remove - INFO - Successfully removed pathname "E:\tis\regions\l\property\PROPERTY-LIST001.xml".
2022-04-26 19:18:14,649 - remove - INFO - Successfully removed pathname "E:\tis\regions\l\2g\GSM-CELL-LIST001.xml".
2022-04-26 19:18:14,649 - remove - INFO - Successfully removed pathname "E:\tis\regions\l\2g\INDEX001.xml".
2022-04-26 19:18:14,649 - remove - INFO - Successfully removed pathname "E:\tis\regions\l\2g\MU-NODE-LIST001.xml".
2022-04-26 19:18:14,649 - remove - INFO - Successfully removed pathname "E:\tis\regions\l\3g\INDEX001.xml".
2022-04-26 19:18:14,649 - remove - INFO - Successfully removed pathname "E:\tis\regions\l\3g\MU-NODE-LIST001.xml".
2022-04-26 19:18:14,649 - remove - INFO - Successfully removed pathname "E:\tis\regions\l\3g\NETWORK-LIST001.xml".
2022-04-26 19:18:14,649 - remove - INFO - Successfully removed pathname "E:\tis\regions\l\3g\UMTS-CELL-LIST001.xml".
2022-04-26 19:18:14,649 - remove - INFO - Successfully removed pathname "E:\tis\regions\l\4g\INDEX001.xml".
2022-04-26 19:18:14,664 - remove - INFO - Successfully removed pathname "E:\tis\regions\l\4g\LTE-CELL-LIST001.xml".
2022-04-26 19:18:14,664 - remove - INFO - Successfully removed pathname "E:\tis\regions\l\4g\MU-NODE-LIST001.xml".
2022-04-26 19:18:14,664 - remove - INFO - Successfully removed pathname "E:\tis\regions\l\repeater\INDEX001.xml".
2022-04-26 19:18:14,664 - remove - INFO - Successfully removed pathname "E:\tis\regions\l\repeater\REPEATER-LIST001.xml".
2022-04-26 19:18:14,664 - root - INFO - Exporting data...
2022-04-26 19:18:14,664 - dbcmd - INFO - Removing old dbcmd log files...
2022-04-26 19:18:14,664 - remove - INFO - Successfully removed pathname "E:\tis\regions\l_2022-04-25_19-18-17.log".
2022-04-26 19:18:14,664 - dbcmd - INFO - Executing dbcmd...
2022-04-26 19:21:53,697 - dbcmd - INFO - Checking log file "E:\tis\regions\l_2022-04-26_19-18-15.log"...
2022-04-26 19:21:53,712 - copy_file - INFO - Successfully copied pathname "E:\tis\regions\l_2022-04-26_19-18-15.log" to destination"E:\tis\logs\tis_20220426190003\l_2022-04-26_19-18-15.log".
2022-04-26 19:21:53,884 - root - INFO - Done.
2022-04-26 19:21:53,884 - root - INFO - Exporting region NR.
2022-04-26 19:21:53,884 - root - INFO - Removing exported data...
2022-04-26 19:21:53,884 - remove - INFO - Successfully removed pathname "E:\tis\regions\nr\property\INDEX001.xml".
2022-04-26 19:21:53,884 - remove - INFO - Successfully removed pathname "E:\tis\regions\nr\property\PROPERTY-LIST001.xml".
2022-04-26 19:21:53,884 - remove - INFO - Successfully removed pathname "E:\tis\regions\nr\2g\GSM-CELL-LIST001.xml".
2022-04-26 19:21:53,884 - remove - INFO - Successfully removed pathname "E:\tis\regions\nr\2g\INDEX001.xml".
2022-04-26 19:21:53,884 - remove - INFO - Successfully removed pathname "E:\tis\regions\nr\2g\MU-NODE-LIST001.xml".
2022-04-26 19:21:53,884 - remove - INFO - Successfully removed pathname "E:\tis\regions\nr\3g\INDEX001.xml".
2022-04-26 19:21:53,884 - remove - INFO - Successfully removed pathname "E:\tis\regions\nr\3g\MU-NODE-LIST001.xml".
2022-04-26 19:21:53,884 - remove - INFO - Successfully removed pathname "E:\tis\regions\nr\3g\NETWORK-LIST001.xml".
2022-04-26 19:21:53,884 - remove - INFO - Successfully removed pathname "E:\tis\regions\nr\3g\UMTS-CELL-LIST001.xml".
2022-04-26 19:21:53,884 - remove - INFO - Successfully removed pathname "E:\tis\regions\nr\4g\INDEX001.xml".
2022-04-26 19:21:53,884 - remove - INFO - Successfully removed pathname "E:\tis\regions\nr\4g\LTE-CELL-LIST001.xml".
2022-04-26 19:21:53,884 - remove - INFO - Successfully removed pathname "E:\tis\regions\nr\4g\MU-NODE-LIST001.xml".
2022-04-26 19:21:53,884 - remove - INFO - Successfully removed pathname "E:\tis\regions\nr\repeater\INDEX001.xml".
2022-04-26 19:21:53,884 - remove - INFO - Successfully removed pathname "E:\tis\regions\nr\repeater\REPEATER-LIST001.xml".
2022-04-26 19:21:53,884 - root - INFO - Exporting data...
2022-04-26 19:21:53,900 - dbcmd - INFO - Removing old dbcmd log files...
2022-04-26 19:21:53,900 - remove - INFO - Successfully removed pathname "E:\tis\regions\nr_2022-04-25_19-21-32.log".
2022-04-26 19:21:53,900 - dbcmd - INFO - Executing dbcmd...
2022-04-26 19:25:36,988 - dbcmd - INFO - Checking log file "E:\tis\regions\nr_2022-04-26_19-21-54.log"...
2022-04-26 19:25:37,004 - copy_file - INFO - Successfully copied pathname "E:\tis\regions\nr_2022-04-26_19-21-54.log" to destination"E:\tis\logs\tis_20220426190003\nr_2022-04-26_19-21-54.log".
2022-04-26 19:25:37,129 - root - INFO - Done.
2022-04-26 19:25:37,144 - root - INFO - Exporting region O.
2022-04-26 19:25:37,144 - root - INFO - Removing exported data...
2022-04-26 19:25:37,144 - remove - INFO - Successfully removed pathname "E:\tis\regions\o\property\INDEX001.xml".
2022-04-26 19:25:37,144 - remove - INFO - Successfully removed pathname "E:\tis\regions\o\property\PROPERTY-LIST001.xml".
2022-04-26 19:25:37,144 - remove - INFO - Successfully removed pathname "E:\tis\regions\o\2g\GSM-CELL-LIST001.xml".
2022-04-26 19:25:37,144 - remove - INFO - Successfully removed pathname "E:\tis\regions\o\2g\INDEX001.xml".
2022-04-26 19:25:37,144 - remove - INFO - Successfully removed pathname "E:\tis\regions\o\2g\MU-NODE-LIST001.xml".
2022-04-26 19:25:37,144 - remove - INFO - Successfully removed pathname "E:\tis\regions\o\3g\INDEX001.xml".
2022-04-26 19:25:37,144 - remove - INFO - Successfully removed pathname "E:\tis\regions\o\3g\MU-NODE-LIST001.xml".
2022-04-26 19:25:37,144 - remove - INFO - Successfully removed pathname "E:\tis\regions\o\3g\NETWORK-LIST001.xml".
2022-04-26 19:25:37,160 - remove - INFO - Successfully removed pathname "E:\tis\regions\o\3g\UMTS-CELL-LIST001.xml".
2022-04-26 19:25:37,160 - remove - INFO - Successfully removed pathname "E:\tis\regions\o\4g\INDEX001.xml".
2022-04-26 19:25:37,160 - remove - INFO - Successfully removed pathname "E:\tis\regions\o\4g\LTE-CELL-LIST001.xml".
2022-04-26 19:25:37,160 - remove - INFO - Successfully removed pathname "E:\tis\regions\o\4g\MU-NODE-LIST001.xml".
2022-04-26 19:25:37,160 - remove - INFO - Successfully removed pathname "E:\tis\regions\o\repeater\INDEX001.xml".
2022-04-26 19:25:37,160 - remove - INFO - Successfully removed pathname "E:\tis\regions\o\repeater\REPEATER-LIST001.xml".
2022-04-26 19:25:37,160 - root - INFO - Exporting data...
2022-04-26 19:25:37,160 - dbcmd - INFO - Removing old dbcmd log files...
2022-04-26 19:25:37,175 - remove - INFO - Successfully removed pathname "E:\tis\regions\o_2022-04-25_19-24-17.log".
2022-04-26 19:25:37,175 - dbcmd - INFO - Executing dbcmd...
2022-04-26 19:28:27,534 - dbcmd - INFO - Checking log file "E:\tis\regions\o_2022-04-26_19-25-37.log"...
2022-04-26 19:28:27,550 - copy_file - INFO - Successfully copied pathname "E:\tis\regions\o_2022-04-26_19-25-37.log" to destination"E:\tis\logs\tis_20220426190003\o_2022-04-26_19-25-37.log".
2022-04-26 19:28:27,721 - root - INFO - Done.
2022-04-26 19:28:27,721 - root - INFO - Importing data to reference...
2022-04-26 19:28:27,721 - dbcmd - INFO - Removing old dbcmd log files...
2022-04-26 19:28:27,721 - remove - INFO - Successfully removed pathname "E:\tis\regions\reference_2022-04-25_19-27-29.log".
2022-04-26 19:28:27,721 - dbcmd - INFO - Executing dbcmd...
2022-04-26 21:21:14,418 - dbcmd - INFO - Checking log file "E:\tis\regions\reference_2022-04-26_19-28-28.log"...
2022-04-26 21:21:14,511 - copy_file - INFO - Successfully copied pathname "E:\tis\regions\reference_2022-04-26_19-28-28.log" to destination"E:\tis\logs\tis_20220426190003\reference_2022-04-26_19-28-28.log".
2022-04-26 21:21:14,511 - root - INFO - Done.
2022-04-26 21:21:14,511 - root - INFO - Removing reference exported data...
2022-04-26 21:21:14,527 - remove - INFO - Successfully removed pathname "E:\tis\reference\a\GSM-CELL-LIST001.xml".
2022-04-26 21:21:14,527 - remove - INFO - Successfully removed pathname "E:\tis\reference\a\INDEX001.xml".
2022-04-26 21:21:14,527 - remove - INFO - Successfully removed pathname "E:\tis\reference\a\UMTS-CELL-LIST001.xml".
2022-04-26 21:21:14,543 - remove - INFO - Successfully removed pathname "E:\tis\reference\b\GSM-CELL-LIST001.xml".
2022-04-26 21:21:14,543 - remove - INFO - Successfully removed pathname "E:\tis\reference\b\INDEX001.xml".
2022-04-26 21:21:14,543 - remove - INFO - Successfully removed pathname "E:\tis\reference\b\UMTS-CELL-LIST001.xml".
2022-04-26 21:21:14,558 - remove - INFO - Successfully removed pathname "E:\tis\reference\c\GSM-CELL-LIST001.xml".
2022-04-26 21:21:14,558 - remove - INFO - Successfully removed pathname "E:\tis\reference\c\INDEX001.xml".
2022-04-26 21:21:14,558 - remove - INFO - Successfully removed pathname "E:\tis\reference\c\UMTS-CELL-LIST001.xml".
2022-04-26 21:21:14,574 - remove - INFO - Successfully removed pathname "E:\tis\reference\f\GSM-CELL-LIST001.xml".
2022-04-26 21:21:14,574 - remove - INFO - Successfully removed pathname "E:\tis\reference\f\INDEX001.xml".
2022-04-26 21:21:14,574 - remove - INFO - Successfully removed pathname "E:\tis\reference\f\UMTS-CELL-LIST001.xml".
2022-04-26 21:21:14,589 - remove - INFO - Successfully removed pathname "E:\tis\reference\g\GSM-CELL-LIST001.xml".
2022-04-26 21:21:14,589 - remove - INFO - Successfully removed pathname "E:\tis\reference\g\INDEX001.xml".
2022-04-26 21:21:14,589 - remove - INFO - Successfully removed pathname "E:\tis\reference\g\UMTS-CELL-LIST001.xml".
2022-04-26 21:21:14,589 - remove - INFO - Successfully removed pathname "E:\tis\reference\h\GSM-CELL-LIST001.xml".
2022-04-26 21:21:14,605 - remove - INFO - Successfully removed pathname "E:\tis\reference\h\INDEX001.xml".
2022-04-26 21:21:14,605 - remove - INFO - Successfully removed pathname "E:\tis\reference\h\UMTS-CELL-LIST001.xml".
2022-04-26 21:21:14,605 - remove - INFO - Successfully removed pathname "E:\tis\reference\l\GSM-CELL-LIST001.xml".
2022-04-26 21:21:14,605 - remove - INFO - Successfully removed pathname "E:\tis\reference\l\INDEX001.xml".
2022-04-26 21:21:14,621 - remove - INFO - Successfully removed pathname "E:\tis\reference\l\UMTS-CELL-LIST001.xml".
2022-04-26 21:21:14,621 - remove - INFO - Successfully removed pathname "E:\tis\reference\m\GSM-CELL-LIST001.xml".
2022-04-26 21:21:14,621 - remove - INFO - Successfully removed pathname "E:\tis\reference\m\INDEX001.xml".
2022-04-26 21:21:14,621 - remove - INFO - Successfully removed pathname "E:\tis\reference\m\UMTS-CELL-LIST001.xml".
2022-04-26 21:21:14,621 - remove - INFO - Successfully removed pathname "E:\tis\reference\n\GSM-CELL-LIST001.xml".
2022-04-26 21:21:14,621 - remove - INFO - Successfully removed pathname "E:\tis\reference\n\INDEX001.xml".
2022-04-26 21:21:14,636 - remove - INFO - Successfully removed pathname "E:\tis\reference\n\UMTS-CELL-LIST001.xml".
2022-04-26 21:21:14,636 - remove - INFO - Successfully removed pathname "E:\tis\reference\o\GSM-CELL-LIST001.xml".
2022-04-26 21:21:14,636 - remove - INFO - Successfully removed pathname "E:\tis\reference\o\INDEX001.xml".
2022-04-26 21:21:14,652 - remove - INFO - Successfully removed pathname "E:\tis\reference\o\UMTS-CELL-LIST001.xml".
2022-04-26 21:21:14,652 - remove - INFO - Successfully removed pathname "E:\tis\reference\r\GSM-CELL-LIST001.xml".
2022-04-26 21:21:14,652 - remove - INFO - Successfully removed pathname "E:\tis\reference\r\INDEX001.xml".
2022-04-26 21:21:14,652 - remove - INFO - Successfully removed pathname "E:\tis\reference\r\UMTS-CELL-LIST001.xml".
2022-04-26 21:21:14,652 - remove - INFO - Successfully removed pathname "E:\tis\reference\w\GSM-CELL-LIST001.xml".
2022-04-26 21:21:14,652 - remove - INFO - Successfully removed pathname "E:\tis\reference\w\INDEX001.xml".
2022-04-26 21:21:14,667 - remove - INFO - Successfully removed pathname "E:\tis\reference\w\UMTS-CELL-LIST001.xml".
2022-04-26 21:21:14,777 - remove - INFO - Successfully removed pathname "E:\tis\reference\all\ANTENNA-LIST001.xml".
2022-04-26 21:21:14,777 - remove - INFO - Successfully removed pathname "E:\tis\reference\all\CAR-LAYER-LIST001.xml".
2022-04-26 21:21:14,777 - remove - INFO - Successfully removed pathname "E:\tis\reference\all\INDEX001.xml".
2022-04-26 21:21:14,855 - remove - INFO - Successfully removed pathname "E:\tis\reference\all\LTE-CELL-LIST001.xml".
2022-04-26 21:21:14,855 - remove - INFO - Successfully removed pathname "E:\tis\reference\all\NETWORK-LIST001.xml".
2022-04-26 21:21:14,948 - remove - INFO - Successfully removed pathname "E:\tis\reference\all\PROPERTY-LIST001.xml".
2022-04-26 21:21:14,948 - remove - INFO - Successfully removed pathname "E:\tis\reference\all\REPEATER-LIST001.xml".
2022-04-26 21:21:14,948 - remove - INFO - Successfully removed pathname "E:\tis\reference\all\SUPPLIER-LIST001.xml".
2022-04-26 21:21:14,948 - remove - INFO - Successfully removed pathname "E:\tis\reference\nodes\2g\INDEX001.xml".
2022-04-26 21:21:14,948 - remove - INFO - Successfully removed pathname "E:\tis\reference\nodes\2g\MU-NODE-LIST001.xml".
2022-04-26 21:21:14,948 - remove - INFO - Successfully removed pathname "E:\tis\reference\nodes\3g\INDEX001.xml".
2022-04-26 21:21:14,964 - remove - INFO - Successfully removed pathname "E:\tis\reference\nodes\3g\MU-NODE-LIST001.xml".
2022-04-26 21:21:14,964 - remove - INFO - Successfully removed pathname "E:\tis\reference\nodes\4g\INDEX001.xml".
2022-04-26 21:21:14,964 - remove - INFO - Successfully removed pathname "E:\tis\reference\nodes\4g\MU-NODE-LIST001.xml".
2022-04-26 21:21:14,964 - root - INFO - Exporting reference data...
2022-04-26 21:21:14,964 - dbcmd - INFO - Removing old dbcmd log files...
2022-04-26 21:21:14,964 - remove - INFO - Successfully removed pathname "E:\tis\reference\export_2022-04-25_21-51-55.log".
2022-04-26 21:21:14,964 - dbcmd - INFO - Executing dbcmd...
2022-04-26 21:40:43,118 - dbcmd - INFO - Checking log file "E:\tis\reference\export_2022-04-26_21-21-15.log"...
2022-04-26 21:40:43,134 - copy_file - INFO - Successfully copied pathname "E:\tis\reference\export_2022-04-26_21-21-15.log" to destination"E:\tis\logs\tis_20220426190003\export_2022-04-26_21-21-15.log".
2022-04-26 21:40:43,134 - root - INFO - Done.
2022-04-26 21:40:43,134 - root - INFO - Removing processed files...
2022-04-26 21:40:43,274 - remove - INFO - Successfully removed pathname "E:\tis\output\ANTENNA-LIST001.xml".
2022-04-26 21:40:43,274 - remove - INFO - Successfully removed pathname "E:\tis\output\CAR-LAYER-LIST001.xml".
2022-04-26 21:40:43,274 - remove - INFO - Successfully removed pathname "E:\tis\output\GSM-CELL-A-LIST001.xml".
2022-04-26 21:40:43,274 - remove - INFO - Successfully removed pathname "E:\tis\output\GSM-CELL-B-LIST001.xml".
2022-04-26 21:40:43,290 - remove - INFO - Successfully removed pathname "E:\tis\output\GSM-CELL-C-LIST001.xml".
2022-04-26 21:40:43,290 - remove - INFO - Successfully removed pathname "E:\tis\output\GSM-CELL-F-LIST001.xml".
2022-04-26 21:40:43,290 - remove - INFO - Successfully removed pathname "E:\tis\output\GSM-CELL-G-LIST001.xml".
2022-04-26 21:40:43,306 - remove - INFO - Successfully removed pathname "E:\tis\output\GSM-CELL-H-LIST001.xml".
2022-04-26 21:40:43,306 - remove - INFO - Successfully removed pathname "E:\tis\output\GSM-CELL-L-LIST001.xml".
2022-04-26 21:40:43,306 - remove - INFO - Successfully removed pathname "E:\tis\output\GSM-CELL-M-LIST001.xml".
2022-04-26 21:40:43,306 - remove - INFO - Successfully removed pathname "E:\tis\output\GSM-CELL-N-LIST001.xml".
2022-04-26 21:40:43,306 - remove - INFO - Successfully removed pathname "E:\tis\output\GSM-CELL-O-LIST001.xml".
2022-04-26 21:40:43,321 - remove - INFO - Successfully removed pathname "E:\tis\output\GSM-CELL-R-LIST001.xml".
2022-04-26 21:40:43,321 - remove - INFO - Successfully removed pathname "E:\tis\output\GSM-CELL-W-LIST001.xml".
2022-04-26 21:40:43,399 - remove - INFO - Successfully removed pathname "E:\tis\output\LTE-CELL-LIST001.xml".
2022-04-26 21:40:43,415 - remove - INFO - Successfully removed pathname "E:\tis\output\MU-NODE-2G-LIST001.xml".
2022-04-26 21:40:43,415 - remove - INFO - Successfully removed pathname "E:\tis\output\MU-NODE-3G-LIST001.xml".
2022-04-26 21:40:43,430 - remove - INFO - Successfully removed pathname "E:\tis\output\MU-NODE-4G-LIST001.xml".
2022-04-26 21:40:43,430 - remove - INFO - Successfully removed pathname "E:\tis\output\NETWORK-LIST001.xml".
2022-04-26 21:40:43,586 - remove - INFO - Successfully removed pathname "E:\tis\output\PROPERTY-LIST001.xml".
2022-04-26 21:40:43,602 - remove - INFO - Successfully removed pathname "E:\tis\output\REPEATER-LIST001.xml".
2022-04-26 21:40:43,602 - remove - INFO - Successfully removed pathname "E:\tis\output\SUPPLIER-LIST001.xml".
2022-04-26 21:40:43,602 - remove - INFO - Successfully removed pathname "E:\tis\output\UMTS-CELL-A-LIST001.xml".
2022-04-26 21:40:43,618 - remove - INFO - Successfully removed pathname "E:\tis\output\UMTS-CELL-B-LIST001.xml".
2022-04-26 21:40:43,633 - remove - INFO - Successfully removed pathname "E:\tis\output\UMTS-CELL-C-LIST001.xml".
2022-04-26 21:40:43,633 - remove - INFO - Successfully removed pathname "E:\tis\output\UMTS-CELL-F-LIST001.xml".
2022-04-26 21:40:43,649 - remove - INFO - Successfully removed pathname "E:\tis\output\UMTS-CELL-G-LIST001.xml".
2022-04-26 21:40:43,649 - remove - INFO - Successfully removed pathname "E:\tis\output\UMTS-CELL-H-LIST001.xml".
2022-04-26 21:40:43,664 - remove - INFO - Successfully removed pathname "E:\tis\output\UMTS-CELL-L-LIST001.xml".
2022-04-26 21:40:43,664 - remove - INFO - Successfully removed pathname "E:\tis\output\UMTS-CELL-M-LIST001.xml".
2022-04-26 21:40:43,664 - remove - INFO - Successfully removed pathname "E:\tis\output\UMTS-CELL-N-LIST001.xml".
2022-04-26 21:40:43,680 - remove - INFO - Successfully removed pathname "E:\tis\output\UMTS-CELL-O-LIST001.xml".
2022-04-26 21:40:43,680 - remove - INFO - Successfully removed pathname "E:\tis\output\UMTS-CELL-R-LIST001.xml".
2022-04-26 21:40:43,680 - remove - INFO - Successfully removed pathname "E:\tis\output\UMTS-CELL-W-LIST001.xml".
2022-04-26 21:40:43,680 - root - INFO - Done.
2022-04-26 21:40:43,680 - root - INFO - Processing files...
2022-04-26 21:40:43,820 - copy_file - INFO - Successfully copied pathname "E:\tis\reference\a\GSM-CELL-LIST001.xml" to destination"E:\tis\output\GSM-CELL-A-LIST001.xml".
2022-04-26 21:40:43,961 - copy_file - INFO - Successfully copied pathname "E:\tis\reference\a\UMTS-CELL-LIST001.xml" to destination"E:\tis\output\UMTS-CELL-A-LIST001.xml".
2022-04-26 21:40:44,008 - copy_file - INFO - Successfully copied pathname "E:\tis\reference\b\GSM-CELL-LIST001.xml" to destination"E:\tis\output\GSM-CELL-B-LIST001.xml".
2022-04-26 21:40:44,117 - copy_file - INFO - Successfully copied pathname "E:\tis\reference\b\UMTS-CELL-LIST001.xml" to destination"E:\tis\output\UMTS-CELL-B-LIST001.xml".
2022-04-26 21:40:44,164 - copy_file - INFO - Successfully copied pathname "E:\tis\reference\c\GSM-CELL-LIST001.xml" to destination"E:\tis\output\GSM-CELL-C-LIST001.xml".
2022-04-26 21:40:44,288 - copy_file - INFO - Successfully copied pathname "E:\tis\reference\c\UMTS-CELL-LIST001.xml" to destination"E:\tis\output\UMTS-CELL-C-LIST001.xml".
2022-04-26 21:40:44,335 - copy_file - INFO - Successfully copied pathname "E:\tis\reference\f\GSM-CELL-LIST001.xml" to destination"E:\tis\output\GSM-CELL-F-LIST001.xml".
2022-04-26 21:40:44,444 - copy_file - INFO - Successfully copied pathname "E:\tis\reference\f\UMTS-CELL-LIST001.xml" to destination"E:\tis\output\UMTS-CELL-F-LIST001.xml".
2022-04-26 21:40:44,491 - copy_file - INFO - Successfully copied pathname "E:\tis\reference\g\GSM-CELL-LIST001.xml" to destination"E:\tis\output\GSM-CELL-G-LIST001.xml".
2022-04-26 21:40:44,585 - copy_file - INFO - Successfully copied pathname "E:\tis\reference\g\UMTS-CELL-LIST001.xml" to destination"E:\tis\output\UMTS-CELL-G-LIST001.xml".
2022-04-26 21:40:44,616 - copy_file - INFO - Successfully copied pathname "E:\tis\reference\h\GSM-CELL-LIST001.xml" to destination"E:\tis\output\GSM-CELL-H-LIST001.xml".
2022-04-26 21:40:44,694 - copy_file - INFO - Successfully copied pathname "E:\tis\reference\h\UMTS-CELL-LIST001.xml" to destination"E:\tis\output\UMTS-CELL-H-LIST001.xml".
2022-04-26 21:40:44,756 - copy_file - INFO - Successfully copied pathname "E:\tis\reference\l\GSM-CELL-LIST001.xml" to destination"E:\tis\output\GSM-CELL-L-LIST001.xml".
2022-04-26 21:40:44,850 - copy_file - INFO - Successfully copied pathname "E:\tis\reference\l\UMTS-CELL-LIST001.xml" to destination"E:\tis\output\UMTS-CELL-L-LIST001.xml".
2022-04-26 21:40:44,866 - copy_file - INFO - Successfully copied pathname "E:\tis\reference\m\GSM-CELL-LIST001.xml" to destination"E:\tis\output\GSM-CELL-M-LIST001.xml".
2022-04-26 21:40:44,881 - copy_file - INFO - Successfully copied pathname "E:\tis\reference\m\UMTS-CELL-LIST001.xml" to destination"E:\tis\output\UMTS-CELL-M-LIST001.xml".
2022-04-26 21:40:44,897 - copy_file - INFO - Successfully copied pathname "E:\tis\reference\n\GSM-CELL-LIST001.xml" to destination"E:\tis\output\GSM-CELL-N-LIST001.xml".
2022-04-26 21:40:44,944 - copy_file - INFO - Successfully copied pathname "E:\tis\reference\n\UMTS-CELL-LIST001.xml" to destination"E:\tis\output\UMTS-CELL-N-LIST001.xml".
2022-04-26 21:40:44,990 - copy_file - INFO - Successfully copied pathname "E:\tis\reference\o\GSM-CELL-LIST001.xml" to destination"E:\tis\output\GSM-CELL-O-LIST001.xml".
2022-04-26 21:40:45,084 - copy_file - INFO - Successfully copied pathname "E:\tis\reference\o\UMTS-CELL-LIST001.xml" to destination"E:\tis\output\UMTS-CELL-O-LIST001.xml".
2022-04-26 21:40:45,115 - copy_file - INFO - Successfully copied pathname "E:\tis\reference\r\GSM-CELL-LIST001.xml" to destination"E:\tis\output\GSM-CELL-R-LIST001.xml".
2022-04-26 21:40:45,146 - copy_file - INFO - Successfully copied pathname "E:\tis\reference\r\UMTS-CELL-LIST001.xml" to destination"E:\tis\output\UMTS-CELL-R-LIST001.xml".
2022-04-26 21:40:45,162 - copy_file - INFO - Successfully copied pathname "E:\tis\reference\w\GSM-CELL-LIST001.xml" to destination"E:\tis\output\GSM-CELL-W-LIST001.xml".
2022-04-26 21:40:45,193 - copy_file - INFO - Successfully copied pathname "E:\tis\reference\w\UMTS-CELL-LIST001.xml" to destination"E:\tis\output\UMTS-CELL-W-LIST001.xml".
2022-04-26 21:40:46,129 - copy_file - INFO - Successfully copied pathname "E:\tis\reference\all\LTE-CELL-LIST001.xml" to destination"E:\tis\output\LTE-CELL-LIST001.xml".
2022-04-26 21:40:46,129 - copy_file - INFO - Successfully copied pathname "E:\tis\reference\all\NETWORK-LIST001.xml" to destination"E:\tis\output\NETWORK-LIST001.xml".
2022-04-26 21:40:48,017 - copy_file - INFO - Successfully copied pathname "E:\tis\reference\all\PROPERTY-LIST001.xml" to destination"E:\tis\output\PROPERTY-LIST001.xml".
2022-04-26 21:40:48,032 - copy_file - INFO - Successfully copied pathname "E:\tis\reference\all\REPEATER-LIST001.xml" to destination"E:\tis\output\REPEATER-LIST001.xml".
2022-04-26 21:40:48,032 - copy_file - INFO - Successfully copied pathname "E:\tis\reference\all\SUPPLIER-LIST001.xml" to destination"E:\tis\output\SUPPLIER-LIST001.xml".
2022-04-26 21:40:49,421 - copy_file - INFO - Successfully copied pathname "E:\tis\reference\all\ANTENNA-LIST001.xml" to destination"E:\tis\output\ANTENNA-LIST001.xml".
2022-04-26 21:40:49,421 - copy_file - INFO - Successfully copied pathname "E:\tis\reference\all\CAR-LAYER-LIST001.xml" to destination"E:\tis\output\CAR-LAYER-LIST001.xml".
2022-04-26 21:40:49,468 - copy_file - INFO - Successfully copied pathname "E:\tis\reference\nodes\2g\MU-NODE-LIST001.xml" to destination"E:\tis\output\MU-NODE-2G-LIST001.xml".
2022-04-26 21:40:49,577 - copy_file - INFO - Successfully copied pathname "E:\tis\reference\nodes\3g\MU-NODE-LIST001.xml" to destination"E:\tis\output\MU-NODE-3G-LIST001.xml".
2022-04-26 21:40:49,624 - copy_file - INFO - Successfully copied pathname "E:\tis\reference\nodes\4g\MU-NODE-LIST001.xml" to destination"E:\tis\output\MU-NODE-4G-LIST001.xml".
2022-04-26 21:40:49,624 - root - INFO - Done.
2022-04-26 21:40:49,873 - paramiko.transport - INFO - Connected (version 2.0, client OpenSSH_5.8)
2022-04-26 21:40:49,998 - paramiko.transport - INFO - Authentication (publickey) successful!
2022-04-26 21:40:50,482 - paramiko.transport.sftp - INFO - [chan 0] Opened sftp connection (server version 3)
2022-04-26 21:40:50,482 - root - INFO - Seding files to satisfaction...
2022-04-26 21:43:32,523 - root - INFO - Done.
2022-04-26 21:43:32,523 - root - INFO - Archiving and compressing REFERENCE data...
2022-04-26 21:44:29,044 - root - INFO - Copying the log at this point...
2022-04-26 21:44:29,059 - copy_file - INFO - Successfully copied pathname "E:\tis\logs\python_20220426190003.log" to destination"E:\tis\logs\tis_20220426190003\python_20220426190003.log".
2022-04-26 21:44:29,059 - root - INFO - Archiving and compressing logs...
2022-04-26 21:44:29,184 - remove - INFO - Successfully removed path-prefix "E:\tis\logs\tis_20220426190003".
2022-04-26 21:44:29,387 - root - INFO - Authoring admin email template...
2022-04-26 21:44:29,418 - paramiko.transport - INFO - Connected (version 2.0, client Sun_SSH_2.0)
2022-04-26 21:44:31,820 - paramiko.transport - INFO - Authentication (publickey) successful!
2022-04-26 21:44:31,852 - paramiko.transport.sftp - INFO - [chan 0] Opened sftp connection (server version 3)
2022-04-26 21:44:31,852 - root - INFO - Seding files to freetown...
2022-04-26 21:44:32,523 - root - INFO - Done.
