2022-04-23 19:00:03,570 - root - INFO - Logging enabled.
2022-04-23 19:00:03,601 - root - INFO - The script was executed from "tis.py", located in the     path-prefix "E:\tis" on the machine "MSEKIMW778P".
2022-04-23 19:00:03,679 - root - INFO - Exporting region A.
2022-04-23 19:00:03,679 - root - INFO - Removing exported data...
2022-04-23 19:00:03,695 - remove - INFO - Successfully removed pathname "E:\tis\regions\a\property\INDEX001.xml".
2022-04-23 19:00:03,695 - remove - INFO - Successfully removed pathname "E:\tis\regions\a\property\PROPERTY-LIST001.xml".
2022-04-23 19:00:03,695 - remove - INFO - Successfully removed pathname "E:\tis\regions\a\2g\GSM-CELL-LIST001.xml".
2022-04-23 19:00:03,695 - remove - INFO - Successfully removed pathname "E:\tis\regions\a\2g\INDEX001.xml".
2022-04-23 19:00:03,695 - remove - INFO - Successfully removed pathname "E:\tis\regions\a\2g\MU-NODE-LIST001.xml".
2022-04-23 19:00:03,695 - remove - INFO - Successfully removed pathname "E:\tis\regions\a\3g\INDEX001.xml".
2022-04-23 19:00:03,695 - remove - INFO - Successfully removed pathname "E:\tis\regions\a\3g\MU-NODE-LIST001.xml".
2022-04-23 19:00:03,695 - remove - INFO - Successfully removed pathname "E:\tis\regions\a\3g\NETWORK-LIST001.xml".
2022-04-23 19:00:03,695 - remove - INFO - Successfully removed pathname "E:\tis\regions\a\3g\UMTS-CELL-LIST001.xml".
2022-04-23 19:00:03,695 - remove - INFO - Successfully removed pathname "E:\tis\regions\a\4g\INDEX001.xml".
2022-04-23 19:00:03,695 - remove - INFO - Successfully removed pathname "E:\tis\regions\a\4g\LTE-CELL-LIST001.xml".
2022-04-23 19:00:03,710 - remove - INFO - Successfully removed pathname "E:\tis\regions\a\4g\MU-NODE-LIST001.xml".
2022-04-23 19:00:03,710 - remove - INFO - Successfully removed pathname "E:\tis\regions\a\repeater\INDEX001.xml".
2022-04-23 19:00:03,710 - remove - INFO - Successfully removed pathname "E:\tis\regions\a\repeater\REPEATER-LIST001.xml".
2022-04-23 19:00:03,710 - root - INFO - Exporting data...
2022-04-23 19:00:03,710 - dbcmd - INFO - Removing old dbcmd log files...
2022-04-23 19:00:03,710 - remove - INFO - Successfully removed pathname "E:\tis\regions\a_2022-04-22_19-00-03.log".
2022-04-23 19:00:03,710 - dbcmd - INFO - Executing dbcmd...
2022-04-23 19:04:24,323 - dbcmd - INFO - Checking log file "E:\tis\regions\a_2022-04-23_19-00-04.log"...
2022-04-23 19:04:24,339 - copy_file - INFO - Successfully copied pathname "E:\tis\regions\a_2022-04-23_19-00-04.log" to destination"E:\tis\logs\tis_20220423190003\a_2022-04-23_19-00-04.log".
2022-04-23 19:04:24,744 - root - INFO - Done.
2022-04-23 19:04:24,744 - root - INFO - Exporting region BFW.
2022-04-23 19:04:24,744 - root - INFO - Removing exported data...
2022-04-23 19:04:24,760 - remove - INFO - Successfully removed pathname "E:\tis\regions\bfw\property\INDEX001.xml".
2022-04-23 19:04:24,760 - remove - INFO - Successfully removed pathname "E:\tis\regions\bfw\property\PROPERTY-LIST001.xml".
2022-04-23 19:04:24,775 - remove - INFO - Successfully removed pathname "E:\tis\regions\bfw\2g\GSM-CELL-LIST001.xml".
2022-04-23 19:04:24,775 - remove - INFO - Successfully removed pathname "E:\tis\regions\bfw\2g\INDEX001.xml".
2022-04-23 19:04:24,775 - remove - INFO - Successfully removed pathname "E:\tis\regions\bfw\2g\MU-NODE-LIST001.xml".
2022-04-23 19:04:24,775 - remove - INFO - Successfully removed pathname "E:\tis\regions\bfw\3g\INDEX001.xml".
2022-04-23 19:04:24,775 - remove - INFO - Successfully removed pathname "E:\tis\regions\bfw\3g\MU-NODE-LIST001.xml".
2022-04-23 19:04:24,775 - remove - INFO - Successfully removed pathname "E:\tis\regions\bfw\3g\NETWORK-LIST001.xml".
2022-04-23 19:04:24,791 - remove - INFO - Successfully removed pathname "E:\tis\regions\bfw\3g\UMTS-CELL-LIST001.xml".
2022-04-23 19:04:24,791 - remove - INFO - Successfully removed pathname "E:\tis\regions\bfw\4g\INDEX001.xml".
2022-04-23 19:04:24,791 - remove - INFO - Successfully removed pathname "E:\tis\regions\bfw\4g\LTE-CELL-LIST001.xml".
2022-04-23 19:04:24,807 - remove - INFO - Successfully removed pathname "E:\tis\regions\bfw\4g\MU-NODE-LIST001.xml".
2022-04-23 19:04:24,807 - remove - INFO - Successfully removed pathname "E:\tis\regions\bfw\repeater\INDEX001.xml".
2022-04-23 19:04:24,807 - remove - INFO - Successfully removed pathname "E:\tis\regions\bfw\repeater\REPEATER-LIST001.xml".
2022-04-23 19:04:24,807 - root - INFO - Exporting data...
2022-04-23 19:04:24,807 - dbcmd - INFO - Removing old dbcmd log files...
2022-04-23 19:04:24,807 - remove - INFO - Successfully removed pathname "E:\tis\regions\bfw_2022-04-22_19-03-41.log".
2022-04-23 19:04:24,807 - dbcmd - INFO - Executing dbcmd...
2022-04-23 19:09:30,033 - dbcmd - INFO - Checking log file "E:\tis\regions\bfw_2022-04-23_19-04-25.log"...
2022-04-23 19:09:30,049 - copy_file - INFO - Successfully copied pathname "E:\tis\regions\bfw_2022-04-23_19-04-25.log" to destination"E:\tis\logs\tis_20220423190003\bfw_2022-04-23_19-04-25.log".
2022-04-23 19:09:30,455 - root - INFO - Done.
2022-04-23 19:09:30,455 - root - INFO - Exporting region C.
2022-04-23 19:09:30,455 - root - INFO - Removing exported data...
2022-04-23 19:09:30,455 - remove - INFO - Successfully removed pathname "E:\tis\regions\c\property\INDEX001.xml".
2022-04-23 19:09:30,470 - remove - INFO - Successfully removed pathname "E:\tis\regions\c\property\PROPERTY-LIST001.xml".
2022-04-23 19:09:30,470 - remove - INFO - Successfully removed pathname "E:\tis\regions\c\2g\GSM-CELL-LIST001.xml".
2022-04-23 19:09:30,470 - remove - INFO - Successfully removed pathname "E:\tis\regions\c\2g\INDEX001.xml".
2022-04-23 19:09:30,470 - remove - INFO - Successfully removed pathname "E:\tis\regions\c\2g\MU-NODE-LIST001.xml".
2022-04-23 19:09:30,470 - remove - INFO - Successfully removed pathname "E:\tis\regions\c\3g\INDEX001.xml".
2022-04-23 19:09:30,470 - remove - INFO - Successfully removed pathname "E:\tis\regions\c\3g\MU-NODE-LIST001.xml".
2022-04-23 19:09:30,470 - remove - INFO - Successfully removed pathname "E:\tis\regions\c\3g\NETWORK-LIST001.xml".
2022-04-23 19:09:30,470 - remove - INFO - Successfully removed pathname "E:\tis\regions\c\3g\UMTS-CELL-LIST001.xml".
2022-04-23 19:09:30,470 - remove - INFO - Successfully removed pathname "E:\tis\regions\c\4g\INDEX001.xml".
2022-04-23 19:09:30,486 - remove - INFO - Successfully removed pathname "E:\tis\regions\c\4g\LTE-CELL-LIST001.xml".
2022-04-23 19:09:30,486 - remove - INFO - Successfully removed pathname "E:\tis\regions\c\4g\MU-NODE-LIST001.xml".
2022-04-23 19:09:30,486 - remove - INFO - Successfully removed pathname "E:\tis\regions\c\repeater\INDEX001.xml".
2022-04-23 19:09:30,486 - remove - INFO - Successfully removed pathname "E:\tis\regions\c\repeater\REPEATER-LIST001.xml".
2022-04-23 19:09:30,486 - root - INFO - Exporting data...
2022-04-23 19:09:30,486 - dbcmd - INFO - Removing old dbcmd log files...
2022-04-23 19:09:30,486 - remove - INFO - Successfully removed pathname "E:\tis\regions\c_2022-04-22_19-08-55.log".
2022-04-23 19:09:30,486 - dbcmd - INFO - Executing dbcmd...
2022-04-23 19:12:46,195 - dbcmd - INFO - Checking log file "E:\tis\regions\c_2022-04-23_19-09-30.log"...
2022-04-23 19:12:46,211 - copy_file - INFO - Successfully copied pathname "E:\tis\regions\c_2022-04-23_19-09-30.log" to destination"E:\tis\logs\tis_20220423190003\c_2022-04-23_19-09-30.log".
2022-04-23 19:12:46,413 - root - INFO - Done.
2022-04-23 19:12:46,413 - root - INFO - Exporting region G.
2022-04-23 19:12:46,429 - root - INFO - Removing exported data...
2022-04-23 19:12:46,429 - remove - INFO - Successfully removed pathname "E:\tis\regions\g\property\INDEX001.xml".
2022-04-23 19:12:46,429 - remove - INFO - Successfully removed pathname "E:\tis\regions\g\property\PROPERTY-LIST001.xml".
2022-04-23 19:12:46,429 - remove - INFO - Successfully removed pathname "E:\tis\regions\g\2g\GSM-CELL-LIST001.xml".
2022-04-23 19:12:46,429 - remove - INFO - Successfully removed pathname "E:\tis\regions\g\2g\INDEX001.xml".
2022-04-23 19:12:46,429 - remove - INFO - Successfully removed pathname "E:\tis\regions\g\2g\MU-NODE-LIST001.xml".
2022-04-23 19:12:46,429 - remove - INFO - Successfully removed pathname "E:\tis\regions\g\3g\INDEX001.xml".
2022-04-23 19:12:46,429 - remove - INFO - Successfully removed pathname "E:\tis\regions\g\3g\MU-NODE-LIST001.xml".
2022-04-23 19:12:46,429 - remove - INFO - Successfully removed pathname "E:\tis\regions\g\3g\NETWORK-LIST001.xml".
2022-04-23 19:12:46,445 - remove - INFO - Successfully removed pathname "E:\tis\regions\g\3g\UMTS-CELL-LIST001.xml".
2022-04-23 19:12:46,445 - remove - INFO - Successfully removed pathname "E:\tis\regions\g\4g\INDEX001.xml".
2022-04-23 19:12:46,445 - remove - INFO - Successfully removed pathname "E:\tis\regions\g\4g\LTE-CELL-LIST001.xml".
2022-04-23 19:12:46,445 - remove - INFO - Successfully removed pathname "E:\tis\regions\g\4g\MU-NODE-LIST001.xml".
2022-04-23 19:12:46,445 - remove - INFO - Successfully removed pathname "E:\tis\regions\g\repeater\INDEX001.xml".
2022-04-23 19:12:46,445 - remove - INFO - Successfully removed pathname "E:\tis\regions\g\repeater\REPEATER-LIST001.xml".
2022-04-23 19:12:46,445 - root - INFO - Exporting data...
2022-04-23 19:12:46,445 - dbcmd - INFO - Removing old dbcmd log files...
2022-04-23 19:12:46,445 - remove - INFO - Successfully removed pathname "E:\tis\regions\g_2022-04-22_19-12-05.log".
2022-04-23 19:12:46,460 - dbcmd - INFO - Executing dbcmd...
2022-04-23 19:16:20,421 - dbcmd - INFO - Checking log file "E:\tis\regions\g_2022-04-23_19-12-46.log"...
2022-04-23 19:16:20,437 - copy_file - INFO - Successfully copied pathname "E:\tis\regions\g_2022-04-23_19-12-46.log" to destination"E:\tis\logs\tis_20220423190003\g_2022-04-23_19-12-46.log".
2022-04-23 19:16:20,593 - root - INFO - Done.
2022-04-23 19:16:20,593 - root - INFO - Exporting region H.
2022-04-23 19:16:20,593 - root - INFO - Removing exported data...
2022-04-23 19:16:20,593 - remove - INFO - Successfully removed pathname "E:\tis\regions\h\property\INDEX001.xml".
2022-04-23 19:16:20,593 - remove - INFO - Successfully removed pathname "E:\tis\regions\h\property\PROPERTY-LIST001.xml".
2022-04-23 19:16:20,593 - remove - INFO - Successfully removed pathname "E:\tis\regions\h\2g\GSM-CELL-LIST001.xml".
2022-04-23 19:16:20,593 - remove - INFO - Successfully removed pathname "E:\tis\regions\h\2g\INDEX001.xml".
2022-04-23 19:16:20,593 - remove - INFO - Successfully removed pathname "E:\tis\regions\h\2g\MU-NODE-LIST001.xml".
2022-04-23 19:16:20,608 - remove - INFO - Successfully removed pathname "E:\tis\regions\h\3g\INDEX001.xml".
2022-04-23 19:16:20,608 - remove - INFO - Successfully removed pathname "E:\tis\regions\h\3g\MU-NODE-LIST001.xml".
2022-04-23 19:16:20,608 - remove - INFO - Successfully removed pathname "E:\tis\regions\h\3g\NETWORK-LIST001.xml".
2022-04-23 19:16:20,608 - remove - INFO - Successfully removed pathname "E:\tis\regions\h\3g\UMTS-CELL-LIST001.xml".
2022-04-23 19:16:20,608 - remove - INFO - Successfully removed pathname "E:\tis\regions\h\4g\INDEX001.xml".
2022-04-23 19:16:20,608 - remove - INFO - Successfully removed pathname "E:\tis\regions\h\4g\LTE-CELL-LIST001.xml".
2022-04-23 19:16:20,608 - remove - INFO - Successfully removed pathname "E:\tis\regions\h\4g\MU-NODE-LIST001.xml".
2022-04-23 19:16:20,608 - remove - INFO - Successfully removed pathname "E:\tis\regions\h\repeater\INDEX001.xml".
2022-04-23 19:16:20,608 - remove - INFO - Successfully removed pathname "E:\tis\regions\h\repeater\REPEATER-LIST001.xml".
2022-04-23 19:16:20,608 - root - INFO - Exporting data...
2022-04-23 19:16:20,624 - dbcmd - INFO - Removing old dbcmd log files...
2022-04-23 19:16:20,624 - remove - INFO - Successfully removed pathname "E:\tis\regions\h_2022-04-22_19-15-09.log".
2022-04-23 19:16:20,624 - dbcmd - INFO - Executing dbcmd...
2022-04-23 19:19:01,855 - dbcmd - INFO - Checking log file "E:\tis\regions\h_2022-04-23_19-16-21.log"...
2022-04-23 19:19:01,871 - copy_file - INFO - Successfully copied pathname "E:\tis\regions\h_2022-04-23_19-16-21.log" to destination"E:\tis\logs\tis_20220423190003\h_2022-04-23_19-16-21.log".
2022-04-23 19:19:01,949 - root - INFO - Done.
2022-04-23 19:19:01,949 - root - INFO - Exporting region L.
2022-04-23 19:19:01,949 - root - INFO - Removing exported data...
2022-04-23 19:19:01,949 - remove - INFO - Successfully removed pathname "E:\tis\regions\l\property\INDEX001.xml".
2022-04-23 19:19:01,949 - remove - INFO - Successfully removed pathname "E:\tis\regions\l\property\PROPERTY-LIST001.xml".
2022-04-23 19:19:01,964 - remove - INFO - Successfully removed pathname "E:\tis\regions\l\2g\GSM-CELL-LIST001.xml".
2022-04-23 19:19:01,964 - remove - INFO - Successfully removed pathname "E:\tis\regions\l\2g\INDEX001.xml".
2022-04-23 19:19:01,964 - remove - INFO - Successfully removed pathname "E:\tis\regions\l\2g\MU-NODE-LIST001.xml".
2022-04-23 19:19:01,964 - remove - INFO - Successfully removed pathname "E:\tis\regions\l\3g\INDEX001.xml".
2022-04-23 19:19:01,964 - remove - INFO - Successfully removed pathname "E:\tis\regions\l\3g\MU-NODE-LIST001.xml".
2022-04-23 19:19:01,964 - remove - INFO - Successfully removed pathname "E:\tis\regions\l\3g\NETWORK-LIST001.xml".
2022-04-23 19:19:01,964 - remove - INFO - Successfully removed pathname "E:\tis\regions\l\3g\UMTS-CELL-LIST001.xml".
2022-04-23 19:19:01,964 - remove - INFO - Successfully removed pathname "E:\tis\regions\l\4g\INDEX001.xml".
2022-04-23 19:19:01,964 - remove - INFO - Successfully removed pathname "E:\tis\regions\l\4g\LTE-CELL-LIST001.xml".
2022-04-23 19:19:01,964 - remove - INFO - Successfully removed pathname "E:\tis\regions\l\4g\MU-NODE-LIST001.xml".
2022-04-23 19:19:01,980 - remove - INFO - Successfully removed pathname "E:\tis\regions\l\repeater\INDEX001.xml".
2022-04-23 19:19:01,980 - remove - INFO - Successfully removed pathname "E:\tis\regions\l\repeater\REPEATER-LIST001.xml".
2022-04-23 19:19:01,980 - root - INFO - Exporting data...
2022-04-23 19:19:01,980 - dbcmd - INFO - Removing old dbcmd log files...
2022-04-23 19:19:01,980 - remove - INFO - Successfully removed pathname "E:\tis\regions\l_2022-04-22_19-18-03.log".
2022-04-23 19:19:01,980 - dbcmd - INFO - Executing dbcmd...
2022-04-23 19:22:12,618 - dbcmd - INFO - Checking log file "E:\tis\regions\l_2022-04-23_19-19-02.log"...
2022-04-23 19:22:12,649 - copy_file - INFO - Successfully copied pathname "E:\tis\regions\l_2022-04-23_19-19-02.log" to destination"E:\tis\logs\tis_20220423190003\l_2022-04-23_19-19-02.log".
2022-04-23 19:22:12,836 - root - INFO - Done.
2022-04-23 19:22:12,836 - root - INFO - Exporting region NR.
2022-04-23 19:22:12,836 - root - INFO - Removing exported data...
2022-04-23 19:22:12,836 - remove - INFO - Successfully removed pathname "E:\tis\regions\nr\property\INDEX001.xml".
2022-04-23 19:22:12,836 - remove - INFO - Successfully removed pathname "E:\tis\regions\nr\property\PROPERTY-LIST001.xml".
2022-04-23 19:22:12,836 - remove - INFO - Successfully removed pathname "E:\tis\regions\nr\2g\GSM-CELL-LIST001.xml".
2022-04-23 19:22:12,836 - remove - INFO - Successfully removed pathname "E:\tis\regions\nr\2g\INDEX001.xml".
2022-04-23 19:22:12,836 - remove - INFO - Successfully removed pathname "E:\tis\regions\nr\2g\MU-NODE-LIST001.xml".
2022-04-23 19:22:12,836 - remove - INFO - Successfully removed pathname "E:\tis\regions\nr\3g\INDEX001.xml".
2022-04-23 19:22:12,836 - remove - INFO - Successfully removed pathname "E:\tis\regions\nr\3g\MU-NODE-LIST001.xml".
2022-04-23 19:22:12,836 - remove - INFO - Successfully removed pathname "E:\tis\regions\nr\3g\NETWORK-LIST001.xml".
2022-04-23 19:22:12,852 - remove - INFO - Successfully removed pathname "E:\tis\regions\nr\3g\UMTS-CELL-LIST001.xml".
2022-04-23 19:22:12,852 - remove - INFO - Successfully removed pathname "E:\tis\regions\nr\4g\INDEX001.xml".
2022-04-23 19:22:12,852 - remove - INFO - Successfully removed pathname "E:\tis\regions\nr\4g\LTE-CELL-LIST001.xml".
2022-04-23 19:22:12,852 - remove - INFO - Successfully removed pathname "E:\tis\regions\nr\4g\MU-NODE-LIST001.xml".
2022-04-23 19:22:12,852 - remove - INFO - Successfully removed pathname "E:\tis\regions\nr\repeater\INDEX001.xml".
2022-04-23 19:22:12,852 - remove - INFO - Successfully removed pathname "E:\tis\regions\nr\repeater\REPEATER-LIST001.xml".
2022-04-23 19:22:12,852 - root - INFO - Exporting data...
2022-04-23 19:22:12,852 - dbcmd - INFO - Removing old dbcmd log files...
2022-04-23 19:22:12,868 - remove - INFO - Successfully removed pathname "E:\tis\regions\nr_2022-04-22_19-21-26.log".
2022-04-23 19:22:12,868 - dbcmd - INFO - Executing dbcmd...
2022-04-23 19:25:07,281 - dbcmd - INFO - Checking log file "E:\tis\regions\nr_2022-04-23_19-22-13.log"...
2022-04-23 19:25:07,297 - copy_file - INFO - Successfully copied pathname "E:\tis\regions\nr_2022-04-23_19-22-13.log" to destination"E:\tis\logs\tis_20220423190003\nr_2022-04-23_19-22-13.log".
2022-04-23 19:25:07,437 - root - INFO - Done.
2022-04-23 19:25:07,437 - root - INFO - Exporting region O.
2022-04-23 19:25:07,437 - root - INFO - Removing exported data...
2022-04-23 19:25:07,437 - remove - INFO - Successfully removed pathname "E:\tis\regions\o\property\INDEX001.xml".
2022-04-23 19:25:07,437 - remove - INFO - Successfully removed pathname "E:\tis\regions\o\property\PROPERTY-LIST001.xml".
2022-04-23 19:25:07,437 - remove - INFO - Successfully removed pathname "E:\tis\regions\o\2g\GSM-CELL-LIST001.xml".
2022-04-23 19:25:07,437 - remove - INFO - Successfully removed pathname "E:\tis\regions\o\2g\INDEX001.xml".
2022-04-23 19:25:07,437 - remove - INFO - Successfully removed pathname "E:\tis\regions\o\2g\MU-NODE-LIST001.xml".
2022-04-23 19:25:07,437 - remove - INFO - Successfully removed pathname "E:\tis\regions\o\3g\INDEX001.xml".
2022-04-23 19:25:07,453 - remove - INFO - Successfully removed pathname "E:\tis\regions\o\3g\MU-NODE-LIST001.xml".
2022-04-23 19:25:07,453 - remove - INFO - Successfully removed pathname "E:\tis\regions\o\3g\NETWORK-LIST001.xml".
2022-04-23 19:25:07,453 - remove - INFO - Successfully removed pathname "E:\tis\regions\o\3g\UMTS-CELL-LIST001.xml".
2022-04-23 19:25:07,453 - remove - INFO - Successfully removed pathname "E:\tis\regions\o\4g\INDEX001.xml".
2022-04-23 19:25:07,453 - remove - INFO - Successfully removed pathname "E:\tis\regions\o\4g\LTE-CELL-LIST001.xml".
2022-04-23 19:25:07,453 - remove - INFO - Successfully removed pathname "E:\tis\regions\o\4g\MU-NODE-LIST001.xml".
2022-04-23 19:25:07,453 - remove - INFO - Successfully removed pathname "E:\tis\regions\o\repeater\INDEX001.xml".
2022-04-23 19:25:07,453 - remove - INFO - Successfully removed pathname "E:\tis\regions\o\repeater\REPEATER-LIST001.xml".
2022-04-23 19:25:07,453 - root - INFO - Exporting data...
2022-04-23 19:25:07,468 - dbcmd - INFO - Removing old dbcmd log files...
2022-04-23 19:25:07,468 - remove - INFO - Successfully removed pathname "E:\tis\regions\o_2022-04-22_19-24-16.log".
2022-04-23 19:25:07,468 - dbcmd - INFO - Executing dbcmd...
2022-04-23 19:28:15,064 - dbcmd - INFO - Checking log file "E:\tis\regions\o_2022-04-23_19-25-07.log"...
2022-04-23 19:28:15,080 - copy_file - INFO - Successfully copied pathname "E:\tis\regions\o_2022-04-23_19-25-07.log" to destination"E:\tis\logs\tis_20220423190003\o_2022-04-23_19-25-07.log".
2022-04-23 19:28:15,252 - root - INFO - Done.
2022-04-23 19:28:15,252 - root - INFO - Importing data to reference...
2022-04-23 19:28:15,267 - dbcmd - INFO - Removing old dbcmd log files...
2022-04-23 19:28:15,267 - remove - INFO - Successfully removed pathname "E:\tis\regions\reference_2022-04-22_19-27-29.log".
2022-04-23 19:28:15,267 - dbcmd - INFO - Executing dbcmd...
2022-04-23 23:29:54,040 - dbcmd - INFO - Checking log file "E:\tis\regions\reference_2022-04-23_19-28-15.log"...
2022-04-23 23:29:54,571 - copy_file - INFO - Successfully copied pathname "E:\tis\regions\reference_2022-04-23_19-28-15.log" to destination"E:\tis\logs\tis_20220423190003\reference_2022-04-23_19-28-15.log".
2022-04-23 23:29:54,571 - root - INFO - Done.
2022-04-23 23:29:54,586 - root - INFO - Removing reference exported data...
2022-04-23 23:29:54,586 - remove - INFO - Successfully removed pathname "E:\tis\reference\a\GSM-CELL-LIST001.xml".
2022-04-23 23:29:54,586 - remove - INFO - Successfully removed pathname "E:\tis\reference\a\INDEX001.xml".
2022-04-23 23:29:54,602 - remove - INFO - Successfully removed pathname "E:\tis\reference\a\UMTS-CELL-LIST001.xml".
2022-04-23 23:29:54,602 - remove - INFO - Successfully removed pathname "E:\tis\reference\b\GSM-CELL-LIST001.xml".
2022-04-23 23:29:54,602 - remove - INFO - Successfully removed pathname "E:\tis\reference\b\INDEX001.xml".
2022-04-23 23:29:54,618 - remove - INFO - Successfully removed pathname "E:\tis\reference\b\UMTS-CELL-LIST001.xml".
2022-04-23 23:29:54,618 - remove - INFO - Successfully removed pathname "E:\tis\reference\c\GSM-CELL-LIST001.xml".
2022-04-23 23:29:54,618 - remove - INFO - Successfully removed pathname "E:\tis\reference\c\INDEX001.xml".
2022-04-23 23:29:54,633 - remove - INFO - Successfully removed pathname "E:\tis\reference\c\UMTS-CELL-LIST001.xml".
2022-04-23 23:29:54,633 - remove - INFO - Successfully removed pathname "E:\tis\reference\f\GSM-CELL-LIST001.xml".
2022-04-23 23:29:54,633 - remove - INFO - Successfully removed pathname "E:\tis\reference\f\INDEX001.xml".
2022-04-23 23:29:54,649 - remove - INFO - Successfully removed pathname "E:\tis\reference\f\UMTS-CELL-LIST001.xml".
2022-04-23 23:29:54,649 - remove - INFO - Successfully removed pathname "E:\tis\reference\g\GSM-CELL-LIST001.xml".
2022-04-23 23:29:54,649 - remove - INFO - Successfully removed pathname "E:\tis\reference\g\INDEX001.xml".
2022-04-23 23:29:54,664 - remove - INFO - Successfully removed pathname "E:\tis\reference\g\UMTS-CELL-LIST001.xml".
2022-04-23 23:29:54,664 - remove - INFO - Successfully removed pathname "E:\tis\reference\h\GSM-CELL-LIST001.xml".
2022-04-23 23:29:54,664 - remove - INFO - Successfully removed pathname "E:\tis\reference\h\INDEX001.xml".
2022-04-23 23:29:54,664 - remove - INFO - Successfully removed pathname "E:\tis\reference\h\UMTS-CELL-LIST001.xml".
2022-04-23 23:29:54,680 - remove - INFO - Successfully removed pathname "E:\tis\reference\l\GSM-CELL-LIST001.xml".
2022-04-23 23:29:54,680 - remove - INFO - Successfully removed pathname "E:\tis\reference\l\INDEX001.xml".
2022-04-23 23:29:54,680 - remove - INFO - Successfully removed pathname "E:\tis\reference\l\UMTS-CELL-LIST001.xml".
2022-04-23 23:29:54,696 - remove - INFO - Successfully removed pathname "E:\tis\reference\m\GSM-CELL-LIST001.xml".
2022-04-23 23:29:54,696 - remove - INFO - Successfully removed pathname "E:\tis\reference\m\INDEX001.xml".
2022-04-23 23:29:54,696 - remove - INFO - Successfully removed pathname "E:\tis\reference\m\UMTS-CELL-LIST001.xml".
2022-04-23 23:29:54,696 - remove - INFO - Successfully removed pathname "E:\tis\reference\n\GSM-CELL-LIST001.xml".
2022-04-23 23:29:54,696 - remove - INFO - Successfully removed pathname "E:\tis\reference\n\INDEX001.xml".
2022-04-23 23:29:54,696 - remove - INFO - Successfully removed pathname "E:\tis\reference\n\UMTS-CELL-LIST001.xml".
2022-04-23 23:29:54,711 - remove - INFO - Successfully removed pathname "E:\tis\reference\o\GSM-CELL-LIST001.xml".
2022-04-23 23:29:54,711 - remove - INFO - Successfully removed pathname "E:\tis\reference\o\INDEX001.xml".
2022-04-23 23:29:54,711 - remove - INFO - Successfully removed pathname "E:\tis\reference\o\UMTS-CELL-LIST001.xml".
2022-04-23 23:29:54,711 - remove - INFO - Successfully removed pathname "E:\tis\reference\r\GSM-CELL-LIST001.xml".
2022-04-23 23:29:54,727 - remove - INFO - Successfully removed pathname "E:\tis\reference\r\INDEX001.xml".
2022-04-23 23:29:54,727 - remove - INFO - Successfully removed pathname "E:\tis\reference\r\UMTS-CELL-LIST001.xml".
2022-04-23 23:29:54,727 - remove - INFO - Successfully removed pathname "E:\tis\reference\w\GSM-CELL-LIST001.xml".
2022-04-23 23:29:54,727 - remove - INFO - Successfully removed pathname "E:\tis\reference\w\INDEX001.xml".
2022-04-23 23:29:54,727 - remove - INFO - Successfully removed pathname "E:\tis\reference\w\UMTS-CELL-LIST001.xml".
2022-04-23 23:29:54,852 - remove - INFO - Successfully removed pathname "E:\tis\reference\all\ANTENNA-LIST001.xml".
2022-04-23 23:29:54,852 - remove - INFO - Successfully removed pathname "E:\tis\reference\all\CAR-LAYER-LIST001.xml".
2022-04-23 23:29:54,852 - remove - INFO - Successfully removed pathname "E:\tis\reference\all\INDEX001.xml".
2022-04-23 23:29:54,930 - remove - INFO - Successfully removed pathname "E:\tis\reference\all\LTE-CELL-LIST001.xml".
2022-04-23 23:29:54,930 - remove - INFO - Successfully removed pathname "E:\tis\reference\all\NETWORK-LIST001.xml".
2022-04-23 23:29:55,086 - remove - INFO - Successfully removed pathname "E:\tis\reference\all\PROPERTY-LIST001.xml".
2022-04-23 23:29:55,086 - remove - INFO - Successfully removed pathname "E:\tis\reference\all\REPEATER-LIST001.xml".
2022-04-23 23:29:55,086 - remove - INFO - Successfully removed pathname "E:\tis\reference\all\SUPPLIER-LIST001.xml".
2022-04-23 23:29:55,086 - remove - INFO - Successfully removed pathname "E:\tis\reference\nodes\2g\INDEX001.xml".
2022-04-23 23:29:55,086 - remove - INFO - Successfully removed pathname "E:\tis\reference\nodes\2g\MU-NODE-LIST001.xml".
2022-04-23 23:29:55,086 - remove - INFO - Successfully removed pathname "E:\tis\reference\nodes\3g\INDEX001.xml".
2022-04-23 23:29:55,101 - remove - INFO - Successfully removed pathname "E:\tis\reference\nodes\3g\MU-NODE-LIST001.xml".
2022-04-23 23:29:55,101 - remove - INFO - Successfully removed pathname "E:\tis\reference\nodes\4g\INDEX001.xml".
2022-04-23 23:29:55,101 - remove - INFO - Successfully removed pathname "E:\tis\reference\nodes\4g\MU-NODE-LIST001.xml".
2022-04-23 23:29:55,101 - root - INFO - Exporting reference data...
2022-04-23 23:29:55,117 - dbcmd - INFO - Removing old dbcmd log files...
2022-04-23 23:29:55,117 - remove - INFO - Successfully removed pathname "E:\tis\reference\export_2022-04-22_21-05-22.log".
2022-04-23 23:29:55,117 - dbcmd - INFO - Executing dbcmd...
2022-04-23 23:49:16,205 - dbcmd - INFO - Checking log file "E:\tis\reference\export_2022-04-23_23-29-55.log"...
2022-04-23 23:49:16,237 - copy_file - INFO - Successfully copied pathname "E:\tis\reference\export_2022-04-23_23-29-55.log" to destination"E:\tis\logs\tis_20220423190003\export_2022-04-23_23-29-55.log".
2022-04-23 23:49:16,237 - root - INFO - Done.
2022-04-23 23:49:16,237 - root - INFO - Removing processed files...
2022-04-23 23:49:16,330 - remove - INFO - Successfully removed pathname "E:\tis\output\ANTENNA-LIST001.xml".
2022-04-23 23:49:16,346 - remove - INFO - Successfully removed pathname "E:\tis\output\CAR-LAYER-LIST001.xml".
2022-04-23 23:49:16,346 - remove - INFO - Successfully removed pathname "E:\tis\output\GSM-CELL-A-LIST001.xml".
2022-04-23 23:49:16,346 - remove - INFO - Successfully removed pathname "E:\tis\output\GSM-CELL-B-LIST001.xml".
2022-04-23 23:49:16,346 - remove - INFO - Successfully removed pathname "E:\tis\output\GSM-CELL-C-LIST001.xml".
2022-04-23 23:49:16,361 - remove - INFO - Successfully removed pathname "E:\tis\output\GSM-CELL-F-LIST001.xml".
2022-04-23 23:49:16,361 - remove - INFO - Successfully removed pathname "E:\tis\output\GSM-CELL-G-LIST001.xml".
2022-04-23 23:49:16,361 - remove - INFO - Successfully removed pathname "E:\tis\output\GSM-CELL-H-LIST001.xml".
2022-04-23 23:49:16,377 - remove - INFO - Successfully removed pathname "E:\tis\output\GSM-CELL-L-LIST001.xml".
2022-04-23 23:49:16,377 - remove - INFO - Successfully removed pathname "E:\tis\output\GSM-CELL-M-LIST001.xml".
2022-04-23 23:49:16,377 - remove - INFO - Successfully removed pathname "E:\tis\output\GSM-CELL-N-LIST001.xml".
2022-04-23 23:49:16,377 - remove - INFO - Successfully removed pathname "E:\tis\output\GSM-CELL-O-LIST001.xml".
2022-04-23 23:49:16,377 - remove - INFO - Successfully removed pathname "E:\tis\output\GSM-CELL-R-LIST001.xml".
2022-04-23 23:49:16,377 - remove - INFO - Successfully removed pathname "E:\tis\output\GSM-CELL-W-LIST001.xml".
2022-04-23 23:49:16,455 - remove - INFO - Successfully removed pathname "E:\tis\output\LTE-CELL-LIST001.xml".
2022-04-23 23:49:16,471 - remove - INFO - Successfully removed pathname "E:\tis\output\MU-NODE-2G-LIST001.xml".
2022-04-23 23:49:16,471 - remove - INFO - Successfully removed pathname "E:\tis\output\MU-NODE-3G-LIST001.xml".
2022-04-23 23:49:16,471 - remove - INFO - Successfully removed pathname "E:\tis\output\MU-NODE-4G-LIST001.xml".
2022-04-23 23:49:16,471 - remove - INFO - Successfully removed pathname "E:\tis\output\NETWORK-LIST001.xml".
2022-04-23 23:49:16,611 - remove - INFO - Successfully removed pathname "E:\tis\output\PROPERTY-LIST001.xml".
2022-04-23 23:49:16,627 - remove - INFO - Successfully removed pathname "E:\tis\output\REPEATER-LIST001.xml".
2022-04-23 23:49:16,627 - remove - INFO - Successfully removed pathname "E:\tis\output\SUPPLIER-LIST001.xml".
2022-04-23 23:49:16,627 - remove - INFO - Successfully removed pathname "E:\tis\output\UMTS-CELL-A-LIST001.xml".
2022-04-23 23:49:16,642 - remove - INFO - Successfully removed pathname "E:\tis\output\UMTS-CELL-B-LIST001.xml".
2022-04-23 23:49:16,642 - remove - INFO - Successfully removed pathname "E:\tis\output\UMTS-CELL-C-LIST001.xml".
2022-04-23 23:49:16,658 - remove - INFO - Successfully removed pathname "E:\tis\output\UMTS-CELL-F-LIST001.xml".
2022-04-23 23:49:16,658 - remove - INFO - Successfully removed pathname "E:\tis\output\UMTS-CELL-G-LIST001.xml".
2022-04-23 23:49:16,674 - remove - INFO - Successfully removed pathname "E:\tis\output\UMTS-CELL-H-LIST001.xml".
2022-04-23 23:49:16,674 - remove - INFO - Successfully removed pathname "E:\tis\output\UMTS-CELL-L-LIST001.xml".
2022-04-23 23:49:16,689 - remove - INFO - Successfully removed pathname "E:\tis\output\UMTS-CELL-M-LIST001.xml".
2022-04-23 23:49:16,689 - remove - INFO - Successfully removed pathname "E:\tis\output\UMTS-CELL-N-LIST001.xml".
2022-04-23 23:49:16,689 - remove - INFO - Successfully removed pathname "E:\tis\output\UMTS-CELL-O-LIST001.xml".
2022-04-23 23:49:16,705 - remove - INFO - Successfully removed pathname "E:\tis\output\UMTS-CELL-R-LIST001.xml".
2022-04-23 23:49:16,705 - remove - INFO - Successfully removed pathname "E:\tis\output\UMTS-CELL-W-LIST001.xml".
2022-04-23 23:49:16,705 - root - INFO - Done.
2022-04-23 23:49:16,705 - root - INFO - Processing files...
2022-04-23 23:49:16,814 - copy_file - INFO - Successfully copied pathname "E:\tis\reference\a\GSM-CELL-LIST001.xml" to destination"E:\tis\output\GSM-CELL-A-LIST001.xml".
2022-04-23 23:49:17,110 - copy_file - INFO - Successfully copied pathname "E:\tis\reference\a\UMTS-CELL-LIST001.xml" to destination"E:\tis\output\UMTS-CELL-A-LIST001.xml".
2022-04-23 23:49:17,220 - copy_file - INFO - Successfully copied pathname "E:\tis\reference\b\GSM-CELL-LIST001.xml" to destination"E:\tis\output\GSM-CELL-B-LIST001.xml".
2022-04-23 23:49:17,469 - copy_file - INFO - Successfully copied pathname "E:\tis\reference\b\UMTS-CELL-LIST001.xml" to destination"E:\tis\output\UMTS-CELL-B-LIST001.xml".
2022-04-23 23:49:17,610 - copy_file - INFO - Successfully copied pathname "E:\tis\reference\c\GSM-CELL-LIST001.xml" to destination"E:\tis\output\GSM-CELL-C-LIST001.xml".
2022-04-23 23:49:17,875 - copy_file - INFO - Successfully copied pathname "E:\tis\reference\c\UMTS-CELL-LIST001.xml" to destination"E:\tis\output\UMTS-CELL-C-LIST001.xml".
2022-04-23 23:49:18,000 - copy_file - INFO - Successfully copied pathname "E:\tis\reference\f\GSM-CELL-LIST001.xml" to destination"E:\tis\output\GSM-CELL-F-LIST001.xml".
2022-04-23 23:49:18,234 - copy_file - INFO - Successfully copied pathname "E:\tis\reference\f\UMTS-CELL-LIST001.xml" to destination"E:\tis\output\UMTS-CELL-F-LIST001.xml".
2022-04-23 23:49:18,312 - copy_file - INFO - Successfully copied pathname "E:\tis\reference\g\GSM-CELL-LIST001.xml" to destination"E:\tis\output\GSM-CELL-G-LIST001.xml".
2022-04-23 23:49:18,499 - copy_file - INFO - Successfully copied pathname "E:\tis\reference\g\UMTS-CELL-LIST001.xml" to destination"E:\tis\output\UMTS-CELL-G-LIST001.xml".
2022-04-23 23:49:18,561 - copy_file - INFO - Successfully copied pathname "E:\tis\reference\h\GSM-CELL-LIST001.xml" to destination"E:\tis\output\GSM-CELL-H-LIST001.xml".
2022-04-23 23:49:18,717 - copy_file - INFO - Successfully copied pathname "E:\tis\reference\h\UMTS-CELL-LIST001.xml" to destination"E:\tis\output\UMTS-CELL-H-LIST001.xml".
2022-04-23 23:49:18,795 - copy_file - INFO - Successfully copied pathname "E:\tis\reference\l\GSM-CELL-LIST001.xml" to destination"E:\tis\output\GSM-CELL-L-LIST001.xml".
2022-04-23 23:49:18,951 - copy_file - INFO - Successfully copied pathname "E:\tis\reference\l\UMTS-CELL-LIST001.xml" to destination"E:\tis\output\UMTS-CELL-L-LIST001.xml".
2022-04-23 23:49:18,951 - copy_file - INFO - Successfully copied pathname "E:\tis\reference\m\GSM-CELL-LIST001.xml" to destination"E:\tis\output\GSM-CELL-M-LIST001.xml".
2022-04-23 23:49:18,967 - copy_file - INFO - Successfully copied pathname "E:\tis\reference\m\UMTS-CELL-LIST001.xml" to destination"E:\tis\output\UMTS-CELL-M-LIST001.xml".
2022-04-23 23:49:18,982 - copy_file - INFO - Successfully copied pathname "E:\tis\reference\n\GSM-CELL-LIST001.xml" to destination"E:\tis\output\GSM-CELL-N-LIST001.xml".
2022-04-23 23:49:19,029 - copy_file - INFO - Successfully copied pathname "E:\tis\reference\n\UMTS-CELL-LIST001.xml" to destination"E:\tis\output\UMTS-CELL-N-LIST001.xml".
2022-04-23 23:49:19,060 - copy_file - INFO - Successfully copied pathname "E:\tis\reference\o\GSM-CELL-LIST001.xml" to destination"E:\tis\output\GSM-CELL-O-LIST001.xml".
2022-04-23 23:49:19,154 - copy_file - INFO - Successfully copied pathname "E:\tis\reference\o\UMTS-CELL-LIST001.xml" to destination"E:\tis\output\UMTS-CELL-O-LIST001.xml".
2022-04-23 23:49:19,185 - copy_file - INFO - Successfully copied pathname "E:\tis\reference\r\GSM-CELL-LIST001.xml" to destination"E:\tis\output\GSM-CELL-R-LIST001.xml".
2022-04-23 23:49:19,216 - copy_file - INFO - Successfully copied pathname "E:\tis\reference\r\UMTS-CELL-LIST001.xml" to destination"E:\tis\output\UMTS-CELL-R-LIST001.xml".
2022-04-23 23:49:19,232 - copy_file - INFO - Successfully copied pathname "E:\tis\reference\w\GSM-CELL-LIST001.xml" to destination"E:\tis\output\GSM-CELL-W-LIST001.xml".
2022-04-23 23:49:19,263 - copy_file - INFO - Successfully copied pathname "E:\tis\reference\w\UMTS-CELL-LIST001.xml" to destination"E:\tis\output\UMTS-CELL-W-LIST001.xml".
2022-04-23 23:49:20,184 - copy_file - INFO - Successfully copied pathname "E:\tis\reference\all\LTE-CELL-LIST001.xml" to destination"E:\tis\output\LTE-CELL-LIST001.xml".
2022-04-23 23:49:20,184 - copy_file - INFO - Successfully copied pathname "E:\tis\reference\all\NETWORK-LIST001.xml" to destination"E:\tis\output\NETWORK-LIST001.xml".
2022-04-23 23:49:21,915 - copy_file - INFO - Successfully copied pathname "E:\tis\reference\all\PROPERTY-LIST001.xml" to destination"E:\tis\output\PROPERTY-LIST001.xml".
2022-04-23 23:49:21,915 - copy_file - INFO - Successfully copied pathname "E:\tis\reference\all\REPEATER-LIST001.xml" to destination"E:\tis\output\REPEATER-LIST001.xml".
2022-04-23 23:49:21,915 - copy_file - INFO - Successfully copied pathname "E:\tis\reference\all\SUPPLIER-LIST001.xml" to destination"E:\tis\output\SUPPLIER-LIST001.xml".
2022-04-23 23:49:23,226 - copy_file - INFO - Successfully copied pathname "E:\tis\reference\all\ANTENNA-LIST001.xml" to destination"E:\tis\output\ANTENNA-LIST001.xml".
2022-04-23 23:49:23,226 - copy_file - INFO - Successfully copied pathname "E:\tis\reference\all\CAR-LAYER-LIST001.xml" to destination"E:\tis\output\CAR-LAYER-LIST001.xml".
2022-04-23 23:49:23,273 - copy_file - INFO - Successfully copied pathname "E:\tis\reference\nodes\2g\MU-NODE-LIST001.xml" to destination"E:\tis\output\MU-NODE-2G-LIST001.xml".
2022-04-23 23:49:23,398 - copy_file - INFO - Successfully copied pathname "E:\tis\reference\nodes\3g\MU-NODE-LIST001.xml" to destination"E:\tis\output\MU-NODE-3G-LIST001.xml".
2022-04-23 23:49:23,522 - copy_file - INFO - Successfully copied pathname "E:\tis\reference\nodes\4g\MU-NODE-LIST001.xml" to destination"E:\tis\output\MU-NODE-4G-LIST001.xml".
2022-04-23 23:49:23,522 - root - INFO - Done.
2022-04-23 23:49:24,084 - paramiko.transport - INFO - Connected (version 2.0, client OpenSSH_5.8)
2022-04-23 23:49:24,209 - paramiko.transport - INFO - Authentication (publickey) successful!
2022-04-23 23:49:24,646 - paramiko.transport.sftp - INFO - [chan 0] Opened sftp connection (server version 3)
2022-04-23 23:49:24,646 - root - INFO - Seding files to satisfaction...
2022-04-23 23:52:00,063 - root - INFO - Done.
2022-04-23 23:52:00,078 - root - INFO - Archiving and compressing REFERENCE data...
2022-04-23 23:52:57,364 - root - INFO - Copying the log at this point...
2022-04-23 23:52:57,380 - copy_file - INFO - Successfully copied pathname "E:\tis\logs\python_20220423190003.log" to destination"E:\tis\logs\tis_20220423190003\python_20220423190003.log".
2022-04-23 23:52:57,380 - root - INFO - Archiving and compressing logs...
2022-04-23 23:52:57,474 - remove - INFO - Successfully removed path-prefix "E:\tis\logs\tis_20220423190003".
2022-04-23 23:52:57,630 - root - INFO - Authoring admin email template...
2022-04-23 23:52:57,661 - paramiko.transport - INFO - Connected (version 2.0, client Sun_SSH_2.0)
2022-04-23 23:52:59,299 - paramiko.transport - INFO - Authentication (publickey) successful!
2022-04-23 23:52:59,424 - paramiko.transport.sftp - INFO - [chan 0] Opened sftp connection (server version 3)
2022-04-23 23:52:59,424 - root - INFO - Seding files to freetown...
2022-04-23 23:53:00,048 - root - INFO - Done.
