2022-04-20 19:00:03,681 - root - INFO - Logging enabled.
2022-04-20 19:00:03,697 - root - INFO - The script was executed from "tis.py", located in the     path-prefix "E:\tis" on the machine "MSEKIMW778P".
2022-04-20 19:00:03,791 - root - INFO - Exporting region A.
2022-04-20 19:00:03,791 - root - INFO - Removing exported data...
2022-04-20 19:00:03,791 - remove - INFO - Successfully removed pathname "E:\tis\regions\a\property\INDEX001.xml".
2022-04-20 19:00:03,791 - remove - INFO - Successfully removed pathname "E:\tis\regions\a\property\PROPERTY-LIST001.xml".
2022-04-20 19:00:03,791 - remove - INFO - Successfully removed pathname "E:\tis\regions\a\2g\GSM-CELL-LIST001.xml".
2022-04-20 19:00:03,806 - remove - INFO - Successfully removed pathname "E:\tis\regions\a\2g\INDEX001.xml".
2022-04-20 19:00:03,806 - remove - INFO - Successfully removed pathname "E:\tis\regions\a\2g\MU-NODE-LIST001.xml".
2022-04-20 19:00:03,806 - remove - INFO - Successfully removed pathname "E:\tis\regions\a\3g\INDEX001.xml".
2022-04-20 19:00:03,806 - remove - INFO - Successfully removed pathname "E:\tis\regions\a\3g\MU-NODE-LIST001.xml".
2022-04-20 19:00:03,806 - remove - INFO - Successfully removed pathname "E:\tis\regions\a\3g\NETWORK-LIST001.xml".
2022-04-20 19:00:03,806 - remove - INFO - Successfully removed pathname "E:\tis\regions\a\3g\UMTS-CELL-LIST001.xml".
2022-04-20 19:00:03,806 - remove - INFO - Successfully removed pathname "E:\tis\regions\a\4g\INDEX001.xml".
2022-04-20 19:00:03,806 - remove - INFO - Successfully removed pathname "E:\tis\regions\a\4g\LTE-CELL-LIST001.xml".
2022-04-20 19:00:03,806 - remove - INFO - Successfully removed pathname "E:\tis\regions\a\4g\MU-NODE-LIST001.xml".
2022-04-20 19:00:03,822 - remove - INFO - Successfully removed pathname "E:\tis\regions\a\repeater\INDEX001.xml".
2022-04-20 19:00:03,822 - remove - INFO - Successfully removed pathname "E:\tis\regions\a\repeater\REPEATER-LIST001.xml".
2022-04-20 19:00:03,822 - root - INFO - Exporting data...
2022-04-20 19:00:03,822 - dbcmd - INFO - Removing old dbcmd log files...
2022-04-20 19:00:03,822 - remove - INFO - Successfully removed pathname "E:\tis\regions\a_2022-04-19_19-00-04.log".
2022-04-20 19:00:03,822 - dbcmd - INFO - Executing dbcmd...
2022-04-20 19:04:20,380 - dbcmd - INFO - Checking log file "E:\tis\regions\a_2022-04-20_19-00-04.log"...
2022-04-20 19:04:20,396 - copy_file - INFO - Successfully copied pathname "E:\tis\regions\a_2022-04-20_19-00-04.log" to destination"E:\tis\logs\tis_20220420190003\a_2022-04-20_19-00-04.log".
2022-04-20 19:04:20,817 - root - INFO - Done.
2022-04-20 19:04:20,817 - root - INFO - Exporting region BFW.
2022-04-20 19:04:20,817 - root - INFO - Removing exported data...
2022-04-20 19:04:20,817 - remove - INFO - Successfully removed pathname "E:\tis\regions\bfw\property\INDEX001.xml".
2022-04-20 19:04:20,832 - remove - INFO - Successfully removed pathname "E:\tis\regions\bfw\property\PROPERTY-LIST001.xml".
2022-04-20 19:04:20,832 - remove - INFO - Successfully removed pathname "E:\tis\regions\bfw\2g\GSM-CELL-LIST001.xml".
2022-04-20 19:04:20,848 - remove - INFO - Successfully removed pathname "E:\tis\regions\bfw\2g\INDEX001.xml".
2022-04-20 19:04:20,848 - remove - INFO - Successfully removed pathname "E:\tis\regions\bfw\2g\MU-NODE-LIST001.xml".
2022-04-20 19:04:20,848 - remove - INFO - Successfully removed pathname "E:\tis\regions\bfw\3g\INDEX001.xml".
2022-04-20 19:04:20,848 - remove - INFO - Successfully removed pathname "E:\tis\regions\bfw\3g\MU-NODE-LIST001.xml".
2022-04-20 19:04:20,848 - remove - INFO - Successfully removed pathname "E:\tis\regions\bfw\3g\NETWORK-LIST001.xml".
2022-04-20 19:04:20,864 - remove - INFO - Successfully removed pathname "E:\tis\regions\bfw\3g\UMTS-CELL-LIST001.xml".
2022-04-20 19:04:20,864 - remove - INFO - Successfully removed pathname "E:\tis\regions\bfw\4g\INDEX001.xml".
2022-04-20 19:04:20,864 - remove - INFO - Successfully removed pathname "E:\tis\regions\bfw\4g\LTE-CELL-LIST001.xml".
2022-04-20 19:04:20,864 - remove - INFO - Successfully removed pathname "E:\tis\regions\bfw\4g\MU-NODE-LIST001.xml".
2022-04-20 19:04:20,879 - remove - INFO - Successfully removed pathname "E:\tis\regions\bfw\repeater\INDEX001.xml".
2022-04-20 19:04:20,879 - remove - INFO - Successfully removed pathname "E:\tis\regions\bfw\repeater\REPEATER-LIST001.xml".
2022-04-20 19:04:20,879 - root - INFO - Exporting data...
2022-04-20 19:04:20,879 - dbcmd - INFO - Removing old dbcmd log files...
2022-04-20 19:04:20,879 - remove - INFO - Successfully removed pathname "E:\tis\regions\bfw_2022-04-19_19-03-47.log".
2022-04-20 19:04:20,879 - dbcmd - INFO - Executing dbcmd...
2022-04-20 19:08:52,643 - dbcmd - INFO - Checking log file "E:\tis\regions\bfw_2022-04-20_19-04-21.log"...
2022-04-20 19:08:52,659 - copy_file - INFO - Successfully copied pathname "E:\tis\regions\bfw_2022-04-20_19-04-21.log" to destination"E:\tis\logs\tis_20220420190003\bfw_2022-04-20_19-04-21.log".
2022-04-20 19:08:53,283 - root - INFO - Done.
2022-04-20 19:08:53,299 - root - INFO - Exporting region C.
2022-04-20 19:08:53,299 - root - INFO - Removing exported data...
2022-04-20 19:08:53,299 - remove - INFO - Successfully removed pathname "E:\tis\regions\c\property\INDEX001.xml".
2022-04-20 19:08:53,299 - remove - INFO - Successfully removed pathname "E:\tis\regions\c\property\PROPERTY-LIST001.xml".
2022-04-20 19:08:53,299 - remove - INFO - Successfully removed pathname "E:\tis\regions\c\2g\GSM-CELL-LIST001.xml".
2022-04-20 19:08:53,299 - remove - INFO - Successfully removed pathname "E:\tis\regions\c\2g\INDEX001.xml".
2022-04-20 19:08:53,299 - remove - INFO - Successfully removed pathname "E:\tis\regions\c\2g\MU-NODE-LIST001.xml".
2022-04-20 19:08:53,299 - remove - INFO - Successfully removed pathname "E:\tis\regions\c\3g\INDEX001.xml".
2022-04-20 19:08:53,299 - remove - INFO - Successfully removed pathname "E:\tis\regions\c\3g\MU-NODE-LIST001.xml".
2022-04-20 19:08:53,314 - remove - INFO - Successfully removed pathname "E:\tis\regions\c\3g\NETWORK-LIST001.xml".
2022-04-20 19:08:53,314 - remove - INFO - Successfully removed pathname "E:\tis\regions\c\3g\UMTS-CELL-LIST001.xml".
2022-04-20 19:08:53,314 - remove - INFO - Successfully removed pathname "E:\tis\regions\c\4g\INDEX001.xml".
2022-04-20 19:08:53,314 - remove - INFO - Successfully removed pathname "E:\tis\regions\c\4g\LTE-CELL-LIST001.xml".
2022-04-20 19:08:53,314 - remove - INFO - Successfully removed pathname "E:\tis\regions\c\4g\MU-NODE-LIST001.xml".
2022-04-20 19:08:53,314 - remove - INFO - Successfully removed pathname "E:\tis\regions\c\repeater\INDEX001.xml".
2022-04-20 19:08:53,314 - remove - INFO - Successfully removed pathname "E:\tis\regions\c\repeater\REPEATER-LIST001.xml".
2022-04-20 19:08:53,314 - root - INFO - Exporting data...
2022-04-20 19:08:53,330 - dbcmd - INFO - Removing old dbcmd log files...
2022-04-20 19:08:53,330 - remove - INFO - Successfully removed pathname "E:\tis\regions\c_2022-04-19_19-08-49.log".
2022-04-20 19:08:53,330 - dbcmd - INFO - Executing dbcmd...
2022-04-20 19:12:35,404 - dbcmd - INFO - Checking log file "E:\tis\regions\c_2022-04-20_19-08-53.log"...
2022-04-20 19:12:35,420 - copy_file - INFO - Successfully copied pathname "E:\tis\regions\c_2022-04-20_19-08-53.log" to destination"E:\tis\logs\tis_20220420190003\c_2022-04-20_19-08-53.log".
2022-04-20 19:12:35,638 - root - INFO - Done.
2022-04-20 19:12:35,638 - root - INFO - Exporting region G.
2022-04-20 19:12:35,638 - root - INFO - Removing exported data...
2022-04-20 19:12:35,638 - remove - INFO - Successfully removed pathname "E:\tis\regions\g\property\INDEX001.xml".
2022-04-20 19:12:35,638 - remove - INFO - Successfully removed pathname "E:\tis\regions\g\property\PROPERTY-LIST001.xml".
2022-04-20 19:12:35,638 - remove - INFO - Successfully removed pathname "E:\tis\regions\g\2g\GSM-CELL-LIST001.xml".
2022-04-20 19:12:35,638 - remove - INFO - Successfully removed pathname "E:\tis\regions\g\2g\INDEX001.xml".
2022-04-20 19:12:35,638 - remove - INFO - Successfully removed pathname "E:\tis\regions\g\2g\MU-NODE-LIST001.xml".
2022-04-20 19:12:35,638 - remove - INFO - Successfully removed pathname "E:\tis\regions\g\3g\INDEX001.xml".
2022-04-20 19:12:35,638 - remove - INFO - Successfully removed pathname "E:\tis\regions\g\3g\MU-NODE-LIST001.xml".
2022-04-20 19:12:35,638 - remove - INFO - Successfully removed pathname "E:\tis\regions\g\3g\NETWORK-LIST001.xml".
2022-04-20 19:12:35,654 - remove - INFO - Successfully removed pathname "E:\tis\regions\g\3g\UMTS-CELL-LIST001.xml".
2022-04-20 19:12:35,654 - remove - INFO - Successfully removed pathname "E:\tis\regions\g\4g\INDEX001.xml".
2022-04-20 19:12:35,654 - remove - INFO - Successfully removed pathname "E:\tis\regions\g\4g\LTE-CELL-LIST001.xml".
2022-04-20 19:12:35,654 - remove - INFO - Successfully removed pathname "E:\tis\regions\g\4g\MU-NODE-LIST001.xml".
2022-04-20 19:12:35,654 - remove - INFO - Successfully removed pathname "E:\tis\regions\g\repeater\INDEX001.xml".
2022-04-20 19:12:35,654 - remove - INFO - Successfully removed pathname "E:\tis\regions\g\repeater\REPEATER-LIST001.xml".
2022-04-20 19:12:35,654 - root - INFO - Exporting data...
2022-04-20 19:12:35,654 - dbcmd - INFO - Removing old dbcmd log files...
2022-04-20 19:12:35,670 - remove - INFO - Successfully removed pathname "E:\tis\regions\g_2022-04-19_19-12-26.log".
2022-04-20 19:12:35,670 - dbcmd - INFO - Executing dbcmd...
2022-04-20 19:15:55,435 - dbcmd - INFO - Checking log file "E:\tis\regions\g_2022-04-20_19-12-36.log"...
2022-04-20 19:15:55,450 - copy_file - INFO - Successfully copied pathname "E:\tis\regions\g_2022-04-20_19-12-36.log" to destination"E:\tis\logs\tis_20220420190003\g_2022-04-20_19-12-36.log".
2022-04-20 19:15:55,606 - root - INFO - Done.
2022-04-20 19:15:55,606 - root - INFO - Exporting region H.
2022-04-20 19:15:55,606 - root - INFO - Removing exported data...
2022-04-20 19:15:55,622 - remove - INFO - Successfully removed pathname "E:\tis\regions\h\property\INDEX001.xml".
2022-04-20 19:15:55,622 - remove - INFO - Successfully removed pathname "E:\tis\regions\h\property\PROPERTY-LIST001.xml".
2022-04-20 19:15:55,622 - remove - INFO - Successfully removed pathname "E:\tis\regions\h\2g\GSM-CELL-LIST001.xml".
2022-04-20 19:15:55,622 - remove - INFO - Successfully removed pathname "E:\tis\regions\h\2g\INDEX001.xml".
2022-04-20 19:15:55,622 - remove - INFO - Successfully removed pathname "E:\tis\regions\h\2g\MU-NODE-LIST001.xml".
2022-04-20 19:15:55,622 - remove - INFO - Successfully removed pathname "E:\tis\regions\h\3g\INDEX001.xml".
2022-04-20 19:15:55,622 - remove - INFO - Successfully removed pathname "E:\tis\regions\h\3g\MU-NODE-LIST001.xml".
2022-04-20 19:15:55,622 - remove - INFO - Successfully removed pathname "E:\tis\regions\h\3g\NETWORK-LIST001.xml".
2022-04-20 19:15:55,622 - remove - INFO - Successfully removed pathname "E:\tis\regions\h\3g\UMTS-CELL-LIST001.xml".
2022-04-20 19:15:55,622 - remove - INFO - Successfully removed pathname "E:\tis\regions\h\4g\INDEX001.xml".
2022-04-20 19:15:55,637 - remove - INFO - Successfully removed pathname "E:\tis\regions\h\4g\LTE-CELL-LIST001.xml".
2022-04-20 19:15:55,637 - remove - INFO - Successfully removed pathname "E:\tis\regions\h\4g\MU-NODE-LIST001.xml".
2022-04-20 19:15:55,637 - remove - INFO - Successfully removed pathname "E:\tis\regions\h\repeater\INDEX001.xml".
2022-04-20 19:15:55,637 - remove - INFO - Successfully removed pathname "E:\tis\regions\h\repeater\REPEATER-LIST001.xml".
2022-04-20 19:15:55,637 - root - INFO - Exporting data...
2022-04-20 19:15:55,637 - dbcmd - INFO - Removing old dbcmd log files...
2022-04-20 19:15:55,637 - remove - INFO - Successfully removed pathname "E:\tis\regions\h_2022-04-19_19-15-32.log".
2022-04-20 19:15:55,637 - dbcmd - INFO - Executing dbcmd...
2022-04-20 19:18:40,926 - dbcmd - INFO - Checking log file "E:\tis\regions\h_2022-04-20_19-15-56.log"...
2022-04-20 19:18:40,941 - copy_file - INFO - Successfully copied pathname "E:\tis\regions\h_2022-04-20_19-15-56.log" to destination"E:\tis\logs\tis_20220420190003\h_2022-04-20_19-15-56.log".
2022-04-20 19:18:41,082 - root - INFO - Done.
2022-04-20 19:18:41,082 - root - INFO - Exporting region L.
2022-04-20 19:18:41,082 - root - INFO - Removing exported data...
2022-04-20 19:18:41,082 - remove - INFO - Successfully removed pathname "E:\tis\regions\l\property\INDEX001.xml".
2022-04-20 19:18:41,082 - remove - INFO - Successfully removed pathname "E:\tis\regions\l\property\PROPERTY-LIST001.xml".
2022-04-20 19:18:41,082 - remove - INFO - Successfully removed pathname "E:\tis\regions\l\2g\GSM-CELL-LIST001.xml".
2022-04-20 19:18:41,082 - remove - INFO - Successfully removed pathname "E:\tis\regions\l\2g\INDEX001.xml".
2022-04-20 19:18:41,082 - remove - INFO - Successfully removed pathname "E:\tis\regions\l\2g\MU-NODE-LIST001.xml".
2022-04-20 19:18:41,082 - remove - INFO - Successfully removed pathname "E:\tis\regions\l\3g\INDEX001.xml".
2022-04-20 19:18:41,097 - remove - INFO - Successfully removed pathname "E:\tis\regions\l\3g\MU-NODE-LIST001.xml".
2022-04-20 19:18:41,097 - remove - INFO - Successfully removed pathname "E:\tis\regions\l\3g\NETWORK-LIST001.xml".
2022-04-20 19:18:41,097 - remove - INFO - Successfully removed pathname "E:\tis\regions\l\3g\UMTS-CELL-LIST001.xml".
2022-04-20 19:18:41,097 - remove - INFO - Successfully removed pathname "E:\tis\regions\l\4g\INDEX001.xml".
2022-04-20 19:18:41,097 - remove - INFO - Successfully removed pathname "E:\tis\regions\l\4g\LTE-CELL-LIST001.xml".
2022-04-20 19:18:41,097 - remove - INFO - Successfully removed pathname "E:\tis\regions\l\4g\MU-NODE-LIST001.xml".
2022-04-20 19:18:41,097 - remove - INFO - Successfully removed pathname "E:\tis\regions\l\repeater\INDEX001.xml".
2022-04-20 19:18:41,097 - remove - INFO - Successfully removed pathname "E:\tis\regions\l\repeater\REPEATER-LIST001.xml".
2022-04-20 19:18:41,097 - root - INFO - Exporting data...
2022-04-20 19:18:41,113 - dbcmd - INFO - Removing old dbcmd log files...
2022-04-20 19:18:41,113 - remove - INFO - Successfully removed pathname "E:\tis\regions\l_2022-04-19_19-18-36.log".
2022-04-20 19:18:41,113 - dbcmd - INFO - Executing dbcmd...
2022-04-20 19:22:07,977 - dbcmd - INFO - Checking log file "E:\tis\regions\l_2022-04-20_19-18-41.log"...
2022-04-20 19:22:07,992 - copy_file - INFO - Successfully copied pathname "E:\tis\regions\l_2022-04-20_19-18-41.log" to destination"E:\tis\logs\tis_20220420190003\l_2022-04-20_19-18-41.log".
2022-04-20 19:22:08,164 - root - INFO - Done.
2022-04-20 19:22:08,164 - root - INFO - Exporting region NR.
2022-04-20 19:22:08,164 - root - INFO - Removing exported data...
2022-04-20 19:22:08,164 - remove - INFO - Successfully removed pathname "E:\tis\regions\nr\property\INDEX001.xml".
2022-04-20 19:22:08,164 - remove - INFO - Successfully removed pathname "E:\tis\regions\nr\property\PROPERTY-LIST001.xml".
2022-04-20 19:22:08,164 - remove - INFO - Successfully removed pathname "E:\tis\regions\nr\2g\GSM-CELL-LIST001.xml".
2022-04-20 19:22:08,164 - remove - INFO - Successfully removed pathname "E:\tis\regions\nr\2g\INDEX001.xml".
2022-04-20 19:22:08,164 - remove - INFO - Successfully removed pathname "E:\tis\regions\nr\2g\MU-NODE-LIST001.xml".
2022-04-20 19:22:08,164 - remove - INFO - Successfully removed pathname "E:\tis\regions\nr\3g\INDEX001.xml".
2022-04-20 19:22:08,179 - remove - INFO - Successfully removed pathname "E:\tis\regions\nr\3g\MU-NODE-LIST001.xml".
2022-04-20 19:22:08,179 - remove - INFO - Successfully removed pathname "E:\tis\regions\nr\3g\NETWORK-LIST001.xml".
2022-04-20 19:22:08,179 - remove - INFO - Successfully removed pathname "E:\tis\regions\nr\3g\UMTS-CELL-LIST001.xml".
2022-04-20 19:22:08,179 - remove - INFO - Successfully removed pathname "E:\tis\regions\nr\4g\INDEX001.xml".
2022-04-20 19:22:08,179 - remove - INFO - Successfully removed pathname "E:\tis\regions\nr\4g\LTE-CELL-LIST001.xml".
2022-04-20 19:22:08,179 - remove - INFO - Successfully removed pathname "E:\tis\regions\nr\4g\MU-NODE-LIST001.xml".
2022-04-20 19:22:08,179 - remove - INFO - Successfully removed pathname "E:\tis\regions\nr\repeater\INDEX001.xml".
2022-04-20 19:22:08,179 - remove - INFO - Successfully removed pathname "E:\tis\regions\nr\repeater\REPEATER-LIST001.xml".
2022-04-20 19:22:08,179 - root - INFO - Exporting data...
2022-04-20 19:22:08,195 - dbcmd - INFO - Removing old dbcmd log files...
2022-04-20 19:22:08,195 - remove - INFO - Successfully removed pathname "E:\tis\regions\nr_2022-04-19_19-22-19.log".
2022-04-20 19:22:08,195 - dbcmd - INFO - Executing dbcmd...
2022-04-20 19:25:28,973 - dbcmd - INFO - Checking log file "E:\tis\regions\nr_2022-04-20_19-22-08.log"...
2022-04-20 19:25:28,989 - copy_file - INFO - Successfully copied pathname "E:\tis\regions\nr_2022-04-20_19-22-08.log" to destination"E:\tis\logs\tis_20220420190003\nr_2022-04-20_19-22-08.log".
2022-04-20 19:25:29,129 - root - INFO - Done.
2022-04-20 19:25:29,129 - root - INFO - Exporting region O.
2022-04-20 19:25:29,129 - root - INFO - Removing exported data...
2022-04-20 19:25:29,129 - remove - INFO - Successfully removed pathname "E:\tis\regions\o\property\INDEX001.xml".
2022-04-20 19:25:29,129 - remove - INFO - Successfully removed pathname "E:\tis\regions\o\property\PROPERTY-LIST001.xml".
2022-04-20 19:25:29,145 - remove - INFO - Successfully removed pathname "E:\tis\regions\o\2g\GSM-CELL-LIST001.xml".
2022-04-20 19:25:29,145 - remove - INFO - Successfully removed pathname "E:\tis\regions\o\2g\INDEX001.xml".
2022-04-20 19:25:29,145 - remove - INFO - Successfully removed pathname "E:\tis\regions\o\2g\MU-NODE-LIST001.xml".
2022-04-20 19:25:29,145 - remove - INFO - Successfully removed pathname "E:\tis\regions\o\3g\INDEX001.xml".
2022-04-20 19:25:29,145 - remove - INFO - Successfully removed pathname "E:\tis\regions\o\3g\MU-NODE-LIST001.xml".
2022-04-20 19:25:29,145 - remove - INFO - Successfully removed pathname "E:\tis\regions\o\3g\NETWORK-LIST001.xml".
2022-04-20 19:25:29,145 - remove - INFO - Successfully removed pathname "E:\tis\regions\o\3g\UMTS-CELL-LIST001.xml".
2022-04-20 19:25:29,145 - remove - INFO - Successfully removed pathname "E:\tis\regions\o\4g\INDEX001.xml".
2022-04-20 19:25:29,145 - remove - INFO - Successfully removed pathname "E:\tis\regions\o\4g\LTE-CELL-LIST001.xml".
2022-04-20 19:25:29,145 - remove - INFO - Successfully removed pathname "E:\tis\regions\o\4g\MU-NODE-LIST001.xml".
2022-04-20 19:25:29,161 - remove - INFO - Successfully removed pathname "E:\tis\regions\o\repeater\INDEX001.xml".
2022-04-20 19:25:29,161 - remove - INFO - Successfully removed pathname "E:\tis\regions\o\repeater\REPEATER-LIST001.xml".
2022-04-20 19:25:29,161 - root - INFO - Exporting data...
2022-04-20 19:25:29,161 - dbcmd - INFO - Removing old dbcmd log files...
2022-04-20 19:25:29,161 - remove - INFO - Successfully removed pathname "E:\tis\regions\o_2022-04-19_19-25-17.log".
2022-04-20 19:25:29,161 - dbcmd - INFO - Executing dbcmd...
2022-04-20 19:28:20,532 - dbcmd - INFO - Checking log file "E:\tis\regions\o_2022-04-20_19-25-29.log"...
2022-04-20 19:28:20,548 - copy_file - INFO - Successfully copied pathname "E:\tis\regions\o_2022-04-20_19-25-29.log" to destination"E:\tis\logs\tis_20220420190003\o_2022-04-20_19-25-29.log".
2022-04-20 19:28:20,719 - root - INFO - Done.
2022-04-20 19:28:20,719 - root - INFO - Importing data to reference...
2022-04-20 19:28:20,719 - dbcmd - INFO - Removing old dbcmd log files...
2022-04-20 19:28:20,719 - remove - INFO - Successfully removed pathname "E:\tis\regions\reference_2022-04-19_19-28-01.log".
2022-04-20 19:28:20,719 - dbcmd - INFO - Executing dbcmd...
2022-04-20 21:00:47,548 - dbcmd - INFO - Checking log file "E:\tis\regions\reference_2022-04-20_19-28-21.log"...
2022-04-20 21:00:47,579 - copy_file - INFO - Successfully copied pathname "E:\tis\regions\reference_2022-04-20_19-28-21.log" to destination"E:\tis\logs\tis_20220420190003\reference_2022-04-20_19-28-21.log".
2022-04-20 21:00:47,579 - root - INFO - Done.
2022-04-20 21:00:47,594 - root - INFO - Removing reference exported data...
2022-04-20 21:00:47,594 - remove - INFO - Successfully removed pathname "E:\tis\reference\a\GSM-CELL-LIST001.xml".
2022-04-20 21:00:47,594 - remove - INFO - Successfully removed pathname "E:\tis\reference\a\INDEX001.xml".
2022-04-20 21:00:47,594 - remove - INFO - Successfully removed pathname "E:\tis\reference\a\UMTS-CELL-LIST001.xml".
2022-04-20 21:00:47,594 - remove - INFO - Successfully removed pathname "E:\tis\reference\b\GSM-CELL-LIST001.xml".
2022-04-20 21:00:47,594 - remove - INFO - Successfully removed pathname "E:\tis\reference\b\INDEX001.xml".
2022-04-20 21:00:47,610 - remove - INFO - Successfully removed pathname "E:\tis\reference\b\UMTS-CELL-LIST001.xml".
2022-04-20 21:00:47,610 - remove - INFO - Successfully removed pathname "E:\tis\reference\c\GSM-CELL-LIST001.xml".
2022-04-20 21:00:47,610 - remove - INFO - Successfully removed pathname "E:\tis\reference\c\INDEX001.xml".
2022-04-20 21:00:47,610 - remove - INFO - Successfully removed pathname "E:\tis\reference\c\UMTS-CELL-LIST001.xml".
2022-04-20 21:00:47,610 - remove - INFO - Successfully removed pathname "E:\tis\reference\f\GSM-CELL-LIST001.xml".
2022-04-20 21:00:47,610 - remove - INFO - Successfully removed pathname "E:\tis\reference\f\INDEX001.xml".
2022-04-20 21:00:47,626 - remove - INFO - Successfully removed pathname "E:\tis\reference\f\UMTS-CELL-LIST001.xml".
2022-04-20 21:00:47,626 - remove - INFO - Successfully removed pathname "E:\tis\reference\g\GSM-CELL-LIST001.xml".
2022-04-20 21:00:47,626 - remove - INFO - Successfully removed pathname "E:\tis\reference\g\INDEX001.xml".
2022-04-20 21:00:47,626 - remove - INFO - Successfully removed pathname "E:\tis\reference\g\UMTS-CELL-LIST001.xml".
2022-04-20 21:00:47,626 - remove - INFO - Successfully removed pathname "E:\tis\reference\h\GSM-CELL-LIST001.xml".
2022-04-20 21:00:47,626 - remove - INFO - Successfully removed pathname "E:\tis\reference\h\INDEX001.xml".
2022-04-20 21:00:47,641 - remove - INFO - Successfully removed pathname "E:\tis\reference\h\UMTS-CELL-LIST001.xml".
2022-04-20 21:00:47,641 - remove - INFO - Successfully removed pathname "E:\tis\reference\l\GSM-CELL-LIST001.xml".
2022-04-20 21:00:47,641 - remove - INFO - Successfully removed pathname "E:\tis\reference\l\INDEX001.xml".
2022-04-20 21:00:47,641 - remove - INFO - Successfully removed pathname "E:\tis\reference\l\UMTS-CELL-LIST001.xml".
2022-04-20 21:00:47,641 - remove - INFO - Successfully removed pathname "E:\tis\reference\m\GSM-CELL-LIST001.xml".
2022-04-20 21:00:47,641 - remove - INFO - Successfully removed pathname "E:\tis\reference\m\INDEX001.xml".
2022-04-20 21:00:47,641 - remove - INFO - Successfully removed pathname "E:\tis\reference\m\UMTS-CELL-LIST001.xml".
2022-04-20 21:00:47,641 - remove - INFO - Successfully removed pathname "E:\tis\reference\n\GSM-CELL-LIST001.xml".
2022-04-20 21:00:47,641 - remove - INFO - Successfully removed pathname "E:\tis\reference\n\INDEX001.xml".
2022-04-20 21:00:47,641 - remove - INFO - Successfully removed pathname "E:\tis\reference\n\UMTS-CELL-LIST001.xml".
2022-04-20 21:00:47,657 - remove - INFO - Successfully removed pathname "E:\tis\reference\o\GSM-CELL-LIST001.xml".
2022-04-20 21:00:47,657 - remove - INFO - Successfully removed pathname "E:\tis\reference\o\INDEX001.xml".
2022-04-20 21:00:47,657 - remove - INFO - Successfully removed pathname "E:\tis\reference\o\UMTS-CELL-LIST001.xml".
2022-04-20 21:00:47,657 - remove - INFO - Successfully removed pathname "E:\tis\reference\r\GSM-CELL-LIST001.xml".
2022-04-20 21:00:47,657 - remove - INFO - Successfully removed pathname "E:\tis\reference\r\INDEX001.xml".
2022-04-20 21:00:47,657 - remove - INFO - Successfully removed pathname "E:\tis\reference\r\UMTS-CELL-LIST001.xml".
2022-04-20 21:00:47,657 - remove - INFO - Successfully removed pathname "E:\tis\reference\w\GSM-CELL-LIST001.xml".
2022-04-20 21:00:47,657 - remove - INFO - Successfully removed pathname "E:\tis\reference\w\INDEX001.xml".
2022-04-20 21:00:47,657 - remove - INFO - Successfully removed pathname "E:\tis\reference\w\UMTS-CELL-LIST001.xml".
2022-04-20 21:00:47,735 - remove - INFO - Successfully removed pathname "E:\tis\reference\all\ANTENNA-LIST001.xml".
2022-04-20 21:00:47,735 - remove - INFO - Successfully removed pathname "E:\tis\reference\all\CAR-LAYER-LIST001.xml".
2022-04-20 21:00:47,735 - remove - INFO - Successfully removed pathname "E:\tis\reference\all\INDEX001.xml".
2022-04-20 21:00:47,766 - remove - INFO - Successfully removed pathname "E:\tis\reference\all\LTE-CELL-LIST001.xml".
2022-04-20 21:00:47,766 - remove - INFO - Successfully removed pathname "E:\tis\reference\all\NETWORK-LIST001.xml".
2022-04-20 21:00:47,860 - remove - INFO - Successfully removed pathname "E:\tis\reference\all\PROPERTY-LIST001.xml".
2022-04-20 21:00:47,860 - remove - INFO - Successfully removed pathname "E:\tis\reference\all\REPEATER-LIST001.xml".
2022-04-20 21:00:47,860 - remove - INFO - Successfully removed pathname "E:\tis\reference\all\SUPPLIER-LIST001.xml".
2022-04-20 21:00:47,860 - remove - INFO - Successfully removed pathname "E:\tis\reference\nodes\2g\INDEX001.xml".
2022-04-20 21:00:47,860 - remove - INFO - Successfully removed pathname "E:\tis\reference\nodes\2g\MU-NODE-LIST001.xml".
2022-04-20 21:00:47,860 - remove - INFO - Successfully removed pathname "E:\tis\reference\nodes\3g\INDEX001.xml".
2022-04-20 21:00:47,860 - remove - INFO - Successfully removed pathname "E:\tis\reference\nodes\3g\MU-NODE-LIST001.xml".
2022-04-20 21:00:47,860 - remove - INFO - Successfully removed pathname "E:\tis\reference\nodes\4g\INDEX001.xml".
2022-04-20 21:00:47,860 - remove - INFO - Successfully removed pathname "E:\tis\reference\nodes\4g\MU-NODE-LIST001.xml".
2022-04-20 21:00:47,860 - root - INFO - Exporting reference data...
2022-04-20 21:00:47,875 - dbcmd - INFO - Removing old dbcmd log files...
2022-04-20 21:00:47,875 - remove - INFO - Successfully removed pathname "E:\tis\reference\export_2022-04-19_21-19-08.log".
2022-04-20 21:00:47,875 - dbcmd - INFO - Executing dbcmd...
2022-04-20 21:19:22,316 - dbcmd - INFO - Checking log file "E:\tis\reference\export_2022-04-20_21-00-48.log"...
2022-04-20 21:19:22,348 - copy_file - INFO - Successfully copied pathname "E:\tis\reference\export_2022-04-20_21-00-48.log" to destination"E:\tis\logs\tis_20220420190003\export_2022-04-20_21-00-48.log".
2022-04-20 21:19:22,348 - root - INFO - Done.
2022-04-20 21:19:22,348 - root - INFO - Removing processed files...
2022-04-20 21:19:22,394 - remove - INFO - Successfully removed pathname "E:\tis\output\ANTENNA-LIST001.xml".
2022-04-20 21:19:22,394 - remove - INFO - Successfully removed pathname "E:\tis\output\CAR-LAYER-LIST001.xml".
2022-04-20 21:19:22,394 - remove - INFO - Successfully removed pathname "E:\tis\output\GSM-CELL-A-LIST001.xml".
2022-04-20 21:19:22,394 - remove - INFO - Successfully removed pathname "E:\tis\output\GSM-CELL-B-LIST001.xml".
2022-04-20 21:19:22,410 - remove - INFO - Successfully removed pathname "E:\tis\output\GSM-CELL-C-LIST001.xml".
2022-04-20 21:19:22,410 - remove - INFO - Successfully removed pathname "E:\tis\output\GSM-CELL-F-LIST001.xml".
2022-04-20 21:19:22,410 - remove - INFO - Successfully removed pathname "E:\tis\output\GSM-CELL-G-LIST001.xml".
2022-04-20 21:19:22,410 - remove - INFO - Successfully removed pathname "E:\tis\output\GSM-CELL-H-LIST001.xml".
2022-04-20 21:19:22,410 - remove - INFO - Successfully removed pathname "E:\tis\output\GSM-CELL-L-LIST001.xml".
2022-04-20 21:19:22,410 - remove - INFO - Successfully removed pathname "E:\tis\output\GSM-CELL-M-LIST001.xml".
2022-04-20 21:19:22,410 - remove - INFO - Successfully removed pathname "E:\tis\output\GSM-CELL-N-LIST001.xml".
2022-04-20 21:19:22,410 - remove - INFO - Successfully removed pathname "E:\tis\output\GSM-CELL-O-LIST001.xml".
2022-04-20 21:19:22,410 - remove - INFO - Successfully removed pathname "E:\tis\output\GSM-CELL-R-LIST001.xml".
2022-04-20 21:19:22,410 - remove - INFO - Successfully removed pathname "E:\tis\output\GSM-CELL-W-LIST001.xml".
2022-04-20 21:19:22,457 - remove - INFO - Successfully removed pathname "E:\tis\output\LTE-CELL-LIST001.xml".
2022-04-20 21:19:22,457 - remove - INFO - Successfully removed pathname "E:\tis\output\MU-NODE-2G-LIST001.xml".
2022-04-20 21:19:22,457 - remove - INFO - Successfully removed pathname "E:\tis\output\MU-NODE-3G-LIST001.xml".
2022-04-20 21:19:22,457 - remove - INFO - Successfully removed pathname "E:\tis\output\MU-NODE-4G-LIST001.xml".
2022-04-20 21:19:22,457 - remove - INFO - Successfully removed pathname "E:\tis\output\NETWORK-LIST001.xml".
2022-04-20 21:19:22,535 - remove - INFO - Successfully removed pathname "E:\tis\output\PROPERTY-LIST001.xml".
2022-04-20 21:19:22,535 - remove - INFO - Successfully removed pathname "E:\tis\output\REPEATER-LIST001.xml".
2022-04-20 21:19:22,535 - remove - INFO - Successfully removed pathname "E:\tis\output\SUPPLIER-LIST001.xml".
2022-04-20 21:19:22,535 - remove - INFO - Successfully removed pathname "E:\tis\output\UMTS-CELL-A-LIST001.xml".
2022-04-20 21:19:22,535 - remove - INFO - Successfully removed pathname "E:\tis\output\UMTS-CELL-B-LIST001.xml".
2022-04-20 21:19:22,535 - remove - INFO - Successfully removed pathname "E:\tis\output\UMTS-CELL-C-LIST001.xml".
2022-04-20 21:19:22,550 - remove - INFO - Successfully removed pathname "E:\tis\output\UMTS-CELL-F-LIST001.xml".
2022-04-20 21:19:22,550 - remove - INFO - Successfully removed pathname "E:\tis\output\UMTS-CELL-G-LIST001.xml".
2022-04-20 21:19:22,550 - remove - INFO - Successfully removed pathname "E:\tis\output\UMTS-CELL-H-LIST001.xml".
2022-04-20 21:19:22,550 - remove - INFO - Successfully removed pathname "E:\tis\output\UMTS-CELL-L-LIST001.xml".
2022-04-20 21:19:22,550 - remove - INFO - Successfully removed pathname "E:\tis\output\UMTS-CELL-M-LIST001.xml".
2022-04-20 21:19:22,566 - remove - INFO - Successfully removed pathname "E:\tis\output\UMTS-CELL-N-LIST001.xml".
2022-04-20 21:19:22,566 - remove - INFO - Successfully removed pathname "E:\tis\output\UMTS-CELL-O-LIST001.xml".
2022-04-20 21:19:22,566 - remove - INFO - Successfully removed pathname "E:\tis\output\UMTS-CELL-R-LIST001.xml".
2022-04-20 21:19:22,566 - remove - INFO - Successfully removed pathname "E:\tis\output\UMTS-CELL-W-LIST001.xml".
2022-04-20 21:19:22,566 - root - INFO - Done.
2022-04-20 21:19:22,566 - root - INFO - Processing files...
2022-04-20 21:19:22,628 - copy_file - INFO - Successfully copied pathname "E:\tis\reference\a\GSM-CELL-LIST001.xml" to destination"E:\tis\output\GSM-CELL-A-LIST001.xml".
2022-04-20 21:19:22,753 - copy_file - INFO - Successfully copied pathname "E:\tis\reference\a\UMTS-CELL-LIST001.xml" to destination"E:\tis\output\UMTS-CELL-A-LIST001.xml".
2022-04-20 21:19:22,800 - copy_file - INFO - Successfully copied pathname "E:\tis\reference\b\GSM-CELL-LIST001.xml" to destination"E:\tis\output\GSM-CELL-B-LIST001.xml".
2022-04-20 21:19:22,925 - copy_file - INFO - Successfully copied pathname "E:\tis\reference\b\UMTS-CELL-LIST001.xml" to destination"E:\tis\output\UMTS-CELL-B-LIST001.xml".
2022-04-20 21:19:22,987 - copy_file - INFO - Successfully copied pathname "E:\tis\reference\c\GSM-CELL-LIST001.xml" to destination"E:\tis\output\GSM-CELL-C-LIST001.xml".
2022-04-20 21:19:23,096 - copy_file - INFO - Successfully copied pathname "E:\tis\reference\c\UMTS-CELL-LIST001.xml" to destination"E:\tis\output\UMTS-CELL-C-LIST001.xml".
2022-04-20 21:19:23,143 - copy_file - INFO - Successfully copied pathname "E:\tis\reference\f\GSM-CELL-LIST001.xml" to destination"E:\tis\output\GSM-CELL-F-LIST001.xml".
2022-04-20 21:19:23,221 - copy_file - INFO - Successfully copied pathname "E:\tis\reference\f\UMTS-CELL-LIST001.xml" to destination"E:\tis\output\UMTS-CELL-F-LIST001.xml".
2022-04-20 21:19:23,268 - copy_file - INFO - Successfully copied pathname "E:\tis\reference\g\GSM-CELL-LIST001.xml" to destination"E:\tis\output\GSM-CELL-G-LIST001.xml".
2022-04-20 21:19:23,362 - copy_file - INFO - Successfully copied pathname "E:\tis\reference\g\UMTS-CELL-LIST001.xml" to destination"E:\tis\output\UMTS-CELL-G-LIST001.xml".
2022-04-20 21:19:23,408 - copy_file - INFO - Successfully copied pathname "E:\tis\reference\h\GSM-CELL-LIST001.xml" to destination"E:\tis\output\GSM-CELL-H-LIST001.xml".
2022-04-20 21:19:23,486 - copy_file - INFO - Successfully copied pathname "E:\tis\reference\h\UMTS-CELL-LIST001.xml" to destination"E:\tis\output\UMTS-CELL-H-LIST001.xml".
2022-04-20 21:19:23,533 - copy_file - INFO - Successfully copied pathname "E:\tis\reference\l\GSM-CELL-LIST001.xml" to destination"E:\tis\output\GSM-CELL-L-LIST001.xml".
2022-04-20 21:19:23,642 - copy_file - INFO - Successfully copied pathname "E:\tis\reference\l\UMTS-CELL-LIST001.xml" to destination"E:\tis\output\UMTS-CELL-L-LIST001.xml".
2022-04-20 21:19:23,642 - copy_file - INFO - Successfully copied pathname "E:\tis\reference\m\GSM-CELL-LIST001.xml" to destination"E:\tis\output\GSM-CELL-M-LIST001.xml".
2022-04-20 21:19:23,658 - copy_file - INFO - Successfully copied pathname "E:\tis\reference\m\UMTS-CELL-LIST001.xml" to destination"E:\tis\output\UMTS-CELL-M-LIST001.xml".
2022-04-20 21:19:23,689 - copy_file - INFO - Successfully copied pathname "E:\tis\reference\n\GSM-CELL-LIST001.xml" to destination"E:\tis\output\GSM-CELL-N-LIST001.xml".
2022-04-20 21:19:23,720 - copy_file - INFO - Successfully copied pathname "E:\tis\reference\n\UMTS-CELL-LIST001.xml" to destination"E:\tis\output\UMTS-CELL-N-LIST001.xml".
2022-04-20 21:19:23,767 - copy_file - INFO - Successfully copied pathname "E:\tis\reference\o\GSM-CELL-LIST001.xml" to destination"E:\tis\output\GSM-CELL-O-LIST001.xml".
2022-04-20 21:19:23,861 - copy_file - INFO - Successfully copied pathname "E:\tis\reference\o\UMTS-CELL-LIST001.xml" to destination"E:\tis\output\UMTS-CELL-O-LIST001.xml".
2022-04-20 21:19:23,892 - copy_file - INFO - Successfully copied pathname "E:\tis\reference\r\GSM-CELL-LIST001.xml" to destination"E:\tis\output\GSM-CELL-R-LIST001.xml".
2022-04-20 21:19:23,923 - copy_file - INFO - Successfully copied pathname "E:\tis\reference\r\UMTS-CELL-LIST001.xml" to destination"E:\tis\output\UMTS-CELL-R-LIST001.xml".
2022-04-20 21:19:23,939 - copy_file - INFO - Successfully copied pathname "E:\tis\reference\w\GSM-CELL-LIST001.xml" to destination"E:\tis\output\GSM-CELL-W-LIST001.xml".
2022-04-20 21:19:23,970 - copy_file - INFO - Successfully copied pathname "E:\tis\reference\w\UMTS-CELL-LIST001.xml" to destination"E:\tis\output\UMTS-CELL-W-LIST001.xml".
2022-04-20 21:19:24,906 - copy_file - INFO - Successfully copied pathname "E:\tis\reference\all\LTE-CELL-LIST001.xml" to destination"E:\tis\output\LTE-CELL-LIST001.xml".
2022-04-20 21:19:24,906 - copy_file - INFO - Successfully copied pathname "E:\tis\reference\all\NETWORK-LIST001.xml" to destination"E:\tis\output\NETWORK-LIST001.xml".
2022-04-20 21:19:26,950 - copy_file - INFO - Successfully copied pathname "E:\tis\reference\all\PROPERTY-LIST001.xml" to destination"E:\tis\output\PROPERTY-LIST001.xml".
2022-04-20 21:19:26,950 - copy_file - INFO - Successfully copied pathname "E:\tis\reference\all\REPEATER-LIST001.xml" to destination"E:\tis\output\REPEATER-LIST001.xml".
2022-04-20 21:19:26,950 - copy_file - INFO - Successfully copied pathname "E:\tis\reference\all\SUPPLIER-LIST001.xml" to destination"E:\tis\output\SUPPLIER-LIST001.xml".
2022-04-20 21:19:28,338 - copy_file - INFO - Successfully copied pathname "E:\tis\reference\all\ANTENNA-LIST001.xml" to destination"E:\tis\output\ANTENNA-LIST001.xml".
2022-04-20 21:19:28,338 - copy_file - INFO - Successfully copied pathname "E:\tis\reference\all\CAR-LAYER-LIST001.xml" to destination"E:\tis\output\CAR-LAYER-LIST001.xml".
2022-04-20 21:19:28,479 - copy_file - INFO - Successfully copied pathname "E:\tis\reference\nodes\2g\MU-NODE-LIST001.xml" to destination"E:\tis\output\MU-NODE-2G-LIST001.xml".
2022-04-20 21:19:28,728 - copy_file - INFO - Successfully copied pathname "E:\tis\reference\nodes\3g\MU-NODE-LIST001.xml" to destination"E:\tis\output\MU-NODE-3G-LIST001.xml".
2022-04-20 21:19:28,853 - copy_file - INFO - Successfully copied pathname "E:\tis\reference\nodes\4g\MU-NODE-LIST001.xml" to destination"E:\tis\output\MU-NODE-4G-LIST001.xml".
2022-04-20 21:19:28,853 - root - INFO - Done.
2022-04-20 21:19:29,103 - paramiko.transport - INFO - Connected (version 2.0, client OpenSSH_5.8)
2022-04-20 21:19:29,212 - paramiko.transport - INFO - Authentication (publickey) successful!
2022-04-20 21:19:29,618 - paramiko.transport.sftp - INFO - [chan 0] Opened sftp connection (server version 3)
2022-04-20 21:19:29,618 - root - INFO - Seding files to satisfaction...
2022-04-20 21:22:05,657 - root - INFO - Done.
2022-04-20 21:22:05,657 - root - INFO - Archiving and compressing REFERENCE data...
2022-04-20 21:23:01,492 - root - INFO - Copying the log at this point...
2022-04-20 21:23:01,492 - copy_file - INFO - Successfully copied pathname "E:\tis\logs\python_20220420190003.log" to destination"E:\tis\logs\tis_20220420190003\python_20220420190003.log".
2022-04-20 21:23:01,492 - root - INFO - Archiving and compressing logs...
2022-04-20 21:23:01,539 - remove - INFO - Successfully removed path-prefix "E:\tis\logs\tis_20220420190003".
2022-04-20 21:23:01,617 - root - INFO - Authoring admin email template...
2022-04-20 21:23:01,633 - paramiko.transport - INFO - Connected (version 2.0, client Sun_SSH_2.0)
2022-04-20 21:23:03,146 - paramiko.transport - INFO - Authentication (publickey) successful!
2022-04-20 21:23:03,177 - paramiko.transport.sftp - INFO - [chan 0] Opened sftp connection (server version 3)
2022-04-20 21:23:03,177 - root - INFO - Seding files to freetown...
2022-04-20 21:23:03,770 - root - INFO - Done.
