2022-04-24 19:00:03,507 - root - INFO - Logging enabled.
2022-04-24 19:00:03,538 - root - INFO - The script was executed from "tis.py", located in the     path-prefix "E:\tis" on the machine "MSEKIMW778P".
2022-04-24 19:00:03,741 - root - INFO - Exporting region A.
2022-04-24 19:00:03,757 - root - INFO - Removing exported data...
2022-04-24 19:00:03,757 - remove - INFO - Successfully removed pathname "E:\tis\regions\a\property\INDEX001.xml".
2022-04-24 19:00:03,757 - remove - INFO - Successfully removed pathname "E:\tis\regions\a\property\PROPERTY-LIST001.xml".
2022-04-24 19:00:03,772 - remove - INFO - Successfully removed pathname "E:\tis\regions\a\2g\GSM-CELL-LIST001.xml".
2022-04-24 19:00:03,772 - remove - INFO - Successfully removed pathname "E:\tis\regions\a\2g\INDEX001.xml".
2022-04-24 19:00:03,772 - remove - INFO - Successfully removed pathname "E:\tis\regions\a\2g\MU-NODE-LIST001.xml".
2022-04-24 19:00:03,772 - remove - INFO - Successfully removed pathname "E:\tis\regions\a\3g\INDEX001.xml".
2022-04-24 19:00:03,772 - remove - INFO - Successfully removed pathname "E:\tis\regions\a\3g\MU-NODE-LIST001.xml".
2022-04-24 19:00:03,772 - remove - INFO - Successfully removed pathname "E:\tis\regions\a\3g\NETWORK-LIST001.xml".
2022-04-24 19:00:03,772 - remove - INFO - Successfully removed pathname "E:\tis\regions\a\3g\UMTS-CELL-LIST001.xml".
2022-04-24 19:00:03,772 - remove - INFO - Successfully removed pathname "E:\tis\regions\a\4g\INDEX001.xml".
2022-04-24 19:00:03,788 - remove - INFO - Successfully removed pathname "E:\tis\regions\a\4g\LTE-CELL-LIST001.xml".
2022-04-24 19:00:03,788 - remove - INFO - Successfully removed pathname "E:\tis\regions\a\4g\MU-NODE-LIST001.xml".
2022-04-24 19:00:03,788 - remove - INFO - Successfully removed pathname "E:\tis\regions\a\repeater\INDEX001.xml".
2022-04-24 19:00:03,788 - remove - INFO - Successfully removed pathname "E:\tis\regions\a\repeater\REPEATER-LIST001.xml".
2022-04-24 19:00:03,788 - root - INFO - Exporting data...
2022-04-24 19:00:03,788 - dbcmd - INFO - Removing old dbcmd log files...
2022-04-24 19:00:03,804 - remove - INFO - Successfully removed pathname "E:\tis\regions\a_2022-04-23_19-00-04.log".
2022-04-24 19:00:03,804 - dbcmd - INFO - Executing dbcmd...
2022-04-24 19:04:21,370 - dbcmd - INFO - Checking log file "E:\tis\regions\a_2022-04-24_19-00-04.log"...
2022-04-24 19:04:21,401 - copy_file - INFO - Successfully copied pathname "E:\tis\regions\a_2022-04-24_19-00-04.log" to destination"E:\tis\logs\tis_20220424190003\a_2022-04-24_19-00-04.log".
2022-04-24 19:04:21,807 - root - INFO - Done.
2022-04-24 19:04:21,807 - root - INFO - Exporting region BFW.
2022-04-24 19:04:21,807 - root - INFO - Removing exported data...
2022-04-24 19:04:21,807 - remove - INFO - Successfully removed pathname "E:\tis\regions\bfw\property\INDEX001.xml".
2022-04-24 19:04:21,822 - remove - INFO - Successfully removed pathname "E:\tis\regions\bfw\property\PROPERTY-LIST001.xml".
2022-04-24 19:04:21,822 - remove - INFO - Successfully removed pathname "E:\tis\regions\bfw\2g\GSM-CELL-LIST001.xml".
2022-04-24 19:04:21,822 - remove - INFO - Successfully removed pathname "E:\tis\regions\bfw\2g\INDEX001.xml".
2022-04-24 19:04:21,822 - remove - INFO - Successfully removed pathname "E:\tis\regions\bfw\2g\MU-NODE-LIST001.xml".
2022-04-24 19:04:21,822 - remove - INFO - Successfully removed pathname "E:\tis\regions\bfw\3g\INDEX001.xml".
2022-04-24 19:04:21,838 - remove - INFO - Successfully removed pathname "E:\tis\regions\bfw\3g\MU-NODE-LIST001.xml".
2022-04-24 19:04:21,838 - remove - INFO - Successfully removed pathname "E:\tis\regions\bfw\3g\NETWORK-LIST001.xml".
2022-04-24 19:04:21,838 - remove - INFO - Successfully removed pathname "E:\tis\regions\bfw\3g\UMTS-CELL-LIST001.xml".
2022-04-24 19:04:21,838 - remove - INFO - Successfully removed pathname "E:\tis\regions\bfw\4g\INDEX001.xml".
2022-04-24 19:04:21,853 - remove - INFO - Successfully removed pathname "E:\tis\regions\bfw\4g\LTE-CELL-LIST001.xml".
2022-04-24 19:04:21,853 - remove - INFO - Successfully removed pathname "E:\tis\regions\bfw\4g\MU-NODE-LIST001.xml".
2022-04-24 19:04:21,853 - remove - INFO - Successfully removed pathname "E:\tis\regions\bfw\repeater\INDEX001.xml".
2022-04-24 19:04:21,853 - remove - INFO - Successfully removed pathname "E:\tis\regions\bfw\repeater\REPEATER-LIST001.xml".
2022-04-24 19:04:21,853 - root - INFO - Exporting data...
2022-04-24 19:04:21,853 - dbcmd - INFO - Removing old dbcmd log files...
2022-04-24 19:04:21,869 - remove - INFO - Successfully removed pathname "E:\tis\regions\bfw_2022-04-23_19-04-25.log".
2022-04-24 19:04:21,869 - dbcmd - INFO - Executing dbcmd...
2022-04-24 19:09:37,234 - dbcmd - INFO - Checking log file "E:\tis\regions\bfw_2022-04-24_19-04-22.log"...
2022-04-24 19:09:37,249 - copy_file - INFO - Successfully copied pathname "E:\tis\regions\bfw_2022-04-24_19-04-22.log" to destination"E:\tis\logs\tis_20220424190003\bfw_2022-04-24_19-04-22.log".
2022-04-24 19:09:37,873 - root - INFO - Done.
2022-04-24 19:09:37,873 - root - INFO - Exporting region C.
2022-04-24 19:09:37,873 - root - INFO - Removing exported data...
2022-04-24 19:09:37,873 - remove - INFO - Successfully removed pathname "E:\tis\regions\c\property\INDEX001.xml".
2022-04-24 19:09:37,889 - remove - INFO - Successfully removed pathname "E:\tis\regions\c\property\PROPERTY-LIST001.xml".
2022-04-24 19:09:37,889 - remove - INFO - Successfully removed pathname "E:\tis\regions\c\2g\GSM-CELL-LIST001.xml".
2022-04-24 19:09:37,889 - remove - INFO - Successfully removed pathname "E:\tis\regions\c\2g\INDEX001.xml".
2022-04-24 19:09:37,889 - remove - INFO - Successfully removed pathname "E:\tis\regions\c\2g\MU-NODE-LIST001.xml".
2022-04-24 19:09:37,889 - remove - INFO - Successfully removed pathname "E:\tis\regions\c\3g\INDEX001.xml".
2022-04-24 19:09:37,889 - remove - INFO - Successfully removed pathname "E:\tis\regions\c\3g\MU-NODE-LIST001.xml".
2022-04-24 19:09:37,889 - remove - INFO - Successfully removed pathname "E:\tis\regions\c\3g\NETWORK-LIST001.xml".
2022-04-24 19:09:37,889 - remove - INFO - Successfully removed pathname "E:\tis\regions\c\3g\UMTS-CELL-LIST001.xml".
2022-04-24 19:09:37,889 - remove - INFO - Successfully removed pathname "E:\tis\regions\c\4g\INDEX001.xml".
2022-04-24 19:09:37,904 - remove - INFO - Successfully removed pathname "E:\tis\regions\c\4g\LTE-CELL-LIST001.xml".
2022-04-24 19:09:37,904 - remove - INFO - Successfully removed pathname "E:\tis\regions\c\4g\MU-NODE-LIST001.xml".
2022-04-24 19:09:37,904 - remove - INFO - Successfully removed pathname "E:\tis\regions\c\repeater\INDEX001.xml".
2022-04-24 19:09:37,904 - remove - INFO - Successfully removed pathname "E:\tis\regions\c\repeater\REPEATER-LIST001.xml".
2022-04-24 19:09:37,904 - root - INFO - Exporting data...
2022-04-24 19:09:37,904 - dbcmd - INFO - Removing old dbcmd log files...
2022-04-24 19:09:37,904 - remove - INFO - Successfully removed pathname "E:\tis\regions\c_2022-04-23_19-09-30.log".
2022-04-24 19:09:37,904 - dbcmd - INFO - Executing dbcmd...
2022-04-24 19:13:09,837 - dbcmd - INFO - Checking log file "E:\tis\regions\c_2022-04-24_19-09-38.log"...
2022-04-24 19:13:09,853 - copy_file - INFO - Successfully copied pathname "E:\tis\regions\c_2022-04-24_19-09-38.log" to destination"E:\tis\logs\tis_20220424190003\c_2022-04-24_19-09-38.log".
2022-04-24 19:13:10,056 - root - INFO - Done.
2022-04-24 19:13:10,056 - root - INFO - Exporting region G.
2022-04-24 19:13:10,056 - root - INFO - Removing exported data...
2022-04-24 19:13:10,071 - remove - INFO - Successfully removed pathname "E:\tis\regions\g\property\INDEX001.xml".
2022-04-24 19:13:10,071 - remove - INFO - Successfully removed pathname "E:\tis\regions\g\property\PROPERTY-LIST001.xml".
2022-04-24 19:13:10,071 - remove - INFO - Successfully removed pathname "E:\tis\regions\g\2g\GSM-CELL-LIST001.xml".
2022-04-24 19:13:10,071 - remove - INFO - Successfully removed pathname "E:\tis\regions\g\2g\INDEX001.xml".
2022-04-24 19:13:10,071 - remove - INFO - Successfully removed pathname "E:\tis\regions\g\2g\MU-NODE-LIST001.xml".
2022-04-24 19:13:10,071 - remove - INFO - Successfully removed pathname "E:\tis\regions\g\3g\INDEX001.xml".
2022-04-24 19:13:10,071 - remove - INFO - Successfully removed pathname "E:\tis\regions\g\3g\MU-NODE-LIST001.xml".
2022-04-24 19:13:10,071 - remove - INFO - Successfully removed pathname "E:\tis\regions\g\3g\NETWORK-LIST001.xml".
2022-04-24 19:13:10,071 - remove - INFO - Successfully removed pathname "E:\tis\regions\g\3g\UMTS-CELL-LIST001.xml".
2022-04-24 19:13:10,087 - remove - INFO - Successfully removed pathname "E:\tis\regions\g\4g\INDEX001.xml".
2022-04-24 19:13:10,087 - remove - INFO - Successfully removed pathname "E:\tis\regions\g\4g\LTE-CELL-LIST001.xml".
2022-04-24 19:13:10,087 - remove - INFO - Successfully removed pathname "E:\tis\regions\g\4g\MU-NODE-LIST001.xml".
2022-04-24 19:13:10,087 - remove - INFO - Successfully removed pathname "E:\tis\regions\g\repeater\INDEX001.xml".
2022-04-24 19:13:10,087 - remove - INFO - Successfully removed pathname "E:\tis\regions\g\repeater\REPEATER-LIST001.xml".
2022-04-24 19:13:10,087 - root - INFO - Exporting data...
2022-04-24 19:13:10,087 - dbcmd - INFO - Removing old dbcmd log files...
2022-04-24 19:13:10,087 - remove - INFO - Successfully removed pathname "E:\tis\regions\g_2022-04-23_19-12-46.log".
2022-04-24 19:13:10,087 - dbcmd - INFO - Executing dbcmd...
2022-04-24 19:15:56,404 - dbcmd - INFO - Checking log file "E:\tis\regions\g_2022-04-24_19-13-10.log"...
2022-04-24 19:15:56,419 - copy_file - INFO - Successfully copied pathname "E:\tis\regions\g_2022-04-24_19-13-10.log" to destination"E:\tis\logs\tis_20220424190003\g_2022-04-24_19-13-10.log".
2022-04-24 19:15:56,575 - root - INFO - Done.
2022-04-24 19:15:56,575 - root - INFO - Exporting region H.
2022-04-24 19:15:56,575 - root - INFO - Removing exported data...
2022-04-24 19:15:56,575 - remove - INFO - Successfully removed pathname "E:\tis\regions\h\property\INDEX001.xml".
2022-04-24 19:15:56,575 - remove - INFO - Successfully removed pathname "E:\tis\regions\h\property\PROPERTY-LIST001.xml".
2022-04-24 19:15:56,575 - remove - INFO - Successfully removed pathname "E:\tis\regions\h\2g\GSM-CELL-LIST001.xml".
2022-04-24 19:15:56,575 - remove - INFO - Successfully removed pathname "E:\tis\regions\h\2g\INDEX001.xml".
2022-04-24 19:15:56,575 - remove - INFO - Successfully removed pathname "E:\tis\regions\h\2g\MU-NODE-LIST001.xml".
2022-04-24 19:15:56,591 - remove - INFO - Successfully removed pathname "E:\tis\regions\h\3g\INDEX001.xml".
2022-04-24 19:15:56,591 - remove - INFO - Successfully removed pathname "E:\tis\regions\h\3g\MU-NODE-LIST001.xml".
2022-04-24 19:15:56,591 - remove - INFO - Successfully removed pathname "E:\tis\regions\h\3g\NETWORK-LIST001.xml".
2022-04-24 19:15:56,591 - remove - INFO - Successfully removed pathname "E:\tis\regions\h\3g\UMTS-CELL-LIST001.xml".
2022-04-24 19:15:56,591 - remove - INFO - Successfully removed pathname "E:\tis\regions\h\4g\INDEX001.xml".
2022-04-24 19:15:56,591 - remove - INFO - Successfully removed pathname "E:\tis\regions\h\4g\LTE-CELL-LIST001.xml".
2022-04-24 19:15:56,591 - remove - INFO - Successfully removed pathname "E:\tis\regions\h\4g\MU-NODE-LIST001.xml".
2022-04-24 19:15:56,591 - remove - INFO - Successfully removed pathname "E:\tis\regions\h\repeater\INDEX001.xml".
2022-04-24 19:15:56,591 - remove - INFO - Successfully removed pathname "E:\tis\regions\h\repeater\REPEATER-LIST001.xml".
2022-04-24 19:15:56,591 - root - INFO - Exporting data...
2022-04-24 19:15:56,606 - dbcmd - INFO - Removing old dbcmd log files...
2022-04-24 19:15:56,606 - remove - INFO - Successfully removed pathname "E:\tis\regions\h_2022-04-23_19-16-21.log".
2022-04-24 19:15:56,606 - dbcmd - INFO - Executing dbcmd...
2022-04-24 19:18:31,753 - dbcmd - INFO - Checking log file "E:\tis\regions\h_2022-04-24_19-15-56.log"...
2022-04-24 19:18:31,785 - copy_file - INFO - Successfully copied pathname "E:\tis\regions\h_2022-04-24_19-15-56.log" to destination"E:\tis\logs\tis_20220424190003\h_2022-04-24_19-15-56.log".
2022-04-24 19:18:31,925 - root - INFO - Done.
2022-04-24 19:18:31,925 - root - INFO - Exporting region L.
2022-04-24 19:18:31,925 - root - INFO - Removing exported data...
2022-04-24 19:18:31,925 - remove - INFO - Successfully removed pathname "E:\tis\regions\l\property\INDEX001.xml".
2022-04-24 19:18:31,925 - remove - INFO - Successfully removed pathname "E:\tis\regions\l\property\PROPERTY-LIST001.xml".
2022-04-24 19:18:31,925 - remove - INFO - Successfully removed pathname "E:\tis\regions\l\2g\GSM-CELL-LIST001.xml".
2022-04-24 19:18:31,925 - remove - INFO - Successfully removed pathname "E:\tis\regions\l\2g\INDEX001.xml".
2022-04-24 19:18:31,925 - remove - INFO - Successfully removed pathname "E:\tis\regions\l\2g\MU-NODE-LIST001.xml".
2022-04-24 19:18:31,941 - remove - INFO - Successfully removed pathname "E:\tis\regions\l\3g\INDEX001.xml".
2022-04-24 19:18:31,941 - remove - INFO - Successfully removed pathname "E:\tis\regions\l\3g\MU-NODE-LIST001.xml".
2022-04-24 19:18:31,941 - remove - INFO - Successfully removed pathname "E:\tis\regions\l\3g\NETWORK-LIST001.xml".
2022-04-24 19:18:31,941 - remove - INFO - Successfully removed pathname "E:\tis\regions\l\3g\UMTS-CELL-LIST001.xml".
2022-04-24 19:18:31,941 - remove - INFO - Successfully removed pathname "E:\tis\regions\l\4g\INDEX001.xml".
2022-04-24 19:18:31,941 - remove - INFO - Successfully removed pathname "E:\tis\regions\l\4g\LTE-CELL-LIST001.xml".
2022-04-24 19:18:31,941 - remove - INFO - Successfully removed pathname "E:\tis\regions\l\4g\MU-NODE-LIST001.xml".
2022-04-24 19:18:31,941 - remove - INFO - Successfully removed pathname "E:\tis\regions\l\repeater\INDEX001.xml".
2022-04-24 19:18:31,941 - remove - INFO - Successfully removed pathname "E:\tis\regions\l\repeater\REPEATER-LIST001.xml".
2022-04-24 19:18:31,941 - root - INFO - Exporting data...
2022-04-24 19:18:31,956 - dbcmd - INFO - Removing old dbcmd log files...
2022-04-24 19:18:31,956 - remove - INFO - Successfully removed pathname "E:\tis\regions\l_2022-04-23_19-19-02.log".
2022-04-24 19:18:31,956 - dbcmd - INFO - Executing dbcmd...
2022-04-24 19:22:02,001 - dbcmd - INFO - Checking log file "E:\tis\regions\l_2022-04-24_19-18-32.log"...
2022-04-24 19:22:02,017 - copy_file - INFO - Successfully copied pathname "E:\tis\regions\l_2022-04-24_19-18-32.log" to destination"E:\tis\logs\tis_20220424190003\l_2022-04-24_19-18-32.log".
2022-04-24 19:22:02,189 - root - INFO - Done.
2022-04-24 19:22:02,189 - root - INFO - Exporting region NR.
2022-04-24 19:22:02,189 - root - INFO - Removing exported data...
2022-04-24 19:22:02,189 - remove - INFO - Successfully removed pathname "E:\tis\regions\nr\property\INDEX001.xml".
2022-04-24 19:22:02,189 - remove - INFO - Successfully removed pathname "E:\tis\regions\nr\property\PROPERTY-LIST001.xml".
2022-04-24 19:22:02,189 - remove - INFO - Successfully removed pathname "E:\tis\regions\nr\2g\GSM-CELL-LIST001.xml".
2022-04-24 19:22:02,204 - remove - INFO - Successfully removed pathname "E:\tis\regions\nr\2g\INDEX001.xml".
2022-04-24 19:22:02,204 - remove - INFO - Successfully removed pathname "E:\tis\regions\nr\2g\MU-NODE-LIST001.xml".
2022-04-24 19:22:02,204 - remove - INFO - Successfully removed pathname "E:\tis\regions\nr\3g\INDEX001.xml".
2022-04-24 19:22:02,204 - remove - INFO - Successfully removed pathname "E:\tis\regions\nr\3g\MU-NODE-LIST001.xml".
2022-04-24 19:22:02,204 - remove - INFO - Successfully removed pathname "E:\tis\regions\nr\3g\NETWORK-LIST001.xml".
2022-04-24 19:22:02,204 - remove - INFO - Successfully removed pathname "E:\tis\regions\nr\3g\UMTS-CELL-LIST001.xml".
2022-04-24 19:22:02,204 - remove - INFO - Successfully removed pathname "E:\tis\regions\nr\4g\INDEX001.xml".
2022-04-24 19:22:02,204 - remove - INFO - Successfully removed pathname "E:\tis\regions\nr\4g\LTE-CELL-LIST001.xml".
2022-04-24 19:22:02,204 - remove - INFO - Successfully removed pathname "E:\tis\regions\nr\4g\MU-NODE-LIST001.xml".
2022-04-24 19:22:02,204 - remove - INFO - Successfully removed pathname "E:\tis\regions\nr\repeater\INDEX001.xml".
2022-04-24 19:22:02,204 - remove - INFO - Successfully removed pathname "E:\tis\regions\nr\repeater\REPEATER-LIST001.xml".
2022-04-24 19:22:02,220 - root - INFO - Exporting data...
2022-04-24 19:22:02,220 - dbcmd - INFO - Removing old dbcmd log files...
2022-04-24 19:22:02,220 - remove - INFO - Successfully removed pathname "E:\tis\regions\nr_2022-04-23_19-22-13.log".
2022-04-24 19:22:02,220 - dbcmd - INFO - Executing dbcmd...
2022-04-24 19:24:50,627 - dbcmd - INFO - Checking log file "E:\tis\regions\nr_2022-04-24_19-22-02.log"...
2022-04-24 19:24:50,643 - copy_file - INFO - Successfully copied pathname "E:\tis\regions\nr_2022-04-24_19-22-02.log" to destination"E:\tis\logs\tis_20220424190003\nr_2022-04-24_19-22-02.log".
2022-04-24 19:24:50,783 - root - INFO - Done.
2022-04-24 19:24:50,783 - root - INFO - Exporting region O.
2022-04-24 19:24:50,799 - root - INFO - Removing exported data...
2022-04-24 19:24:50,799 - remove - INFO - Successfully removed pathname "E:\tis\regions\o\property\INDEX001.xml".
2022-04-24 19:24:50,799 - remove - INFO - Successfully removed pathname "E:\tis\regions\o\property\PROPERTY-LIST001.xml".
2022-04-24 19:24:50,799 - remove - INFO - Successfully removed pathname "E:\tis\regions\o\2g\GSM-CELL-LIST001.xml".
2022-04-24 19:24:50,799 - remove - INFO - Successfully removed pathname "E:\tis\regions\o\2g\INDEX001.xml".
2022-04-24 19:24:50,799 - remove - INFO - Successfully removed pathname "E:\tis\regions\o\2g\MU-NODE-LIST001.xml".
2022-04-24 19:24:50,799 - remove - INFO - Successfully removed pathname "E:\tis\regions\o\3g\INDEX001.xml".
2022-04-24 19:24:50,815 - remove - INFO - Successfully removed pathname "E:\tis\regions\o\3g\MU-NODE-LIST001.xml".
2022-04-24 19:24:50,815 - remove - INFO - Successfully removed pathname "E:\tis\regions\o\3g\NETWORK-LIST001.xml".
2022-04-24 19:24:50,815 - remove - INFO - Successfully removed pathname "E:\tis\regions\o\3g\UMTS-CELL-LIST001.xml".
2022-04-24 19:24:50,815 - remove - INFO - Successfully removed pathname "E:\tis\regions\o\4g\INDEX001.xml".
2022-04-24 19:24:50,815 - remove - INFO - Successfully removed pathname "E:\tis\regions\o\4g\LTE-CELL-LIST001.xml".
2022-04-24 19:24:50,815 - remove - INFO - Successfully removed pathname "E:\tis\regions\o\4g\MU-NODE-LIST001.xml".
2022-04-24 19:24:50,815 - remove - INFO - Successfully removed pathname "E:\tis\regions\o\repeater\INDEX001.xml".
2022-04-24 19:24:50,815 - remove - INFO - Successfully removed pathname "E:\tis\regions\o\repeater\REPEATER-LIST001.xml".
2022-04-24 19:24:50,815 - root - INFO - Exporting data...
2022-04-24 19:24:50,830 - dbcmd - INFO - Removing old dbcmd log files...
2022-04-24 19:24:50,830 - remove - INFO - Successfully removed pathname "E:\tis\regions\o_2022-04-23_19-25-07.log".
2022-04-24 19:24:50,830 - dbcmd - INFO - Executing dbcmd...
2022-04-24 19:27:30,039 - dbcmd - INFO - Checking log file "E:\tis\regions\o_2022-04-24_19-24-51.log"...
2022-04-24 19:27:30,055 - copy_file - INFO - Successfully copied pathname "E:\tis\regions\o_2022-04-24_19-24-51.log" to destination"E:\tis\logs\tis_20220424190003\o_2022-04-24_19-24-51.log".
2022-04-24 19:27:30,149 - root - INFO - Done.
2022-04-24 19:27:30,149 - root - INFO - Importing data to reference...
2022-04-24 19:27:30,149 - dbcmd - INFO - Removing old dbcmd log files...
2022-04-24 19:27:30,149 - remove - INFO - Successfully removed pathname "E:\tis\regions\reference_2022-04-23_19-28-15.log".
2022-04-24 19:27:30,149 - dbcmd - INFO - Executing dbcmd...
2022-04-24 22:18:29,421 - dbcmd - INFO - Checking log file "E:\tis\regions\reference_2022-04-24_19-27-30.log"...
2022-04-24 22:18:29,827 - copy_file - INFO - Successfully copied pathname "E:\tis\regions\reference_2022-04-24_19-27-30.log" to destination"E:\tis\logs\tis_20220424190003\reference_2022-04-24_19-27-30.log".
2022-04-24 22:18:29,827 - root - INFO - Done.
2022-04-24 22:18:29,827 - root - INFO - Removing reference exported data...
2022-04-24 22:18:29,842 - remove - INFO - Successfully removed pathname "E:\tis\reference\a\GSM-CELL-LIST001.xml".
2022-04-24 22:18:29,842 - remove - INFO - Successfully removed pathname "E:\tis\reference\a\INDEX001.xml".
2022-04-24 22:18:29,842 - remove - INFO - Successfully removed pathname "E:\tis\reference\a\UMTS-CELL-LIST001.xml".
2022-04-24 22:18:29,842 - remove - INFO - Successfully removed pathname "E:\tis\reference\b\GSM-CELL-LIST001.xml".
2022-04-24 22:18:29,842 - remove - INFO - Successfully removed pathname "E:\tis\reference\b\INDEX001.xml".
2022-04-24 22:18:29,858 - remove - INFO - Successfully removed pathname "E:\tis\reference\b\UMTS-CELL-LIST001.xml".
2022-04-24 22:18:29,858 - remove - INFO - Successfully removed pathname "E:\tis\reference\c\GSM-CELL-LIST001.xml".
2022-04-24 22:18:29,858 - remove - INFO - Successfully removed pathname "E:\tis\reference\c\INDEX001.xml".
2022-04-24 22:18:29,858 - remove - INFO - Successfully removed pathname "E:\tis\reference\c\UMTS-CELL-LIST001.xml".
2022-04-24 22:18:29,858 - remove - INFO - Successfully removed pathname "E:\tis\reference\f\GSM-CELL-LIST001.xml".
2022-04-24 22:18:29,858 - remove - INFO - Successfully removed pathname "E:\tis\reference\f\INDEX001.xml".
2022-04-24 22:18:29,873 - remove - INFO - Successfully removed pathname "E:\tis\reference\f\UMTS-CELL-LIST001.xml".
2022-04-24 22:18:29,873 - remove - INFO - Successfully removed pathname "E:\tis\reference\g\GSM-CELL-LIST001.xml".
2022-04-24 22:18:29,873 - remove - INFO - Successfully removed pathname "E:\tis\reference\g\INDEX001.xml".
2022-04-24 22:18:29,873 - remove - INFO - Successfully removed pathname "E:\tis\reference\g\UMTS-CELL-LIST001.xml".
2022-04-24 22:18:29,873 - remove - INFO - Successfully removed pathname "E:\tis\reference\h\GSM-CELL-LIST001.xml".
2022-04-24 22:18:29,873 - remove - INFO - Successfully removed pathname "E:\tis\reference\h\INDEX001.xml".
2022-04-24 22:18:29,873 - remove - INFO - Successfully removed pathname "E:\tis\reference\h\UMTS-CELL-LIST001.xml".
2022-04-24 22:18:29,889 - remove - INFO - Successfully removed pathname "E:\tis\reference\l\GSM-CELL-LIST001.xml".
2022-04-24 22:18:29,889 - remove - INFO - Successfully removed pathname "E:\tis\reference\l\INDEX001.xml".
2022-04-24 22:18:29,889 - remove - INFO - Successfully removed pathname "E:\tis\reference\l\UMTS-CELL-LIST001.xml".
2022-04-24 22:18:29,889 - remove - INFO - Successfully removed pathname "E:\tis\reference\m\GSM-CELL-LIST001.xml".
2022-04-24 22:18:29,889 - remove - INFO - Successfully removed pathname "E:\tis\reference\m\INDEX001.xml".
2022-04-24 22:18:29,889 - remove - INFO - Successfully removed pathname "E:\tis\reference\m\UMTS-CELL-LIST001.xml".
2022-04-24 22:18:29,889 - remove - INFO - Successfully removed pathname "E:\tis\reference\n\GSM-CELL-LIST001.xml".
2022-04-24 22:18:29,889 - remove - INFO - Successfully removed pathname "E:\tis\reference\n\INDEX001.xml".
2022-04-24 22:18:29,889 - remove - INFO - Successfully removed pathname "E:\tis\reference\n\UMTS-CELL-LIST001.xml".
2022-04-24 22:18:29,889 - remove - INFO - Successfully removed pathname "E:\tis\reference\o\GSM-CELL-LIST001.xml".
2022-04-24 22:18:29,889 - remove - INFO - Successfully removed pathname "E:\tis\reference\o\INDEX001.xml".
2022-04-24 22:18:29,905 - remove - INFO - Successfully removed pathname "E:\tis\reference\o\UMTS-CELL-LIST001.xml".
2022-04-24 22:18:29,905 - remove - INFO - Successfully removed pathname "E:\tis\reference\r\GSM-CELL-LIST001.xml".
2022-04-24 22:18:29,905 - remove - INFO - Successfully removed pathname "E:\tis\reference\r\INDEX001.xml".
2022-04-24 22:18:29,905 - remove - INFO - Successfully removed pathname "E:\tis\reference\r\UMTS-CELL-LIST001.xml".
2022-04-24 22:18:29,905 - remove - INFO - Successfully removed pathname "E:\tis\reference\w\GSM-CELL-LIST001.xml".
2022-04-24 22:18:29,905 - remove - INFO - Successfully removed pathname "E:\tis\reference\w\INDEX001.xml".
2022-04-24 22:18:29,905 - remove - INFO - Successfully removed pathname "E:\tis\reference\w\UMTS-CELL-LIST001.xml".
2022-04-24 22:18:29,967 - remove - INFO - Successfully removed pathname "E:\tis\reference\all\ANTENNA-LIST001.xml".
2022-04-24 22:18:29,967 - remove - INFO - Successfully removed pathname "E:\tis\reference\all\CAR-LAYER-LIST001.xml".
2022-04-24 22:18:29,967 - remove - INFO - Successfully removed pathname "E:\tis\reference\all\INDEX001.xml".
2022-04-24 22:18:30,014 - remove - INFO - Successfully removed pathname "E:\tis\reference\all\LTE-CELL-LIST001.xml".
2022-04-24 22:18:30,014 - remove - INFO - Successfully removed pathname "E:\tis\reference\all\NETWORK-LIST001.xml".
2022-04-24 22:18:30,092 - remove - INFO - Successfully removed pathname "E:\tis\reference\all\PROPERTY-LIST001.xml".
2022-04-24 22:18:30,092 - remove - INFO - Successfully removed pathname "E:\tis\reference\all\REPEATER-LIST001.xml".
2022-04-24 22:18:30,092 - remove - INFO - Successfully removed pathname "E:\tis\reference\all\SUPPLIER-LIST001.xml".
2022-04-24 22:18:30,092 - remove - INFO - Successfully removed pathname "E:\tis\reference\nodes\2g\INDEX001.xml".
2022-04-24 22:18:30,092 - remove - INFO - Successfully removed pathname "E:\tis\reference\nodes\2g\MU-NODE-LIST001.xml".
2022-04-24 22:18:30,092 - remove - INFO - Successfully removed pathname "E:\tis\reference\nodes\3g\INDEX001.xml".
2022-04-24 22:18:30,092 - remove - INFO - Successfully removed pathname "E:\tis\reference\nodes\3g\MU-NODE-LIST001.xml".
2022-04-24 22:18:30,092 - remove - INFO - Successfully removed pathname "E:\tis\reference\nodes\4g\INDEX001.xml".
2022-04-24 22:18:30,107 - remove - INFO - Successfully removed pathname "E:\tis\reference\nodes\4g\MU-NODE-LIST001.xml".
2022-04-24 22:18:30,107 - root - INFO - Exporting reference data...
2022-04-24 22:18:30,107 - dbcmd - INFO - Removing old dbcmd log files...
2022-04-24 22:18:30,107 - remove - INFO - Successfully removed pathname "E:\tis\reference\export_2022-04-23_23-29-55.log".
2022-04-24 22:18:30,107 - dbcmd - INFO - Executing dbcmd...
2022-04-24 22:37:42,059 - dbcmd - INFO - Checking log file "E:\tis\reference\export_2022-04-24_22-18-30.log"...
2022-04-24 22:37:42,090 - copy_file - INFO - Successfully copied pathname "E:\tis\reference\export_2022-04-24_22-18-30.log" to destination"E:\tis\logs\tis_20220424190003\export_2022-04-24_22-18-30.log".
2022-04-24 22:37:42,090 - root - INFO - Done.
2022-04-24 22:37:42,090 - root - INFO - Removing processed files...
2022-04-24 22:37:42,230 - remove - INFO - Successfully removed pathname "E:\tis\output\ANTENNA-LIST001.xml".
2022-04-24 22:37:42,230 - remove - INFO - Successfully removed pathname "E:\tis\output\CAR-LAYER-LIST001.xml".
2022-04-24 22:37:42,230 - remove - INFO - Successfully removed pathname "E:\tis\output\GSM-CELL-A-LIST001.xml".
2022-04-24 22:37:42,230 - remove - INFO - Successfully removed pathname "E:\tis\output\GSM-CELL-B-LIST001.xml".
2022-04-24 22:37:42,246 - remove - INFO - Successfully removed pathname "E:\tis\output\GSM-CELL-C-LIST001.xml".
2022-04-24 22:37:42,246 - remove - INFO - Successfully removed pathname "E:\tis\output\GSM-CELL-F-LIST001.xml".
2022-04-24 22:37:42,246 - remove - INFO - Successfully removed pathname "E:\tis\output\GSM-CELL-G-LIST001.xml".
2022-04-24 22:37:42,246 - remove - INFO - Successfully removed pathname "E:\tis\output\GSM-CELL-H-LIST001.xml".
2022-04-24 22:37:42,261 - remove - INFO - Successfully removed pathname "E:\tis\output\GSM-CELL-L-LIST001.xml".
2022-04-24 22:37:42,261 - remove - INFO - Successfully removed pathname "E:\tis\output\GSM-CELL-M-LIST001.xml".
2022-04-24 22:37:42,261 - remove - INFO - Successfully removed pathname "E:\tis\output\GSM-CELL-N-LIST001.xml".
2022-04-24 22:37:42,261 - remove - INFO - Successfully removed pathname "E:\tis\output\GSM-CELL-O-LIST001.xml".
2022-04-24 22:37:42,277 - remove - INFO - Successfully removed pathname "E:\tis\output\GSM-CELL-R-LIST001.xml".
2022-04-24 22:37:42,277 - remove - INFO - Successfully removed pathname "E:\tis\output\GSM-CELL-W-LIST001.xml".
2022-04-24 22:37:42,355 - remove - INFO - Successfully removed pathname "E:\tis\output\LTE-CELL-LIST001.xml".
2022-04-24 22:37:42,371 - remove - INFO - Successfully removed pathname "E:\tis\output\MU-NODE-2G-LIST001.xml".
2022-04-24 22:37:42,371 - remove - INFO - Successfully removed pathname "E:\tis\output\MU-NODE-3G-LIST001.xml".
2022-04-24 22:37:42,386 - remove - INFO - Successfully removed pathname "E:\tis\output\MU-NODE-4G-LIST001.xml".
2022-04-24 22:37:42,386 - remove - INFO - Successfully removed pathname "E:\tis\output\NETWORK-LIST001.xml".
2022-04-24 22:37:42,558 - remove - INFO - Successfully removed pathname "E:\tis\output\PROPERTY-LIST001.xml".
2022-04-24 22:37:42,558 - remove - INFO - Successfully removed pathname "E:\tis\output\REPEATER-LIST001.xml".
2022-04-24 22:37:42,558 - remove - INFO - Successfully removed pathname "E:\tis\output\SUPPLIER-LIST001.xml".
2022-04-24 22:37:42,558 - remove - INFO - Successfully removed pathname "E:\tis\output\UMTS-CELL-A-LIST001.xml".
2022-04-24 22:37:42,573 - remove - INFO - Successfully removed pathname "E:\tis\output\UMTS-CELL-B-LIST001.xml".
2022-04-24 22:37:42,589 - remove - INFO - Successfully removed pathname "E:\tis\output\UMTS-CELL-C-LIST001.xml".
2022-04-24 22:37:42,589 - remove - INFO - Successfully removed pathname "E:\tis\output\UMTS-CELL-F-LIST001.xml".
2022-04-24 22:37:42,605 - remove - INFO - Successfully removed pathname "E:\tis\output\UMTS-CELL-G-LIST001.xml".
2022-04-24 22:37:42,605 - remove - INFO - Successfully removed pathname "E:\tis\output\UMTS-CELL-H-LIST001.xml".
2022-04-24 22:37:42,620 - remove - INFO - Successfully removed pathname "E:\tis\output\UMTS-CELL-L-LIST001.xml".
2022-04-24 22:37:42,620 - remove - INFO - Successfully removed pathname "E:\tis\output\UMTS-CELL-M-LIST001.xml".
2022-04-24 22:37:42,620 - remove - INFO - Successfully removed pathname "E:\tis\output\UMTS-CELL-N-LIST001.xml".
2022-04-24 22:37:42,636 - remove - INFO - Successfully removed pathname "E:\tis\output\UMTS-CELL-O-LIST001.xml".
2022-04-24 22:37:42,636 - remove - INFO - Successfully removed pathname "E:\tis\output\UMTS-CELL-R-LIST001.xml".
2022-04-24 22:37:42,636 - remove - INFO - Successfully removed pathname "E:\tis\output\UMTS-CELL-W-LIST001.xml".
2022-04-24 22:37:42,651 - root - INFO - Done.
2022-04-24 22:37:42,651 - root - INFO - Processing files...
2022-04-24 22:37:42,761 - copy_file - INFO - Successfully copied pathname "E:\tis\reference\a\GSM-CELL-LIST001.xml" to destination"E:\tis\output\GSM-CELL-A-LIST001.xml".
2022-04-24 22:37:42,901 - copy_file - INFO - Successfully copied pathname "E:\tis\reference\a\UMTS-CELL-LIST001.xml" to destination"E:\tis\output\UMTS-CELL-A-LIST001.xml".
2022-04-24 22:37:42,948 - copy_file - INFO - Successfully copied pathname "E:\tis\reference\b\GSM-CELL-LIST001.xml" to destination"E:\tis\output\GSM-CELL-B-LIST001.xml".
2022-04-24 22:37:43,057 - copy_file - INFO - Successfully copied pathname "E:\tis\reference\b\UMTS-CELL-LIST001.xml" to destination"E:\tis\output\UMTS-CELL-B-LIST001.xml".
2022-04-24 22:37:43,104 - copy_file - INFO - Successfully copied pathname "E:\tis\reference\c\GSM-CELL-LIST001.xml" to destination"E:\tis\output\GSM-CELL-C-LIST001.xml".
2022-04-24 22:37:43,229 - copy_file - INFO - Successfully copied pathname "E:\tis\reference\c\UMTS-CELL-LIST001.xml" to destination"E:\tis\output\UMTS-CELL-C-LIST001.xml".
2022-04-24 22:37:43,291 - copy_file - INFO - Successfully copied pathname "E:\tis\reference\f\GSM-CELL-LIST001.xml" to destination"E:\tis\output\GSM-CELL-F-LIST001.xml".
2022-04-24 22:37:43,385 - copy_file - INFO - Successfully copied pathname "E:\tis\reference\f\UMTS-CELL-LIST001.xml" to destination"E:\tis\output\UMTS-CELL-F-LIST001.xml".
2022-04-24 22:37:43,431 - copy_file - INFO - Successfully copied pathname "E:\tis\reference\g\GSM-CELL-LIST001.xml" to destination"E:\tis\output\GSM-CELL-G-LIST001.xml".
2022-04-24 22:37:43,525 - copy_file - INFO - Successfully copied pathname "E:\tis\reference\g\UMTS-CELL-LIST001.xml" to destination"E:\tis\output\UMTS-CELL-G-LIST001.xml".
2022-04-24 22:37:43,572 - copy_file - INFO - Successfully copied pathname "E:\tis\reference\h\GSM-CELL-LIST001.xml" to destination"E:\tis\output\GSM-CELL-H-LIST001.xml".
2022-04-24 22:37:43,650 - copy_file - INFO - Successfully copied pathname "E:\tis\reference\h\UMTS-CELL-LIST001.xml" to destination"E:\tis\output\UMTS-CELL-H-LIST001.xml".
2022-04-24 22:37:43,697 - copy_file - INFO - Successfully copied pathname "E:\tis\reference\l\GSM-CELL-LIST001.xml" to destination"E:\tis\output\GSM-CELL-L-LIST001.xml".
2022-04-24 22:37:43,899 - copy_file - INFO - Successfully copied pathname "E:\tis\reference\l\UMTS-CELL-LIST001.xml" to destination"E:\tis\output\UMTS-CELL-L-LIST001.xml".
2022-04-24 22:37:43,915 - copy_file - INFO - Successfully copied pathname "E:\tis\reference\m\GSM-CELL-LIST001.xml" to destination"E:\tis\output\GSM-CELL-M-LIST001.xml".
2022-04-24 22:37:43,931 - copy_file - INFO - Successfully copied pathname "E:\tis\reference\m\UMTS-CELL-LIST001.xml" to destination"E:\tis\output\UMTS-CELL-M-LIST001.xml".
2022-04-24 22:37:43,993 - copy_file - INFO - Successfully copied pathname "E:\tis\reference\n\GSM-CELL-LIST001.xml" to destination"E:\tis\output\GSM-CELL-N-LIST001.xml".
2022-04-24 22:37:44,087 - copy_file - INFO - Successfully copied pathname "E:\tis\reference\n\UMTS-CELL-LIST001.xml" to destination"E:\tis\output\UMTS-CELL-N-LIST001.xml".
2022-04-24 22:37:44,180 - copy_file - INFO - Successfully copied pathname "E:\tis\reference\o\GSM-CELL-LIST001.xml" to destination"E:\tis\output\GSM-CELL-O-LIST001.xml".
2022-04-24 22:37:44,414 - copy_file - INFO - Successfully copied pathname "E:\tis\reference\o\UMTS-CELL-LIST001.xml" to destination"E:\tis\output\UMTS-CELL-O-LIST001.xml".
2022-04-24 22:37:44,477 - copy_file - INFO - Successfully copied pathname "E:\tis\reference\r\GSM-CELL-LIST001.xml" to destination"E:\tis\output\GSM-CELL-R-LIST001.xml".
2022-04-24 22:37:44,539 - copy_file - INFO - Successfully copied pathname "E:\tis\reference\r\UMTS-CELL-LIST001.xml" to destination"E:\tis\output\UMTS-CELL-R-LIST001.xml".
2022-04-24 22:37:44,586 - copy_file - INFO - Successfully copied pathname "E:\tis\reference\w\GSM-CELL-LIST001.xml" to destination"E:\tis\output\GSM-CELL-W-LIST001.xml".
2022-04-24 22:37:44,648 - copy_file - INFO - Successfully copied pathname "E:\tis\reference\w\UMTS-CELL-LIST001.xml" to destination"E:\tis\output\UMTS-CELL-W-LIST001.xml".
2022-04-24 22:37:46,770 - copy_file - INFO - Successfully copied pathname "E:\tis\reference\all\LTE-CELL-LIST001.xml" to destination"E:\tis\output\LTE-CELL-LIST001.xml".
2022-04-24 22:37:46,770 - copy_file - INFO - Successfully copied pathname "E:\tis\reference\all\NETWORK-LIST001.xml" to destination"E:\tis\output\NETWORK-LIST001.xml".
2022-04-24 22:37:49,422 - copy_file - INFO - Successfully copied pathname "E:\tis\reference\all\PROPERTY-LIST001.xml" to destination"E:\tis\output\PROPERTY-LIST001.xml".
2022-04-24 22:37:49,422 - copy_file - INFO - Successfully copied pathname "E:\tis\reference\all\REPEATER-LIST001.xml" to destination"E:\tis\output\REPEATER-LIST001.xml".
2022-04-24 22:37:49,422 - copy_file - INFO - Successfully copied pathname "E:\tis\reference\all\SUPPLIER-LIST001.xml" to destination"E:\tis\output\SUPPLIER-LIST001.xml".
2022-04-24 22:37:50,826 - copy_file - INFO - Successfully copied pathname "E:\tis\reference\all\ANTENNA-LIST001.xml" to destination"E:\tis\output\ANTENNA-LIST001.xml".
2022-04-24 22:37:50,826 - copy_file - INFO - Successfully copied pathname "E:\tis\reference\all\CAR-LAYER-LIST001.xml" to destination"E:\tis\output\CAR-LAYER-LIST001.xml".
2022-04-24 22:37:50,888 - copy_file - INFO - Successfully copied pathname "E:\tis\reference\nodes\2g\MU-NODE-LIST001.xml" to destination"E:\tis\output\MU-NODE-2G-LIST001.xml".
2022-04-24 22:37:50,982 - copy_file - INFO - Successfully copied pathname "E:\tis\reference\nodes\3g\MU-NODE-LIST001.xml" to destination"E:\tis\output\MU-NODE-3G-LIST001.xml".
2022-04-24 22:37:51,029 - copy_file - INFO - Successfully copied pathname "E:\tis\reference\nodes\4g\MU-NODE-LIST001.xml" to destination"E:\tis\output\MU-NODE-4G-LIST001.xml".
2022-04-24 22:37:51,029 - root - INFO - Done.
2022-04-24 22:37:51,372 - paramiko.transport - INFO - Connected (version 2.0, client OpenSSH_5.8)
2022-04-24 22:37:51,497 - paramiko.transport - INFO - Authentication (publickey) successful!
2022-04-24 22:37:51,980 - paramiko.transport.sftp - INFO - [chan 0] Opened sftp connection (server version 3)
2022-04-24 22:37:51,980 - root - INFO - Seding files to satisfaction...
2022-04-24 22:40:41,215 - root - INFO - Done.
2022-04-24 22:40:41,215 - root - INFO - Archiving and compressing REFERENCE data...
2022-04-24 22:41:36,971 - root - INFO - Copying the log at this point...
2022-04-24 22:41:36,986 - copy_file - INFO - Successfully copied pathname "E:\tis\logs\python_20220424190003.log" to destination"E:\tis\logs\tis_20220424190003\python_20220424190003.log".
2022-04-24 22:41:36,986 - root - INFO - Archiving and compressing logs...
2022-04-24 22:41:37,033 - remove - INFO - Successfully removed path-prefix "E:\tis\logs\tis_20220424190003".
2022-04-24 22:41:37,111 - root - INFO - Authoring admin email template...
2022-04-24 22:41:37,127 - paramiko.transport - INFO - Connected (version 2.0, client Sun_SSH_2.0)
2022-04-24 22:41:39,514 - paramiko.transport - INFO - Authentication (publickey) successful!
2022-04-24 22:41:39,592 - paramiko.transport.sftp - INFO - [chan 0] Opened sftp connection (server version 3)
2022-04-24 22:41:39,592 - root - INFO - Seding files to freetown...
2022-04-24 22:41:40,465 - root - INFO - Done.
